Using pre-set license
Built from '2022.3/staging' branch; Version is '2022.3.42f1 (2dcb6a0abc42) revision 3001194'; Using compiler version '192829333'; Build Type 'Release'
OS: 'Windows 11  (10.0.26100) 64bit Core' Language: 'en' Physical Memory: 31900 MB
BatchMode: 1, IsHumanControllingUs: 0, StartBugReporterOnCrash: 0, Is64bit: 1, IsPro: 1

COMMAND LINE ARGUMENTS:
C:\Program Files\Unity\Hub\Editor\2022.3.42f1\Editor\Unity.exe
-adb2
-batchMode
-noUpm
-name
AssetImportWorker22
-projectPath
C:/Users/Isaiah/Unity Projects/Da-372-Shtuff/MAGD 372 Projects
-logFile
Logs/AssetImportWorker22.log
-srvPort
59581
Successfully changed project path to: C:/Users/Isaiah/Unity Projects/Da-372-Shtuff/MAGD 372 Projects
C:/Users/Isaiah/Unity Projects/Da-372-Shtuff/MAGD 372 Projects
[UnityMemory] Configuration Parameters - Can be set up in boot.config
    "memorysetup-bucket-allocator-granularity=16"
    "memorysetup-bucket-allocator-bucket-count=8"
    "memorysetup-bucket-allocator-block-size=33554432"
    "memorysetup-bucket-allocator-block-count=8"
    "memorysetup-main-allocator-block-size=16777216"
    "memorysetup-thread-allocator-block-size=16777216"
    "memorysetup-gfx-main-allocator-block-size=16777216"
    "memorysetup-gfx-thread-allocator-block-size=16777216"
    "memorysetup-cache-allocator-block-size=4194304"
    "memorysetup-typetree-allocator-block-size=2097152"
    "memorysetup-profiler-bucket-allocator-granularity=16"
    "memorysetup-profiler-bucket-allocator-bucket-count=8"
    "memorysetup-profiler-bucket-allocator-block-size=33554432"
    "memorysetup-profiler-bucket-allocator-block-count=8"
    "memorysetup-profiler-allocator-block-size=16777216"
    "memorysetup-profiler-editor-allocator-block-size=1048576"
    "memorysetup-temp-allocator-size-main=16777216"
    "memorysetup-job-temp-allocator-block-size=2097152"
    "memorysetup-job-temp-allocator-block-size-background=1048576"
    "memorysetup-job-temp-allocator-reduction-small-platforms=262144"
    "memorysetup-allocator-temp-initial-block-size-main=262144"
    "memorysetup-allocator-temp-initial-block-size-worker=262144"
    "memorysetup-temp-allocator-size-background-worker=32768"
    "memorysetup-temp-allocator-size-job-worker=262144"
    "memorysetup-temp-allocator-size-preload-manager=33554432"
    "memorysetup-temp-allocator-size-nav-mesh-worker=65536"
    "memorysetup-temp-allocator-size-audio-worker=65536"
    "memorysetup-temp-allocator-size-cloud-worker=32768"
    "memorysetup-temp-allocator-size-gi-baking-worker=262144"
    "memorysetup-temp-allocator-size-gfx=262144"
Player connection [30236]  Target information:

Player connection [30236]  * "[IP] 192.168.1.26 [Port] 0 [Flags] 2 [Guid] 4066199306 [EditorId] 4066199306 [Version] 1048832 [Id] WindowsEditor(7,idebljmDesktop) [Debug] 1 [PackageName] WindowsEditor [ProjectName] Editor" 

Player connection [30236] Host joined multi-casting on [225.0.0.222:54997]...
Player connection [30236] Host joined alternative multi-casting on [225.0.0.222:34997]...
[PhysX] Initialized MultithreadedTaskDispatcher with 16 workers.
Refreshing native plugins compatible for Editor in 29.96 ms, found 3 plugins.
Preloading 0 native plugins for Editor in 0.00 ms.
Initialize engine version: 2022.3.42f1 (2dcb6a0abc42)
[Subsystems] Discovering subsystems at path C:/Program Files/Unity/Hub/Editor/2022.3.42f1/Editor/Data/Resources/UnitySubsystems
[Subsystems] Discovering subsystems at path C:/Users/Isaiah/Unity Projects/Da-372-Shtuff/MAGD 372 Projects/Assets
GfxDevice: creating device client; threaded=0; jobified=0
Direct3D:
    Version:  Direct3D 11.0 [level 11.1]
    Renderer: NVIDIA GeForce RTX 4060 Ti (ID=0x2803)
    Vendor:   NVIDIA
    VRAM:     16109 MB
    Driver:   32.0.15.7216
Initialize mono
Mono path[0] = 'C:/Program Files/Unity/Hub/Editor/2022.3.42f1/Editor/Data/Managed'
Mono path[1] = 'C:/Program Files/Unity/Hub/Editor/2022.3.42f1/Editor/Data/MonoBleedingEdge/lib/mono/unityjit-win32'
Mono config path = 'C:/Program Files/Unity/Hub/Editor/2022.3.42f1/Editor/Data/MonoBleedingEdge/etc'
Using monoOptions --debugger-agent=transport=dt_socket,embedding=1,server=y,suspend=n,address=127.0.0.1:56960
Begin MonoManager ReloadAssembly
Registering precompiled unity dll's ...
Register platform support module: C:/Program Files/Unity/Hub/Editor/2022.3.42f1/Editor/Data/PlaybackEngines/AndroidPlayer/UnityEditor.Android.Extensions.dll
Register platform support module: C:/Program Files/Unity/Hub/Editor/2022.3.42f1/Editor/Data/PlaybackEngines/WindowsStandaloneSupport/UnityEditor.WindowsStandalone.Extensions.dll
Register platform support module: C:/Program Files/Unity/Hub/Editor/2022.3.42f1/Editor/Data/PlaybackEngines/MetroSupport/UnityEditor.UWP.Extensions.dll
Registered in 0.009142 seconds.
- Loaded All Assemblies, in  0.248 seconds
Native extension for UWP target not found
Native extension for WindowsStandalone target not found
Native extension for Android target not found
Mono: successfully reloaded assembly
- Finished resetting the current domain, in  0.197 seconds
Domain Reload Profiling: 444ms
	BeginReloadAssembly (69ms)
		ExecutionOrderSort (0ms)
		DisableScriptedObjects (0ms)
		BackupInstance (0ms)
		ReleaseScriptingObjects (0ms)
		CreateAndSetChildDomain (0ms)
	RebuildCommonClasses (22ms)
	RebuildNativeTypeToScriptingClass (6ms)
	initialDomainReloadingComplete (46ms)
	LoadAllAssembliesAndSetupDomain (104ms)
		LoadAssemblies (68ms)
		RebuildTransferFunctionScriptingTraits (0ms)
		AnalyzeDomain (102ms)
			TypeCache.Refresh (101ms)
				TypeCache.ScanAssembly (93ms)
			ScanForSourceGeneratedMonoScriptInfo (0ms)
			ResolveRequiredComponents (0ms)
	FinalizeReload (197ms)
		ReleaseScriptCaches (0ms)
		RebuildScriptCaches (0ms)
		SetupLoadedEditorAssemblies (169ms)
			LogAssemblyErrors (0ms)
			InitializePlatformSupportModulesInManaged (65ms)
			SetLoadedEditorAssemblies (3ms)
			RefreshPlugins (0ms)
			BeforeProcessingInitializeOnLoad (1ms)
			ProcessInitializeOnLoadAttributes (74ms)
			ProcessInitializeOnLoadMethodAttributes (26ms)
			AfterProcessingInitializeOnLoad (0ms)
			EditorAssembliesLoaded (0ms)
		ExecutionOrderSort2 (0ms)
		AwakeInstancesAfterBackupRestoration (0ms)
========================================================================
Worker process is ready to serve import requests
Caller must complete domain reload
Begin MonoManager ReloadAssembly
Symbol file LoadedFromMemory is not a mono symbol file
- Loaded All Assemblies, in  0.558 seconds
Native extension for UWP target not found
Native extension for WindowsStandalone target not found
Native extension for Android target not found
Mono: successfully reloaded assembly
- Finished resetting the current domain, in  0.739 seconds
Domain Reload Profiling: 1295ms
	BeginReloadAssembly (89ms)
		ExecutionOrderSort (0ms)
		DisableScriptedObjects (3ms)
		BackupInstance (0ms)
		ReleaseScriptingObjects (0ms)
		CreateAndSetChildDomain (16ms)
	RebuildCommonClasses (19ms)
	RebuildNativeTypeToScriptingClass (6ms)
	initialDomainReloadingComplete (28ms)
	LoadAllAssembliesAndSetupDomain (415ms)
		LoadAssemblies (234ms)
		RebuildTransferFunctionScriptingTraits (0ms)
		AnalyzeDomain (229ms)
			TypeCache.Refresh (188ms)
				TypeCache.ScanAssembly (173ms)
			ScanForSourceGeneratedMonoScriptInfo (27ms)
			ResolveRequiredComponents (12ms)
	FinalizeReload (739ms)
		ReleaseScriptCaches (0ms)
		RebuildScriptCaches (0ms)
		SetupLoadedEditorAssemblies (593ms)
			LogAssemblyErrors (0ms)
			InitializePlatformSupportModulesInManaged (16ms)
			SetLoadedEditorAssemblies (3ms)
			RefreshPlugins (0ms)
			BeforeProcessingInitializeOnLoad (73ms)
			ProcessInitializeOnLoadAttributes (474ms)
			ProcessInitializeOnLoadMethodAttributes (21ms)
			AfterProcessingInitializeOnLoad (6ms)
			EditorAssembliesLoaded (0ms)
		ExecutionOrderSort2 (0ms)
		AwakeInstancesAfterBackupRestoration (4ms)
Launched and connected shader compiler UnityShaderCompiler.exe after 0.06 seconds
Refreshing native plugins compatible for Editor in 22.97 ms, found 3 plugins.
Preloading 0 native plugins for Editor in 0.00 ms.
Unloading 7395 Unused Serialized files (Serialized files now loaded: 0)
Unloading 192 unused Assets / (13.9 MB). Loaded Objects now: 7748.
Memory consumption went from 344.6 MB to 330.7 MB.
Total: 142.079300 ms (FindLiveObjects: 1.001600 ms CreateObjectMapping: 3.240300 ms MarkObjects: 132.424900 ms  DeleteObjects: 5.411200 ms)

AssetImportParameters requested are different than current active one (requested -> active):
  custom:container-demuxer-ogg: 62fdf1f143b41e24485cea50d1cbac27 -> 
  custom:framework-win-MediaFoundation: 216162199b28c13a410421893ffa2e32 -> 
  custom:container-muxer-webm: aa71ff27fc2769a1b78a27578f13a17b -> 
  custom:video-decoder-webm-vp8: 9c59270c3fd7afecdb556c50c9e8de78 -> 
  custom:SearchIndexIgnoredProperties: e643bd26f0fe6173181afceb89e7c659 -> 
  custom:AudioImporter_EditorPlatform: d09bf68614088b80899f8185d706f6e7 -> 
  custom:audio-decoder-ogg-vorbis: bf7c407c2cedff20999df2af8eb42d56 -> 
  custom:audio-encoder-webm-vorbis: bf7c407c2cedff20999df2af8eb42d56 -> 
  custom:scripting/precompiled-assembly-types:Assembly-CSharp: 054907fc027e02f5cf23e9b75f4beba0 -> bbb7d5455ed5fa27c3c8ae8919720353
  custom:video-codec-MediaFoundation-h265: 746d11721c4dcdbdad8f713fa42b33f4 -> 
  custom:video-decoder-ogg-theora: a1e56fd34408186e4bbccfd4996cb3dc -> 
  custom:CustomObjectIndexerAttribute: 72b91833f83ae208fae7752999fa3104 -> 
  custom:container-demuxer-webm: 4f35f7cbe854078d1ac9338744f61a02 -> 
  custom:video-encoder-webm-vp8: eb34c28f22e8b96e1ab97ce403110664 -> 
========================================================================
Received Prepare
Caller must complete domain reload
Begin MonoManager ReloadAssembly
Symbol file LoadedFromMemory is not a mono symbol file
- Loaded All Assemblies, in  0.451 seconds
Native extension for UWP target not found
Native extension for WindowsStandalone target not found
Native extension for Android target not found
Mono: successfully reloaded assembly
- Finished resetting the current domain, in  2.109 seconds
Domain Reload Profiling: 2555ms
	BeginReloadAssembly (176ms)
		ExecutionOrderSort (0ms)
		DisableScriptedObjects (4ms)
		BackupInstance (0ms)
		ReleaseScriptingObjects (0ms)
		CreateAndSetChildDomain (53ms)
	RebuildCommonClasses (23ms)
	RebuildNativeTypeToScriptingClass (7ms)
	initialDomainReloadingComplete (27ms)
	LoadAllAssembliesAndSetupDomain (213ms)
		LoadAssemblies (263ms)
		RebuildTransferFunctionScriptingTraits (0ms)
		AnalyzeDomain (15ms)
			TypeCache.Refresh (4ms)
				TypeCache.ScanAssembly (0ms)
			ScanForSourceGeneratedMonoScriptInfo (0ms)
			ResolveRequiredComponents (9ms)
	FinalizeReload (2109ms)
		ReleaseScriptCaches (0ms)
		RebuildScriptCaches (0ms)
		SetupLoadedEditorAssemblies (671ms)
			LogAssemblyErrors (0ms)
			InitializePlatformSupportModulesInManaged (48ms)
			SetLoadedEditorAssemblies (8ms)
			RefreshPlugins (0ms)
			BeforeProcessingInitializeOnLoad (119ms)
			ProcessInitializeOnLoadAttributes (467ms)
			ProcessInitializeOnLoadMethodAttributes (23ms)
			AfterProcessingInitializeOnLoad (6ms)
			EditorAssembliesLoaded (0ms)
		ExecutionOrderSort2 (0ms)
		AwakeInstancesAfterBackupRestoration (4ms)
Refreshing native plugins compatible for Editor in 14.53 ms, found 3 plugins.
Preloading 0 native plugins for Editor in 0.00 ms.
Unloading 7148 Unused Serialized files (Serialized files now loaded: 0)
Unloading 165 unused Assets / (13.9 MB). Loaded Objects now: 7763.
Memory consumption went from 286.9 MB to 273.0 MB.
Total: 11.170400 ms (FindLiveObjects: 1.158100 ms CreateObjectMapping: 0.667900 ms MarkObjects: 5.041700 ms  DeleteObjects: 4.301500 ms)

Prepare: number of updated asset objects reloaded= 0
AssetImportParameters requested are different than current active one (requested -> active):
  custom:container-demuxer-ogg: 62fdf1f143b41e24485cea50d1cbac27 -> 
  custom:framework-win-MediaFoundation: 216162199b28c13a410421893ffa2e32 -> 
  custom:container-muxer-webm: aa71ff27fc2769a1b78a27578f13a17b -> 
  custom:video-decoder-webm-vp8: 9c59270c3fd7afecdb556c50c9e8de78 -> 
  custom:SearchIndexIgnoredProperties: e643bd26f0fe6173181afceb89e7c659 -> 
  custom:AudioImporter_EditorPlatform: d09bf68614088b80899f8185d706f6e7 -> 
  custom:audio-decoder-ogg-vorbis: bf7c407c2cedff20999df2af8eb42d56 -> 
  custom:audio-encoder-webm-vorbis: bf7c407c2cedff20999df2af8eb42d56 -> 
  custom:video-codec-MediaFoundation-h265: 746d11721c4dcdbdad8f713fa42b33f4 -> 
  custom:video-decoder-ogg-theora: a1e56fd34408186e4bbccfd4996cb3dc -> 
  custom:CustomObjectIndexerAttribute: 72b91833f83ae208fae7752999fa3104 -> 
  custom:container-demuxer-webm: 4f35f7cbe854078d1ac9338744f61a02 -> 
  custom:video-encoder-webm-vp8: eb34c28f22e8b96e1ab97ce403110664 -> 
========================================================================
Received Import Request.
  Time since last request: 328067.553627 seconds.
  path: Assets/SpaceShooty/Prefabs/C04 Fighter.prefab
  artifactKey: Guid(055ca939edc25f1458030771f44bab17) Importer(815301076,1909f56bfc062723c751e8b465ee728b)
Start importing Assets/SpaceShooty/Prefabs/C04 Fighter.prefab using Guid(055ca939edc25f1458030771f44bab17) Importer(815301076,1909f56bfc062723c751e8b465ee728b) [PhysX] Initialized MultithreadedTaskDispatcher with 16 workers.
 -> (artifact id: 'f7b570c6d461496dd14b562b17f53841') in 0.001605 seconds
Number of updated asset objects reloaded before import = 0
Number of asset objects unloaded after import = 0
========================================================================
Received Import Request.
  Time since last request: 0.000010 seconds.
  path: Assets/SpaceShooty/Prefabs/Shell.prefab
  artifactKey: Guid(f16c1bfd844216d4cb1a06a260dc5700) Importer(815301076,1909f56bfc062723c751e8b465ee728b)
Start importing Assets/SpaceShooty/Prefabs/Shell.prefab using Guid(f16c1bfd844216d4cb1a06a260dc5700) Importer(815301076,1909f56bfc062723c751e8b465ee728b) [PhysX] Initialized MultithreadedTaskDispatcher with 16 workers.
 -> (artifact id: 'c58b84511ce84a91d043d63b102a0792') in 0.000470 seconds
Number of updated asset objects reloaded before import = 0
Number of asset objects unloaded after import = 0
========================================================================
Received Import Request.
  Time since last request: 13.030580 seconds.
  path: Assets/SpaceShooty/Prefabs/C01 Cruiser.prefab
  artifactKey: Guid(98f07bc61f409944fbd3ddc3bb317267) Importer(815301076,1909f56bfc062723c751e8b465ee728b)
Start importing Assets/SpaceShooty/Prefabs/C01 Cruiser.prefab using Guid(98f07bc61f409944fbd3ddc3bb317267) Importer(815301076,1909f56bfc062723c751e8b465ee728b) [PhysX] Initialized MultithreadedTaskDispatcher with 16 workers.
 -> (artifact id: '7ae8b22587db9f85046cfc9577009ab9') in 0.000452 seconds
Number of updated asset objects reloaded before import = 0
Number of asset objects unloaded after import = 0
========================================================================
Received Import Request.
  Time since last request: 0.000010 seconds.
  path: Assets/SpaceShooty/Prefabs/Shell.prefab
  artifactKey: Guid(f16c1bfd844216d4cb1a06a260dc5700) Importer(815301076,1909f56bfc062723c751e8b465ee728b)
Start importing Assets/SpaceShooty/Prefabs/Shell.prefab using Guid(f16c1bfd844216d4cb1a06a260dc5700) Importer(815301076,1909f56bfc062723c751e8b465ee728b) [PhysX] Initialized MultithreadedTaskDispatcher with 16 workers.
 -> (artifact id: 'c58b84511ce84a91d043d63b102a0792') in 0.000500 seconds
Number of updated asset objects reloaded before import = 0
Number of asset objects unloaded after import = 0
========================================================================
Received Import Request.
  Time since last request: 17.438165 seconds.
  path: Assets/SpaceShooty/Prefabs/C01 Cruiser.prefab
  artifactKey: Guid(98f07bc61f409944fbd3ddc3bb317267) Importer(815301076,1909f56bfc062723c751e8b465ee728b)
Start importing Assets/SpaceShooty/Prefabs/C01 Cruiser.prefab using Guid(98f07bc61f409944fbd3ddc3bb317267) Importer(815301076,1909f56bfc062723c751e8b465ee728b) [PhysX] Initialized MultithreadedTaskDispatcher with 16 workers.
 -> (artifact id: '7ae8b22587db9f85046cfc9577009ab9') in 0.000584 seconds
Number of updated asset objects reloaded before import = 0
Number of asset objects unloaded after import = 0
========================================================================
Received Import Request.
  Time since last request: 0.000010 seconds.
  path: Assets/SpaceShooty/Prefabs/Laser.prefab
  artifactKey: Guid(e048453342c61ae4c8f96605c6bf58e3) Importer(815301076,1909f56bfc062723c751e8b465ee728b)
Start importing Assets/SpaceShooty/Prefabs/Laser.prefab using Guid(e048453342c61ae4c8f96605c6bf58e3) Importer(815301076,1909f56bfc062723c751e8b465ee728b) [PhysX] Initialized MultithreadedTaskDispatcher with 16 workers.
 -> (artifact id: '44f2079319956e86484f34876e28439f') in 0.000502 seconds
Number of updated asset objects reloaded before import = 0
Number of asset objects unloaded after import = 0
========================================================================
Received Import Request.
  Time since last request: 0.000019 seconds.
  path: Assets/SpaceShooty/Prefabs/F04 Frigate.prefab
  artifactKey: Guid(4f92f9d7e224fa441914f9520de32dcb) Importer(815301076,1909f56bfc062723c751e8b465ee728b)
Start importing Assets/SpaceShooty/Prefabs/F04 Frigate.prefab using Guid(4f92f9d7e224fa441914f9520de32dcb) Importer(815301076,1909f56bfc062723c751e8b465ee728b) [PhysX] Initialized MultithreadedTaskDispatcher with 16 workers.
 -> (artifact id: 'e48b4bb275739412bf0670f7710c8a2a') in 0.000400 seconds
Number of updated asset objects reloaded before import = 0
Number of asset objects unloaded after import = 0
========================================================================
Received Import Request.
  Time since last request: 3.957434 seconds.
  path: Assets/SpaceShooty/Prefabs/C01 Cruiser.prefab
  artifactKey: Guid(98f07bc61f409944fbd3ddc3bb317267) Importer(815301076,1909f56bfc062723c751e8b465ee728b)
Start importing Assets/SpaceShooty/Prefabs/C01 Cruiser.prefab using Guid(98f07bc61f409944fbd3ddc3bb317267) Importer(815301076,1909f56bfc062723c751e8b465ee728b) [PhysX] Initialized MultithreadedTaskDispatcher with 16 workers.
 -> (artifact id: '7ae8b22587db9f85046cfc9577009ab9') in 0.000456 seconds
Number of updated asset objects reloaded before import = 0
Number of asset objects unloaded after import = 0
========================================================================
Received Import Request.
  Time since last request: 0.000012 seconds.
  path: Assets/SpaceShooty/Prefabs/Player.prefab
  artifactKey: Guid(387c11ba2c00af841967d767957917ee) Importer(815301076,1909f56bfc062723c751e8b465ee728b)
Start importing Assets/SpaceShooty/Prefabs/Player.prefab using Guid(387c11ba2c00af841967d767957917ee) Importer(815301076,1909f56bfc062723c751e8b465ee728b) [PhysX] Initialized MultithreadedTaskDispatcher with 16 workers.
 -> (artifact id: '572fa19663ed210098e354bcd209d4e3') in 0.000405 seconds
Number of updated asset objects reloaded before import = 0
Number of asset objects unloaded after import = 0
========================================================================
Received Import Request.
  Time since last request: 52.100928 seconds.
  path: Assets/SpaceShooty/Prefabs/C01 Cruiser.prefab
  artifactKey: Guid(98f07bc61f409944fbd3ddc3bb317267) Importer(815301076,1909f56bfc062723c751e8b465ee728b)
Start importing Assets/SpaceShooty/Prefabs/C01 Cruiser.prefab using Guid(98f07bc61f409944fbd3ddc3bb317267) Importer(815301076,1909f56bfc062723c751e8b465ee728b) [PhysX] Initialized MultithreadedTaskDispatcher with 16 workers.
 -> (artifact id: '7ae8b22587db9f85046cfc9577009ab9') in 0.000378 seconds
Number of updated asset objects reloaded before import = 0
Number of asset objects unloaded after import = 0
========================================================================
Received Import Request.
  Time since last request: 0.000010 seconds.
  path: Assets/SpaceShooty/Prefabs/Shell.prefab
  artifactKey: Guid(f16c1bfd844216d4cb1a06a260dc5700) Importer(815301076,1909f56bfc062723c751e8b465ee728b)
Start importing Assets/SpaceShooty/Prefabs/Shell.prefab using Guid(f16c1bfd844216d4cb1a06a260dc5700) Importer(815301076,1909f56bfc062723c751e8b465ee728b) [PhysX] Initialized MultithreadedTaskDispatcher with 16 workers.
 -> (artifact id: 'c58b84511ce84a91d043d63b102a0792') in 0.000504 seconds
Number of updated asset objects reloaded before import = 0
Number of asset objects unloaded after import = 0
========================================================================
Received Import Request.
  Time since last request: 6.011723 seconds.
  path: Assets/SpaceShooty/Prefabs/C01 Cruiser.prefab
  artifactKey: Guid(98f07bc61f409944fbd3ddc3bb317267) Importer(815301076,1909f56bfc062723c751e8b465ee728b)
Start importing Assets/SpaceShooty/Prefabs/C01 Cruiser.prefab using Guid(98f07bc61f409944fbd3ddc3bb317267) Importer(815301076,1909f56bfc062723c751e8b465ee728b) [PhysX] Initialized MultithreadedTaskDispatcher with 16 workers.
 -> (artifact id: '7ae8b22587db9f85046cfc9577009ab9') in 0.000387 seconds
Number of updated asset objects reloaded before import = 0
Number of asset objects unloaded after import = 0
========================================================================
Received Import Request.
  Time since last request: 0.000033 seconds.
  path: Assets/SpaceShooty/Prefabs/Shell.prefab
  artifactKey: Guid(f16c1bfd844216d4cb1a06a260dc5700) Importer(815301076,1909f56bfc062723c751e8b465ee728b)
Start importing Assets/SpaceShooty/Prefabs/Shell.prefab using Guid(f16c1bfd844216d4cb1a06a260dc5700) Importer(815301076,1909f56bfc062723c751e8b465ee728b) [PhysX] Initialized MultithreadedTaskDispatcher with 16 workers.
 -> (artifact id: 'c58b84511ce84a91d043d63b102a0792') in 0.000396 seconds
Number of updated asset objects reloaded before import = 0
Number of asset objects unloaded after import = 0
========================================================================
Received Import Request.
  Time since last request: 2.835633 seconds.
  path: Assets/SpaceShooty/Prefabs/C01 Cruiser.prefab
  artifactKey: Guid(98f07bc61f409944fbd3ddc3bb317267) Importer(815301076,1909f56bfc062723c751e8b465ee728b)
Start importing Assets/SpaceShooty/Prefabs/C01 Cruiser.prefab using Guid(98f07bc61f409944fbd3ddc3bb317267) Importer(815301076,1909f56bfc062723c751e8b465ee728b) [PhysX] Initialized MultithreadedTaskDispatcher with 16 workers.
 -> (artifact id: '7ae8b22587db9f85046cfc9577009ab9') in 0.000471 seconds
Number of updated asset objects reloaded before import = 0
Number of asset objects unloaded after import = 0
========================================================================
Received Import Request.
  Time since last request: 0.000024 seconds.
  path: Assets/SpaceShooty/Prefabs/Laser.prefab
  artifactKey: Guid(e048453342c61ae4c8f96605c6bf58e3) Importer(815301076,1909f56bfc062723c751e8b465ee728b)
Start importing Assets/SpaceShooty/Prefabs/Laser.prefab using Guid(e048453342c61ae4c8f96605c6bf58e3) Importer(815301076,1909f56bfc062723c751e8b465ee728b) [PhysX] Initialized MultithreadedTaskDispatcher with 16 workers.
 -> (artifact id: '44f2079319956e86484f34876e28439f') in 0.000514 seconds
Number of updated asset objects reloaded before import = 0
Number of asset objects unloaded after import = 0
========================================================================
Received Import Request.
  Time since last request: 3.985333 seconds.
  path: Assets/SpaceShooty/Prefabs/C01 Cruiser.prefab
  artifactKey: Guid(98f07bc61f409944fbd3ddc3bb317267) Importer(815301076,1909f56bfc062723c751e8b465ee728b)
Start importing Assets/SpaceShooty/Prefabs/C01 Cruiser.prefab using Guid(98f07bc61f409944fbd3ddc3bb317267) Importer(815301076,1909f56bfc062723c751e8b465ee728b) [PhysX] Initialized MultithreadedTaskDispatcher with 16 workers.
 -> (artifact id: '7ae8b22587db9f85046cfc9577009ab9') in 0.000431 seconds
Number of updated asset objects reloaded before import = 0
Number of asset objects unloaded after import = 0
========================================================================
Received Import Request.
  Time since last request: 0.000011 seconds.
  path: Assets/SpaceShooty/Prefabs/Laser.prefab
  artifactKey: Guid(e048453342c61ae4c8f96605c6bf58e3) Importer(815301076,1909f56bfc062723c751e8b465ee728b)
Start importing Assets/SpaceShooty/Prefabs/Laser.prefab using Guid(e048453342c61ae4c8f96605c6bf58e3) Importer(815301076,1909f56bfc062723c751e8b465ee728b) [PhysX] Initialized MultithreadedTaskDispatcher with 16 workers.
 -> (artifact id: '44f2079319956e86484f34876e28439f') in 0.000506 seconds
Number of updated asset objects reloaded before import = 0
Number of asset objects unloaded after import = 0
========================================================================
Received Import Request.
  Time since last request: 3.391531 seconds.
  path: Assets/SpaceShooty/Prefabs/C01 Cruiser.prefab
  artifactKey: Guid(98f07bc61f409944fbd3ddc3bb317267) Importer(815301076,1909f56bfc062723c751e8b465ee728b)
Start importing Assets/SpaceShooty/Prefabs/C01 Cruiser.prefab using Guid(98f07bc61f409944fbd3ddc3bb317267) Importer(815301076,1909f56bfc062723c751e8b465ee728b) [PhysX] Initialized MultithreadedTaskDispatcher with 16 workers.
 -> (artifact id: '7ae8b22587db9f85046cfc9577009ab9') in 0.000377 seconds
Number of updated asset objects reloaded before import = 0
Number of asset objects unloaded after import = 0
========================================================================
Received Import Request.
  Time since last request: 0.000011 seconds.
  path: Assets/SpaceShooty/Prefabs/Player.prefab
  artifactKey: Guid(387c11ba2c00af841967d767957917ee) Importer(815301076,1909f56bfc062723c751e8b465ee728b)
Start importing Assets/SpaceShooty/Prefabs/Player.prefab using Guid(387c11ba2c00af841967d767957917ee) Importer(815301076,1909f56bfc062723c751e8b465ee728b) [PhysX] Initialized MultithreadedTaskDispatcher with 16 workers.
 -> (artifact id: '572fa19663ed210098e354bcd209d4e3') in 0.000555 seconds
Number of updated asset objects reloaded before import = 0
Number of asset objects unloaded after import = 0
========================================================================
Received Import Request.
  Time since last request: 5.039145 seconds.
  path: Assets/SpaceShooty/Free Assets/Kenney/kenney_space-station-kit/Models/OBJ format/balcony-rail-corner.obj
  artifactKey: Guid(2fe696e0c2744c2459e34266ae0c94c1) Importer(815301076,1909f56bfc062723c751e8b465ee728b)
Start importing Assets/SpaceShooty/Free Assets/Kenney/kenney_space-station-kit/Models/OBJ format/balcony-rail-corner.obj using Guid(2fe696e0c2744c2459e34266ae0c94c1) Importer(815301076,1909f56bfc062723c751e8b465ee728b) [PhysX] Initialized MultithreadedTaskDispatcher with 16 workers.
[PhysX] Initialized MultithreadedTaskDispatcher with 16 workers.
[PhysX] Initialized MultithreadedTaskDispatcher with 16 workers.
[PhysX] Initialized MultithreadedTaskDispatcher with 16 workers.
[PhysX] Initialized MultithreadedTaskDispatcher with 16 workers.
 -> (artifact id: 'e5a9744789ae2f3b28e432f9bbcc0b2f') in 0.083686 seconds
Number of updated asset objects reloaded before import = 0
Number of asset objects unloaded after import = 11
========================================================================
Received Import Request.
  Time since last request: 3.197420 seconds.
  path: Assets/SpaceShooty/Prefabs/C01 Cruiser.prefab
  artifactKey: Guid(98f07bc61f409944fbd3ddc3bb317267) Importer(815301076,1909f56bfc062723c751e8b465ee728b)
Start importing Assets/SpaceShooty/Prefabs/C01 Cruiser.prefab using Guid(98f07bc61f409944fbd3ddc3bb317267) Importer(815301076,1909f56bfc062723c751e8b465ee728b) [PhysX] Initialized MultithreadedTaskDispatcher with 16 workers.
 -> (artifact id: '7ae8b22587db9f85046cfc9577009ab9') in 0.000526 seconds
Number of updated asset objects reloaded before import = 0
Number of asset objects unloaded after import = 0
========================================================================
Received Import Request.
  Time since last request: 0.000057 seconds.
  path: Assets/SpaceShooty/Prefabs/Shell.prefab
  artifactKey: Guid(f16c1bfd844216d4cb1a06a260dc5700) Importer(815301076,1909f56bfc062723c751e8b465ee728b)
Start importing Assets/SpaceShooty/Prefabs/Shell.prefab using Guid(f16c1bfd844216d4cb1a06a260dc5700) Importer(815301076,1909f56bfc062723c751e8b465ee728b) [PhysX] Initialized MultithreadedTaskDispatcher with 16 workers.
 -> (artifact id: 'c58b84511ce84a91d043d63b102a0792') in 0.000481 seconds
Number of updated asset objects reloaded before import = 0
Number of asset objects unloaded after import = 0
========================================================================
Received Import Request.
  Time since last request: 3.998730 seconds.
  path: Assets/SpaceShooty/Prefabs/C01 Cruiser.prefab
  artifactKey: Guid(98f07bc61f409944fbd3ddc3bb317267) Importer(815301076,1909f56bfc062723c751e8b465ee728b)
Start importing Assets/SpaceShooty/Prefabs/C01 Cruiser.prefab using Guid(98f07bc61f409944fbd3ddc3bb317267) Importer(815301076,1909f56bfc062723c751e8b465ee728b) [PhysX] Initialized MultithreadedTaskDispatcher with 16 workers.
 -> (artifact id: '7ae8b22587db9f85046cfc9577009ab9') in 0.000432 seconds
Number of updated asset objects reloaded before import = 0
Number of asset objects unloaded after import = 0
========================================================================
Received Import Request.
  Time since last request: 0.000009 seconds.
  path: Assets/SpaceShooty/Prefabs/Shell.prefab
  artifactKey: Guid(f16c1bfd844216d4cb1a06a260dc5700) Importer(815301076,1909f56bfc062723c751e8b465ee728b)
Start importing Assets/SpaceShooty/Prefabs/Shell.prefab using Guid(f16c1bfd844216d4cb1a06a260dc5700) Importer(815301076,1909f56bfc062723c751e8b465ee728b) [PhysX] Initialized MultithreadedTaskDispatcher with 16 workers.
 -> (artifact id: 'c58b84511ce84a91d043d63b102a0792') in 0.000443 seconds
Number of updated asset objects reloaded before import = 0
Number of asset objects unloaded after import = 0
========================================================================
Received Import Request.
  Time since last request: 3.610053 seconds.
  path: Assets/SpaceShooty/Prefabs/C01 Cruiser.prefab
  artifactKey: Guid(98f07bc61f409944fbd3ddc3bb317267) Importer(815301076,1909f56bfc062723c751e8b465ee728b)
Start importing Assets/SpaceShooty/Prefabs/C01 Cruiser.prefab using Guid(98f07bc61f409944fbd3ddc3bb317267) Importer(815301076,1909f56bfc062723c751e8b465ee728b) [PhysX] Initialized MultithreadedTaskDispatcher with 16 workers.
 -> (artifact id: '7ae8b22587db9f85046cfc9577009ab9') in 0.000506 seconds
Number of updated asset objects reloaded before import = 0
Number of asset objects unloaded after import = 0
========================================================================
Received Import Request.
  Time since last request: 0.000011 seconds.
  path: Assets/SpaceShooty/Prefabs/Laser.prefab
  artifactKey: Guid(e048453342c61ae4c8f96605c6bf58e3) Importer(815301076,1909f56bfc062723c751e8b465ee728b)
Start importing Assets/SpaceShooty/Prefabs/Laser.prefab using Guid(e048453342c61ae4c8f96605c6bf58e3) Importer(815301076,1909f56bfc062723c751e8b465ee728b) [PhysX] Initialized MultithreadedTaskDispatcher with 16 workers.
 -> (artifact id: '44f2079319956e86484f34876e28439f') in 0.000415 seconds
Number of updated asset objects reloaded before import = 0
Number of asset objects unloaded after import = 0
========================================================================
Received Import Request.
  Time since last request: 1.380744 seconds.
  path: Assets/SpaceShooty/Prefabs/C01 Cruiser.prefab
  artifactKey: Guid(98f07bc61f409944fbd3ddc3bb317267) Importer(815301076,1909f56bfc062723c751e8b465ee728b)
Start importing Assets/SpaceShooty/Prefabs/C01 Cruiser.prefab using Guid(98f07bc61f409944fbd3ddc3bb317267) Importer(815301076,1909f56bfc062723c751e8b465ee728b) [PhysX] Initialized MultithreadedTaskDispatcher with 16 workers.
 -> (artifact id: '7ae8b22587db9f85046cfc9577009ab9') in 0.000481 seconds
Number of updated asset objects reloaded before import = 0
Number of asset objects unloaded after import = 0
========================================================================
Received Import Request.
  Time since last request: 0.000011 seconds.
  path: Assets/SpaceShooty/Prefabs/Player.prefab
  artifactKey: Guid(387c11ba2c00af841967d767957917ee) Importer(815301076,1909f56bfc062723c751e8b465ee728b)
Start importing Assets/SpaceShooty/Prefabs/Player.prefab using Guid(387c11ba2c00af841967d767957917ee) Importer(815301076,1909f56bfc062723c751e8b465ee728b) [PhysX] Initialized MultithreadedTaskDispatcher with 16 workers.
 -> (artifact id: '572fa19663ed210098e354bcd209d4e3') in 0.000484 seconds
Number of updated asset objects reloaded before import = 0
Number of asset objects unloaded after import = 0
========================================================================
Received Import Request.
  Time since last request: 4.427109 seconds.
  path: Assets/SpaceShooty/Prefabs/C01 Cruiser.prefab
  artifactKey: Guid(98f07bc61f409944fbd3ddc3bb317267) Importer(815301076,1909f56bfc062723c751e8b465ee728b)
Start importing Assets/SpaceShooty/Prefabs/C01 Cruiser.prefab using Guid(98f07bc61f409944fbd3ddc3bb317267) Importer(815301076,1909f56bfc062723c751e8b465ee728b) [PhysX] Initialized MultithreadedTaskDispatcher with 16 workers.
 -> (artifact id: '7ae8b22587db9f85046cfc9577009ab9') in 0.000541 seconds
Number of updated asset objects reloaded before import = 0
Number of asset objects unloaded after import = 0
========================================================================
Received Import Request.
  Time since last request: 0.000013 seconds.
  path: Assets/SpaceShooty/Prefabs/Laser.prefab
  artifactKey: Guid(e048453342c61ae4c8f96605c6bf58e3) Importer(815301076,1909f56bfc062723c751e8b465ee728b)
Start importing Assets/SpaceShooty/Prefabs/Laser.prefab using Guid(e048453342c61ae4c8f96605c6bf58e3) Importer(815301076,1909f56bfc062723c751e8b465ee728b) [PhysX] Initialized MultithreadedTaskDispatcher with 16 workers.
 -> (artifact id: '44f2079319956e86484f34876e28439f') in 0.000410 seconds
Number of updated asset objects reloaded before import = 0
Number of asset objects unloaded after import = 0
========================================================================
Received Import Request.
  Time since last request: 12.339949 seconds.
  path: Assets/SpaceShooty/Prefabs/C01 Cruiser.prefab
  artifactKey: Guid(98f07bc61f409944fbd3ddc3bb317267) Importer(815301076,1909f56bfc062723c751e8b465ee728b)
Start importing Assets/SpaceShooty/Prefabs/C01 Cruiser.prefab using Guid(98f07bc61f409944fbd3ddc3bb317267) Importer(815301076,1909f56bfc062723c751e8b465ee728b) [PhysX] Initialized MultithreadedTaskDispatcher with 16 workers.
 -> (artifact id: '7ae8b22587db9f85046cfc9577009ab9') in 0.000505 seconds
Number of updated asset objects reloaded before import = 0
Number of asset objects unloaded after import = 0
========================================================================
Received Import Request.
  Time since last request: 0.000011 seconds.
  path: Assets/SpaceShooty/Prefabs/Shell.prefab
  artifactKey: Guid(f16c1bfd844216d4cb1a06a260dc5700) Importer(815301076,1909f56bfc062723c751e8b465ee728b)
Start importing Assets/SpaceShooty/Prefabs/Shell.prefab using Guid(f16c1bfd844216d4cb1a06a260dc5700) Importer(815301076,1909f56bfc062723c751e8b465ee728b) [PhysX] Initialized MultithreadedTaskDispatcher with 16 workers.
 -> (artifact id: 'c58b84511ce84a91d043d63b102a0792') in 0.000445 seconds
Number of updated asset objects reloaded before import = 0
Number of asset objects unloaded after import = 0
========================================================================
Received Import Request.
  Time since last request: 4.593001 seconds.
  path: Assets/SpaceShooty/Prefabs/C01 Cruiser.prefab
  artifactKey: Guid(98f07bc61f409944fbd3ddc3bb317267) Importer(815301076,1909f56bfc062723c751e8b465ee728b)
Start importing Assets/SpaceShooty/Prefabs/C01 Cruiser.prefab using Guid(98f07bc61f409944fbd3ddc3bb317267) Importer(815301076,1909f56bfc062723c751e8b465ee728b) [PhysX] Initialized MultithreadedTaskDispatcher with 16 workers.
 -> (artifact id: '7ae8b22587db9f85046cfc9577009ab9') in 0.000360 seconds
Number of updated asset objects reloaded before import = 0
Number of asset objects unloaded after import = 0
========================================================================
Received Import Request.
  Time since last request: 0.000010 seconds.
  path: Assets/SpaceShooty/Prefabs/Player.prefab
  artifactKey: Guid(387c11ba2c00af841967d767957917ee) Importer(815301076,1909f56bfc062723c751e8b465ee728b)
Start importing Assets/SpaceShooty/Prefabs/Player.prefab using Guid(387c11ba2c00af841967d767957917ee) Importer(815301076,1909f56bfc062723c751e8b465ee728b) [PhysX] Initialized MultithreadedTaskDispatcher with 16 workers.
 -> (artifact id: '572fa19663ed210098e354bcd209d4e3') in 0.000403 seconds
Number of updated asset objects reloaded before import = 0
Number of asset objects unloaded after import = 0
========================================================================
Received Import Request.
  Time since last request: 36.965978 seconds.
  path: Assets/SpaceShooty/Prefabs/C04 Fighter.prefab
  artifactKey: Guid(055ca939edc25f1458030771f44bab17) Importer(815301076,1909f56bfc062723c751e8b465ee728b)
Start importing Assets/SpaceShooty/Prefabs/C04 Fighter.prefab using Guid(055ca939edc25f1458030771f44bab17) Importer(815301076,1909f56bfc062723c751e8b465ee728b) [PhysX] Initialized MultithreadedTaskDispatcher with 16 workers.
 -> (artifact id: 'f7b570c6d461496dd14b562b17f53841') in 0.000523 seconds
Number of updated asset objects reloaded before import = 0
Number of asset objects unloaded after import = 0
========================================================================
Received Import Request.
  Time since last request: 0.000013 seconds.
  path: Assets/SpaceShooty/Prefabs/Shell.prefab
  artifactKey: Guid(f16c1bfd844216d4cb1a06a260dc5700) Importer(815301076,1909f56bfc062723c751e8b465ee728b)
Start importing Assets/SpaceShooty/Prefabs/Shell.prefab using Guid(f16c1bfd844216d4cb1a06a260dc5700) Importer(815301076,1909f56bfc062723c751e8b465ee728b) [PhysX] Initialized MultithreadedTaskDispatcher with 16 workers.
 -> (artifact id: 'dbc6da18e7452b26445bc58e592aa7cf') in 0.000585 seconds
Number of updated asset objects reloaded before import = 0
Number of asset objects unloaded after import = 0
========================================================================
Received Import Request.
  Time since last request: 16.380685 seconds.
  path: Assets/SpaceShooty/Prefabs/C04 Fighter.prefab
  artifactKey: Guid(055ca939edc25f1458030771f44bab17) Importer(815301076,1909f56bfc062723c751e8b465ee728b)
Start importing Assets/SpaceShooty/Prefabs/C04 Fighter.prefab using Guid(055ca939edc25f1458030771f44bab17) Importer(815301076,1909f56bfc062723c751e8b465ee728b) [PhysX] Initialized MultithreadedTaskDispatcher with 16 workers.
 -> (artifact id: 'f7b570c6d461496dd14b562b17f53841') in 0.000451 seconds
Number of updated asset objects reloaded before import = 0
Number of asset objects unloaded after import = 0
========================================================================
Received Import Request.
  Time since last request: 0.000022 seconds.
  path: Assets/SpaceShooty/Prefabs/Shell.prefab
  artifactKey: Guid(f16c1bfd844216d4cb1a06a260dc5700) Importer(815301076,1909f56bfc062723c751e8b465ee728b)
Start importing Assets/SpaceShooty/Prefabs/Shell.prefab using Guid(f16c1bfd844216d4cb1a06a260dc5700) Importer(815301076,1909f56bfc062723c751e8b465ee728b) [PhysX] Initialized MultithreadedTaskDispatcher with 16 workers.
 -> (artifact id: 'e903e694d2b56d2b7ab42e27e7a3c4a4') in 0.000383 seconds
Number of updated asset objects reloaded before import = 0
Number of asset objects unloaded after import = 0
========================================================================
Received Import Request.
  Time since last request: 22.348124 seconds.
  path: Assets/SpaceShooty/Prefabs/C04 Fighter.prefab
  artifactKey: Guid(055ca939edc25f1458030771f44bab17) Importer(815301076,1909f56bfc062723c751e8b465ee728b)
Start importing Assets/SpaceShooty/Prefabs/C04 Fighter.prefab using Guid(055ca939edc25f1458030771f44bab17) Importer(815301076,1909f56bfc062723c751e8b465ee728b) [PhysX] Initialized MultithreadedTaskDispatcher with 16 workers.
 -> (artifact id: 'f7b570c6d461496dd14b562b17f53841') in 0.000511 seconds
Number of updated asset objects reloaded before import = 0
Number of asset objects unloaded after import = 0
========================================================================
Received Import Request.
  Time since last request: 0.402756 seconds.
  path: Assets/SpaceShooty/Prefabs/C04 Fighter.prefab
  artifactKey: Guid(055ca939edc25f1458030771f44bab17) Importer(815301076,1909f56bfc062723c751e8b465ee728b)
Start importing Assets/SpaceShooty/Prefabs/C04 Fighter.prefab using Guid(055ca939edc25f1458030771f44bab17) Importer(815301076,1909f56bfc062723c751e8b465ee728b) [PhysX] Initialized MultithreadedTaskDispatcher with 16 workers.
 -> (artifact id: 'f7b570c6d461496dd14b562b17f53841') in 0.000423 seconds
Number of updated asset objects reloaded before import = 0
Number of asset objects unloaded after import = 0
========================================================================
Received Import Request.
  Time since last request: 0.000014 seconds.
  path: Assets/SpaceShooty/Prefabs/Shell.prefab
  artifactKey: Guid(f16c1bfd844216d4cb1a06a260dc5700) Importer(815301076,1909f56bfc062723c751e8b465ee728b)
Start importing Assets/SpaceShooty/Prefabs/Shell.prefab using Guid(f16c1bfd844216d4cb1a06a260dc5700) Importer(815301076,1909f56bfc062723c751e8b465ee728b) [PhysX] Initialized MultithreadedTaskDispatcher with 16 workers.
 -> (artifact id: '8003729febb29aaca381552d9d64ad76') in 0.000751 seconds
Number of updated asset objects reloaded before import = 0
Number of asset objects unloaded after import = 0
========================================================================
Received Import Request.
  Time since last request: 2.454408 seconds.
  path: Assets/SpaceShooty/Prefabs/C04 Fighter.prefab
  artifactKey: Guid(055ca939edc25f1458030771f44bab17) Importer(815301076,1909f56bfc062723c751e8b465ee728b)
Start importing Assets/SpaceShooty/Prefabs/C04 Fighter.prefab using Guid(055ca939edc25f1458030771f44bab17) Importer(815301076,1909f56bfc062723c751e8b465ee728b) [PhysX] Initialized MultithreadedTaskDispatcher with 16 workers.
 -> (artifact id: 'f7b570c6d461496dd14b562b17f53841') in 0.000425 seconds
Number of updated asset objects reloaded before import = 0
Number of asset objects unloaded after import = 0
========================================================================
Received Import Request.
  Time since last request: 0.000039 seconds.
  path: Assets/SpaceShooty/Prefabs/Laser.prefab
  artifactKey: Guid(e048453342c61ae4c8f96605c6bf58e3) Importer(815301076,1909f56bfc062723c751e8b465ee728b)
Start importing Assets/SpaceShooty/Prefabs/Laser.prefab using Guid(e048453342c61ae4c8f96605c6bf58e3) Importer(815301076,1909f56bfc062723c751e8b465ee728b) [PhysX] Initialized MultithreadedTaskDispatcher with 16 workers.
 -> (artifact id: '44f2079319956e86484f34876e28439f') in 0.000423 seconds
Number of updated asset objects reloaded before import = 0
Number of asset objects unloaded after import = 0
========================================================================
Received Import Request.
  Time since last request: 4.604891 seconds.
  path: Assets/SpaceShooty/Prefabs/C04 Fighter.prefab
  artifactKey: Guid(055ca939edc25f1458030771f44bab17) Importer(815301076,1909f56bfc062723c751e8b465ee728b)
Start importing Assets/SpaceShooty/Prefabs/C04 Fighter.prefab using Guid(055ca939edc25f1458030771f44bab17) Importer(815301076,1909f56bfc062723c751e8b465ee728b) [PhysX] Initialized MultithreadedTaskDispatcher with 16 workers.
 -> (artifact id: 'f7b570c6d461496dd14b562b17f53841') in 0.000388 seconds
Number of updated asset objects reloaded before import = 0
Number of asset objects unloaded after import = 0
========================================================================
Received Import Request.
  Time since last request: 0.000010 seconds.
  path: Assets/SpaceShooty/Prefabs/Player.prefab
  artifactKey: Guid(387c11ba2c00af841967d767957917ee) Importer(815301076,1909f56bfc062723c751e8b465ee728b)
Start importing Assets/SpaceShooty/Prefabs/Player.prefab using Guid(387c11ba2c00af841967d767957917ee) Importer(815301076,1909f56bfc062723c751e8b465ee728b) [PhysX] Initialized MultithreadedTaskDispatcher with 16 workers.
 -> (artifact id: '572fa19663ed210098e354bcd209d4e3') in 0.000431 seconds
Number of updated asset objects reloaded before import = 0
Number of asset objects unloaded after import = 0
========================================================================
Received Import Request.
  Time since last request: 4.595262 seconds.
  path: Assets/SpaceShooty/Prefabs/C04 Fighter.prefab
  artifactKey: Guid(055ca939edc25f1458030771f44bab17) Importer(815301076,1909f56bfc062723c751e8b465ee728b)
Start importing Assets/SpaceShooty/Prefabs/C04 Fighter.prefab using Guid(055ca939edc25f1458030771f44bab17) Importer(815301076,1909f56bfc062723c751e8b465ee728b) [PhysX] Initialized MultithreadedTaskDispatcher with 16 workers.
 -> (artifact id: 'f7b570c6d461496dd14b562b17f53841') in 0.000740 seconds
Number of updated asset objects reloaded before import = 0
Number of asset objects unloaded after import = 0
========================================================================
Received Import Request.
  Time since last request: 6.231260 seconds.
  path: Assets/SpaceShooty/Prefabs/C04 Fighter.prefab
  artifactKey: Guid(055ca939edc25f1458030771f44bab17) Importer(815301076,1909f56bfc062723c751e8b465ee728b)
Start importing Assets/SpaceShooty/Prefabs/C04 Fighter.prefab using Guid(055ca939edc25f1458030771f44bab17) Importer(815301076,1909f56bfc062723c751e8b465ee728b) [PhysX] Initialized MultithreadedTaskDispatcher with 16 workers.
 -> (artifact id: 'f7b570c6d461496dd14b562b17f53841') in 0.000470 seconds
Number of updated asset objects reloaded before import = 0
Number of asset objects unloaded after import = 0
========================================================================
Received Import Request.
  Time since last request: 0.000029 seconds.
  path: Assets/SpaceShooty/Prefabs/Laser.prefab
  artifactKey: Guid(e048453342c61ae4c8f96605c6bf58e3) Importer(815301076,1909f56bfc062723c751e8b465ee728b)
Start importing Assets/SpaceShooty/Prefabs/Laser.prefab using Guid(e048453342c61ae4c8f96605c6bf58e3) Importer(815301076,1909f56bfc062723c751e8b465ee728b) [PhysX] Initialized MultithreadedTaskDispatcher with 16 workers.
 -> (artifact id: '44f2079319956e86484f34876e28439f') in 0.000400 seconds
Number of updated asset objects reloaded before import = 0
Number of asset objects unloaded after import = 0
========================================================================
Received Import Request.
  Time since last request: 0.370704 seconds.
  path: Assets/SpaceShooty/Prefabs/C04 Fighter.prefab
  artifactKey: Guid(055ca939edc25f1458030771f44bab17) Importer(815301076,1909f56bfc062723c751e8b465ee728b)
Start importing Assets/SpaceShooty/Prefabs/C04 Fighter.prefab using Guid(055ca939edc25f1458030771f44bab17) Importer(815301076,1909f56bfc062723c751e8b465ee728b) [PhysX] Initialized MultithreadedTaskDispatcher with 16 workers.
 -> (artifact id: 'f7b570c6d461496dd14b562b17f53841') in 0.000362 seconds
Number of updated asset objects reloaded before import = 0
Number of asset objects unloaded after import = 0
========================================================================
Received Import Request.
  Time since last request: 0.000010 seconds.
  path: Assets/SpaceShooty/Prefabs/Shell.prefab
  artifactKey: Guid(f16c1bfd844216d4cb1a06a260dc5700) Importer(815301076,1909f56bfc062723c751e8b465ee728b)
Start importing Assets/SpaceShooty/Prefabs/Shell.prefab using Guid(f16c1bfd844216d4cb1a06a260dc5700) Importer(815301076,1909f56bfc062723c751e8b465ee728b) [PhysX] Initialized MultithreadedTaskDispatcher with 16 workers.
 -> (artifact id: '920009f41011e8d0f202c3b657d95d9d') in 0.000415 seconds
Number of updated asset objects reloaded before import = 0
Number of asset objects unloaded after import = 0
========================================================================
Received Import Request.
  Time since last request: 1.710797 seconds.
  path: Assets/SpaceShooty/Prefabs/C04 Fighter.prefab
  artifactKey: Guid(055ca939edc25f1458030771f44bab17) Importer(815301076,1909f56bfc062723c751e8b465ee728b)
Start importing Assets/SpaceShooty/Prefabs/C04 Fighter.prefab using Guid(055ca939edc25f1458030771f44bab17) Importer(815301076,1909f56bfc062723c751e8b465ee728b) [PhysX] Initialized MultithreadedTaskDispatcher with 16 workers.
 -> (artifact id: 'f7b570c6d461496dd14b562b17f53841') in 0.000405 seconds
Number of updated asset objects reloaded before import = 0
Number of asset objects unloaded after import = 0
========================================================================
Received Import Request.
  Time since last request: 0.000010 seconds.
  path: Assets/SpaceShooty/Prefabs/Player.prefab
  artifactKey: Guid(387c11ba2c00af841967d767957917ee) Importer(815301076,1909f56bfc062723c751e8b465ee728b)
Start importing Assets/SpaceShooty/Prefabs/Player.prefab using Guid(387c11ba2c00af841967d767957917ee) Importer(815301076,1909f56bfc062723c751e8b465ee728b) [PhysX] Initialized MultithreadedTaskDispatcher with 16 workers.
 -> (artifact id: '572fa19663ed210098e354bcd209d4e3') in 0.000504 seconds
Number of updated asset objects reloaded before import = 0
Number of asset objects unloaded after import = 0
========================================================================
Received Import Request.
  Time since last request: 8.836047 seconds.
  path: Assets/SpaceShooty/Prefabs/C04 Fighter.prefab
  artifactKey: Guid(055ca939edc25f1458030771f44bab17) Importer(815301076,1909f56bfc062723c751e8b465ee728b)
Start importing Assets/SpaceShooty/Prefabs/C04 Fighter.prefab using Guid(055ca939edc25f1458030771f44bab17) Importer(815301076,1909f56bfc062723c751e8b465ee728b) [PhysX] Initialized MultithreadedTaskDispatcher with 16 workers.
 -> (artifact id: 'f7b570c6d461496dd14b562b17f53841') in 0.000431 seconds
Number of updated asset objects reloaded before import = 0
Number of asset objects unloaded after import = 0
========================================================================
Received Import Request.
  Time since last request: 0.000027 seconds.
  path: Assets/SpaceShooty/Prefabs/Laser.prefab
  artifactKey: Guid(e048453342c61ae4c8f96605c6bf58e3) Importer(815301076,1909f56bfc062723c751e8b465ee728b)
Start importing Assets/SpaceShooty/Prefabs/Laser.prefab using Guid(e048453342c61ae4c8f96605c6bf58e3) Importer(815301076,1909f56bfc062723c751e8b465ee728b) [PhysX] Initialized MultithreadedTaskDispatcher with 16 workers.
 -> (artifact id: '44f2079319956e86484f34876e28439f') in 0.000480 seconds
Number of updated asset objects reloaded before import = 0
Number of asset objects unloaded after import = 0
========================================================================
Received Import Request.
  Time since last request: 0.368379 seconds.
  path: Assets/SpaceShooty/Prefabs/C04 Fighter.prefab
  artifactKey: Guid(055ca939edc25f1458030771f44bab17) Importer(815301076,1909f56bfc062723c751e8b465ee728b)
Start importing Assets/SpaceShooty/Prefabs/C04 Fighter.prefab using Guid(055ca939edc25f1458030771f44bab17) Importer(815301076,1909f56bfc062723c751e8b465ee728b) [PhysX] Initialized MultithreadedTaskDispatcher with 16 workers.
 -> (artifact id: 'f7b570c6d461496dd14b562b17f53841') in 0.000461 seconds
Number of updated asset objects reloaded before import = 0
Number of asset objects unloaded after import = 0
========================================================================
Received Import Request.
  Time since last request: 0.000010 seconds.
  path: Assets/SpaceShooty/Prefabs/Laser.prefab
  artifactKey: Guid(e048453342c61ae4c8f96605c6bf58e3) Importer(815301076,1909f56bfc062723c751e8b465ee728b)
Start importing Assets/SpaceShooty/Prefabs/Laser.prefab using Guid(e048453342c61ae4c8f96605c6bf58e3) Importer(815301076,1909f56bfc062723c751e8b465ee728b) [PhysX] Initialized MultithreadedTaskDispatcher with 16 workers.
 -> (artifact id: '44f2079319956e86484f34876e28439f') in 0.000401 seconds
Number of updated asset objects reloaded before import = 0
Number of asset objects unloaded after import = 0
========================================================================
Received Import Request.
  Time since last request: 6.218217 seconds.
  path: Assets/SpaceShooty/Prefabs/C04 Fighter.prefab
  artifactKey: Guid(055ca939edc25f1458030771f44bab17) Importer(815301076,1909f56bfc062723c751e8b465ee728b)
Start importing Assets/SpaceShooty/Prefabs/C04 Fighter.prefab using Guid(055ca939edc25f1458030771f44bab17) Importer(815301076,1909f56bfc062723c751e8b465ee728b) [PhysX] Initialized MultithreadedTaskDispatcher with 16 workers.
 -> (artifact id: 'f7b570c6d461496dd14b562b17f53841') in 0.000435 seconds
Number of updated asset objects reloaded before import = 0
Number of asset objects unloaded after import = 0
========================================================================
Received Import Request.
  Time since last request: 0.000011 seconds.
  path: Assets/SpaceShooty/Prefabs/Player.prefab
  artifactKey: Guid(387c11ba2c00af841967d767957917ee) Importer(815301076,1909f56bfc062723c751e8b465ee728b)
Start importing Assets/SpaceShooty/Prefabs/Player.prefab using Guid(387c11ba2c00af841967d767957917ee) Importer(815301076,1909f56bfc062723c751e8b465ee728b) [PhysX] Initialized MultithreadedTaskDispatcher with 16 workers.
 -> (artifact id: '572fa19663ed210098e354bcd209d4e3') in 0.000476 seconds
Number of updated asset objects reloaded before import = 0
Number of asset objects unloaded after import = 0
========================================================================
Received Import Request.
  Time since last request: 12.448954 seconds.
  path: Assets/SpaceShooty/Prefabs/C04 Fighter.prefab
  artifactKey: Guid(055ca939edc25f1458030771f44bab17) Importer(815301076,1909f56bfc062723c751e8b465ee728b)
Start importing Assets/SpaceShooty/Prefabs/C04 Fighter.prefab using Guid(055ca939edc25f1458030771f44bab17) Importer(815301076,1909f56bfc062723c751e8b465ee728b) [PhysX] Initialized MultithreadedTaskDispatcher with 16 workers.
 -> (artifact id: 'f7b570c6d461496dd14b562b17f53841') in 0.000438 seconds
Number of updated asset objects reloaded before import = 0
Number of asset objects unloaded after import = 0
========================================================================
Received Import Request.
  Time since last request: 0.000012 seconds.
  path: Assets/SpaceShooty/Prefabs/Shell.prefab
  artifactKey: Guid(f16c1bfd844216d4cb1a06a260dc5700) Importer(815301076,1909f56bfc062723c751e8b465ee728b)
Start importing Assets/SpaceShooty/Prefabs/Shell.prefab using Guid(f16c1bfd844216d4cb1a06a260dc5700) Importer(815301076,1909f56bfc062723c751e8b465ee728b) [PhysX] Initialized MultithreadedTaskDispatcher with 16 workers.
 -> (artifact id: '758c90290a3be949431429b221ca524e') in 0.000469 seconds
Number of updated asset objects reloaded before import = 0
Number of asset objects unloaded after import = 0
========================================================================
Received Import Request.
  Time since last request: 6.635395 seconds.
  path: Assets/SpaceShooty/Prefabs/C04 Fighter.prefab
  artifactKey: Guid(055ca939edc25f1458030771f44bab17) Importer(815301076,1909f56bfc062723c751e8b465ee728b)
Start importing Assets/SpaceShooty/Prefabs/C04 Fighter.prefab using Guid(055ca939edc25f1458030771f44bab17) Importer(815301076,1909f56bfc062723c751e8b465ee728b) [PhysX] Initialized MultithreadedTaskDispatcher with 16 workers.
 -> (artifact id: 'f7b570c6d461496dd14b562b17f53841') in 0.000410 seconds
Number of updated asset objects reloaded before import = 0
Number of asset objects unloaded after import = 0
========================================================================
Received Import Request.
  Time since last request: 7.929543 seconds.
  path: Assets/SpaceShooty/Prefabs/C01 Cruiser.prefab
  artifactKey: Guid(98f07bc61f409944fbd3ddc3bb317267) Importer(815301076,1909f56bfc062723c751e8b465ee728b)
Start importing Assets/SpaceShooty/Prefabs/C01 Cruiser.prefab using Guid(98f07bc61f409944fbd3ddc3bb317267) Importer(815301076,1909f56bfc062723c751e8b465ee728b) [PhysX] Initialized MultithreadedTaskDispatcher with 16 workers.
 -> (artifact id: '7ae8b22587db9f85046cfc9577009ab9') in 0.000468 seconds
Number of updated asset objects reloaded before import = 0
Number of asset objects unloaded after import = 0
========================================================================
Received Import Request.
  Time since last request: 0.000062 seconds.
  path: Assets/SpaceShooty/Prefabs/Shell.prefab
  artifactKey: Guid(f16c1bfd844216d4cb1a06a260dc5700) Importer(815301076,1909f56bfc062723c751e8b465ee728b)
Start importing Assets/SpaceShooty/Prefabs/Shell.prefab using Guid(f16c1bfd844216d4cb1a06a260dc5700) Importer(815301076,1909f56bfc062723c751e8b465ee728b) [PhysX] Initialized MultithreadedTaskDispatcher with 16 workers.
 -> (artifact id: '758c90290a3be949431429b221ca524e') in 0.000474 seconds
Number of updated asset objects reloaded before import = 0
Number of asset objects unloaded after import = 0
========================================================================
Received Import Request.
  Time since last request: 0.735257 seconds.
  path: Assets/SpaceShooty/Prefabs/C04 Fighter.prefab
  artifactKey: Guid(055ca939edc25f1458030771f44bab17) Importer(815301076,1909f56bfc062723c751e8b465ee728b)
Start importing Assets/SpaceShooty/Prefabs/C04 Fighter.prefab using Guid(055ca939edc25f1458030771f44bab17) Importer(815301076,1909f56bfc062723c751e8b465ee728b) [PhysX] Initialized MultithreadedTaskDispatcher with 16 workers.
 -> (artifact id: 'f7b570c6d461496dd14b562b17f53841') in 0.000411 seconds
Number of updated asset objects reloaded before import = 0
Number of asset objects unloaded after import = 0
========================================================================
Received Import Request.
  Time since last request: 0.000010 seconds.
  path: Assets/SpaceShooty/Prefabs/Laser.prefab
  artifactKey: Guid(e048453342c61ae4c8f96605c6bf58e3) Importer(815301076,1909f56bfc062723c751e8b465ee728b)
Start importing Assets/SpaceShooty/Prefabs/Laser.prefab using Guid(e048453342c61ae4c8f96605c6bf58e3) Importer(815301076,1909f56bfc062723c751e8b465ee728b) [PhysX] Initialized MultithreadedTaskDispatcher with 16 workers.
 -> (artifact id: '44f2079319956e86484f34876e28439f') in 0.000443 seconds
Number of updated asset objects reloaded before import = 0
Number of asset objects unloaded after import = 0
========================================================================
Received Import Request.
  Time since last request: 3.452561 seconds.
  path: Assets/SpaceShooty/Prefabs/C01 Cruiser.prefab
  artifactKey: Guid(98f07bc61f409944fbd3ddc3bb317267) Importer(815301076,1909f56bfc062723c751e8b465ee728b)
Start importing Assets/SpaceShooty/Prefabs/C01 Cruiser.prefab using Guid(98f07bc61f409944fbd3ddc3bb317267) Importer(815301076,1909f56bfc062723c751e8b465ee728b) [PhysX] Initialized MultithreadedTaskDispatcher with 16 workers.
 -> (artifact id: '7ae8b22587db9f85046cfc9577009ab9') in 0.000451 seconds
Number of updated asset objects reloaded before import = 0
Number of asset objects unloaded after import = 0
========================================================================
Received Import Request.
  Time since last request: 0.000010 seconds.
  path: Assets/SpaceShooty/Prefabs/Shell.prefab
  artifactKey: Guid(f16c1bfd844216d4cb1a06a260dc5700) Importer(815301076,1909f56bfc062723c751e8b465ee728b)
Start importing Assets/SpaceShooty/Prefabs/Shell.prefab using Guid(f16c1bfd844216d4cb1a06a260dc5700) Importer(815301076,1909f56bfc062723c751e8b465ee728b) [PhysX] Initialized MultithreadedTaskDispatcher with 16 workers.
 -> (artifact id: '758c90290a3be949431429b221ca524e') in 0.000417 seconds
Number of updated asset objects reloaded before import = 0
Number of asset objects unloaded after import = 0
========================================================================
Received Import Request.
  Time since last request: 1.446961 seconds.
  path: Assets/SpaceShooty/Prefabs/C01 Cruiser.prefab
  artifactKey: Guid(98f07bc61f409944fbd3ddc3bb317267) Importer(815301076,1909f56bfc062723c751e8b465ee728b)
Start importing Assets/SpaceShooty/Prefabs/C01 Cruiser.prefab using Guid(98f07bc61f409944fbd3ddc3bb317267) Importer(815301076,1909f56bfc062723c751e8b465ee728b) [PhysX] Initialized MultithreadedTaskDispatcher with 16 workers.
 -> (artifact id: '7ae8b22587db9f85046cfc9577009ab9') in 0.000394 seconds
Number of updated asset objects reloaded before import = 0
Number of asset objects unloaded after import = 0
========================================================================
Received Import Request.
  Time since last request: 0.000010 seconds.
  path: Assets/SpaceShooty/Prefabs/Shell.prefab
  artifactKey: Guid(f16c1bfd844216d4cb1a06a260dc5700) Importer(815301076,1909f56bfc062723c751e8b465ee728b)
Start importing Assets/SpaceShooty/Prefabs/Shell.prefab using Guid(f16c1bfd844216d4cb1a06a260dc5700) Importer(815301076,1909f56bfc062723c751e8b465ee728b) [PhysX] Initialized MultithreadedTaskDispatcher with 16 workers.
 -> (artifact id: '758c90290a3be949431429b221ca524e') in 0.000451 seconds
Number of updated asset objects reloaded before import = 0
Number of asset objects unloaded after import = 0
========================================================================
Received Import Request.
  Time since last request: 1.444682 seconds.
  path: Assets/SpaceShooty/Prefabs/C01 Cruiser.prefab
  artifactKey: Guid(98f07bc61f409944fbd3ddc3bb317267) Importer(815301076,1909f56bfc062723c751e8b465ee728b)
Start importing Assets/SpaceShooty/Prefabs/C01 Cruiser.prefab using Guid(98f07bc61f409944fbd3ddc3bb317267) Importer(815301076,1909f56bfc062723c751e8b465ee728b) [PhysX] Initialized MultithreadedTaskDispatcher with 16 workers.
 -> (artifact id: '7ae8b22587db9f85046cfc9577009ab9') in 0.000447 seconds
Number of updated asset objects reloaded before import = 0
Number of asset objects unloaded after import = 0
========================================================================
Received Import Request.
  Time since last request: 0.000011 seconds.
  path: Assets/SpaceShooty/Prefabs/Laser.prefab
  artifactKey: Guid(e048453342c61ae4c8f96605c6bf58e3) Importer(815301076,1909f56bfc062723c751e8b465ee728b)
Start importing Assets/SpaceShooty/Prefabs/Laser.prefab using Guid(e048453342c61ae4c8f96605c6bf58e3) Importer(815301076,1909f56bfc062723c751e8b465ee728b) [PhysX] Initialized MultithreadedTaskDispatcher with 16 workers.
 -> (artifact id: '44f2079319956e86484f34876e28439f') in 0.000474 seconds
Number of updated asset objects reloaded before import = 0
Number of asset objects unloaded after import = 0
Editor requested this worker to shutdown with reason: Scaling down because of idle timeout
TcpMessagingSession - receive error: operation aborted. errorcode: 995, details: The I/O operation has been aborted because of either a thread exit or an application request.
AssetImportWorker is now disconnected from the server
Process exiting
Exiting without the bug reporter. Application will terminate with return code 0