Using pre-set license
Built from '2022.3/staging' branch; Version is '2022.3.42f1 (2dcb6a0abc42) revision 3001194'; Using compiler version '192829333'; Build Type 'Release'
OS: 'Windows 11  (10.0.22631) 64bit Core' Language: 'en' Physical Memory: 31900 MB
BatchMode: 1, IsHumanControllingUs: 0, StartBugReporterOnCrash: 0, Is64bit: 1, IsPro: 1

COMMAND LINE ARGUMENTS:
C:\Program Files\Unity\Hub\Editor\2022.3.42f1\Editor\Unity.exe
-adb2
-batchMode
-noUpm
-name
AssetImportWorker5
-projectPath
C:/Users/Isaiah/Unity Projects/Da-372-Shtuff/MAGD 372 Projects
-logFile
Logs/AssetImportWorker5.log
-srvPort
52057
Successfully changed project path to: C:/Users/Isaiah/Unity Projects/Da-372-Shtuff/MAGD 372 Projects
C:/Users/Isaiah/Unity Projects/Da-372-Shtuff/MAGD 372 Projects
[UnityMemory] Configuration Parameters - Can be set up in boot.config
    "memorysetup-bucket-allocator-granularity=16"
    "memorysetup-bucket-allocator-bucket-count=8"
    "memorysetup-bucket-allocator-block-size=33554432"
    "memorysetup-bucket-allocator-block-count=8"
    "memorysetup-main-allocator-block-size=16777216"
    "memorysetup-thread-allocator-block-size=16777216"
    "memorysetup-gfx-main-allocator-block-size=16777216"
    "memorysetup-gfx-thread-allocator-block-size=16777216"
    "memorysetup-cache-allocator-block-size=4194304"
    "memorysetup-typetree-allocator-block-size=2097152"
    "memorysetup-profiler-bucket-allocator-granularity=16"
    "memorysetup-profiler-bucket-allocator-bucket-count=8"
    "memorysetup-profiler-bucket-allocator-block-size=33554432"
    "memorysetup-profiler-bucket-allocator-block-count=8"
    "memorysetup-profiler-allocator-block-size=16777216"
    "memorysetup-profiler-editor-allocator-block-size=1048576"
    "memorysetup-temp-allocator-size-main=16777216"
    "memorysetup-job-temp-allocator-block-size=2097152"
    "memorysetup-job-temp-allocator-block-size-background=1048576"
    "memorysetup-job-temp-allocator-reduction-small-platforms=262144"
    "memorysetup-allocator-temp-initial-block-size-main=262144"
    "memorysetup-allocator-temp-initial-block-size-worker=262144"
    "memorysetup-temp-allocator-size-background-worker=32768"
    "memorysetup-temp-allocator-size-job-worker=262144"
    "memorysetup-temp-allocator-size-preload-manager=33554432"
    "memorysetup-temp-allocator-size-nav-mesh-worker=65536"
    "memorysetup-temp-allocator-size-audio-worker=65536"
    "memorysetup-temp-allocator-size-cloud-worker=32768"
    "memorysetup-temp-allocator-size-gi-baking-worker=262144"
    "memorysetup-temp-allocator-size-gfx=262144"
Player connection [43688]  Target information:

Player connection [43688]  * "[IP] 192.168.1.167 [Port] 0 [Flags] 2 [Guid] 3932953372 [EditorId] 3932953372 [Version] 1048832 [Id] WindowsEditor(7,idebljmDesktop) [Debug] 1 [PackageName] WindowsEditor [ProjectName] Editor" 

Player connection [43688] Host joined multi-casting on [225.0.0.222:54997]...
Player connection [43688] Host joined alternative multi-casting on [225.0.0.222:34997]...
[PhysX] Initialized MultithreadedTaskDispatcher with 16 workers.
Refreshing native plugins compatible for Editor in 11.92 ms, found 3 plugins.
Preloading 0 native plugins for Editor in 0.00 ms.
Initialize engine version: 2022.3.42f1 (2dcb6a0abc42)
[Subsystems] Discovering subsystems at path C:/Program Files/Unity/Hub/Editor/2022.3.42f1/Editor/Data/Resources/UnitySubsystems
[Subsystems] Discovering subsystems at path C:/Users/Isaiah/Unity Projects/Da-372-Shtuff/MAGD 372 Projects/Assets
GfxDevice: creating device client; threaded=0; jobified=0
Direct3D:
    Version:  Direct3D 11.0 [level 11.1]
    Renderer: NVIDIA GeForce RTX 4060 Ti (ID=0x2803)
    Vendor:   NVIDIA
    VRAM:     16109 MB
    Driver:   32.0.15.7216
Initialize mono
Mono path[0] = 'C:/Program Files/Unity/Hub/Editor/2022.3.42f1/Editor/Data/Managed'
Mono path[1] = 'C:/Program Files/Unity/Hub/Editor/2022.3.42f1/Editor/Data/MonoBleedingEdge/lib/mono/unityjit-win32'
Mono config path = 'C:/Program Files/Unity/Hub/Editor/2022.3.42f1/Editor/Data/MonoBleedingEdge/etc'
Using monoOptions --debugger-agent=transport=dt_socket,embedding=1,server=y,suspend=n,address=127.0.0.1:56792
Begin MonoManager ReloadAssembly
Registering precompiled unity dll's ...
Register platform support module: C:/Program Files/Unity/Hub/Editor/2022.3.42f1/Editor/Data/PlaybackEngines/AndroidPlayer/UnityEditor.Android.Extensions.dll
Register platform support module: C:/Program Files/Unity/Hub/Editor/2022.3.42f1/Editor/Data/PlaybackEngines/WindowsStandaloneSupport/UnityEditor.WindowsStandalone.Extensions.dll
Register platform support module: C:/Program Files/Unity/Hub/Editor/2022.3.42f1/Editor/Data/PlaybackEngines/MetroSupport/UnityEditor.UWP.Extensions.dll
Registered in 0.005458 seconds.
- Loaded All Assemblies, in  0.201 seconds
Native extension for UWP target not found
Native extension for WindowsStandalone target not found
Native extension for Android target not found
Mono: successfully reloaded assembly
- Finished resetting the current domain, in  0.185 seconds
Domain Reload Profiling: 385ms
	BeginReloadAssembly (63ms)
		ExecutionOrderSort (0ms)
		DisableScriptedObjects (0ms)
		BackupInstance (0ms)
		ReleaseScriptingObjects (0ms)
		CreateAndSetChildDomain (0ms)
	RebuildCommonClasses (18ms)
	RebuildNativeTypeToScriptingClass (6ms)
	initialDomainReloadingComplete (33ms)
	LoadAllAssembliesAndSetupDomain (80ms)
		LoadAssemblies (63ms)
		RebuildTransferFunctionScriptingTraits (0ms)
		AnalyzeDomain (78ms)
			TypeCache.Refresh (77ms)
				TypeCache.ScanAssembly (70ms)
			ScanForSourceGeneratedMonoScriptInfo (0ms)
			ResolveRequiredComponents (0ms)
	FinalizeReload (185ms)
		ReleaseScriptCaches (0ms)
		RebuildScriptCaches (0ms)
		SetupLoadedEditorAssemblies (158ms)
			LogAssemblyErrors (0ms)
			InitializePlatformSupportModulesInManaged (59ms)
			SetLoadedEditorAssemblies (2ms)
			RefreshPlugins (0ms)
			BeforeProcessingInitializeOnLoad (1ms)
			ProcessInitializeOnLoadAttributes (69ms)
			ProcessInitializeOnLoadMethodAttributes (27ms)
			AfterProcessingInitializeOnLoad (0ms)
			EditorAssembliesLoaded (0ms)
		ExecutionOrderSort2 (0ms)
		AwakeInstancesAfterBackupRestoration (0ms)
========================================================================
Worker process is ready to serve import requests
Caller must complete domain reload
Begin MonoManager ReloadAssembly
Symbol file LoadedFromMemory is not a mono symbol file
- Loaded All Assemblies, in  0.474 seconds
Native extension for UWP target not found
Native extension for WindowsStandalone target not found
Native extension for Android target not found
Mono: successfully reloaded assembly
- Finished resetting the current domain, in  0.605 seconds
Domain Reload Profiling: 1077ms
	BeginReloadAssembly (84ms)
		ExecutionOrderSort (0ms)
		DisableScriptedObjects (3ms)
		BackupInstance (0ms)
		ReleaseScriptingObjects (0ms)
		CreateAndSetChildDomain (16ms)
	RebuildCommonClasses (17ms)
	RebuildNativeTypeToScriptingClass (6ms)
	initialDomainReloadingComplete (28ms)
	LoadAllAssembliesAndSetupDomain (338ms)
		LoadAssemblies (204ms)
		RebuildTransferFunctionScriptingTraits (0ms)
		AnalyzeDomain (181ms)
			TypeCache.Refresh (154ms)
				TypeCache.ScanAssembly (142ms)
			ScanForSourceGeneratedMonoScriptInfo (19ms)
			ResolveRequiredComponents (6ms)
	FinalizeReload (605ms)
		ReleaseScriptCaches (0ms)
		RebuildScriptCaches (0ms)
		SetupLoadedEditorAssemblies (483ms)
			LogAssemblyErrors (0ms)
			InitializePlatformSupportModulesInManaged (14ms)
			SetLoadedEditorAssemblies (3ms)
			RefreshPlugins (0ms)
			BeforeProcessingInitializeOnLoad (58ms)
			ProcessInitializeOnLoadAttributes (383ms)
			ProcessInitializeOnLoadMethodAttributes (21ms)
			AfterProcessingInitializeOnLoad (4ms)
			EditorAssembliesLoaded (0ms)
		ExecutionOrderSort2 (0ms)
		AwakeInstancesAfterBackupRestoration (3ms)
Launched and connected shader compiler UnityShaderCompiler.exe after 0.03 seconds
Refreshing native plugins compatible for Editor in 7.70 ms, found 3 plugins.
Preloading 0 native plugins for Editor in 0.00 ms.
Unloading 7391 Unused Serialized files (Serialized files now loaded: 0)
Unloading 192 unused Assets / (13.9 MB). Loaded Objects now: 7744.
Memory consumption went from 344.3 MB to 330.4 MB.
Total: 9.093900 ms (FindLiveObjects: 0.983000 ms CreateObjectMapping: 0.675800 ms MarkObjects: 3.773300 ms  DeleteObjects: 3.660600 ms)

AssetImportParameters requested are different than current active one (requested -> active):
  custom:container-demuxer-ogg: 62fdf1f143b41e24485cea50d1cbac27 -> 
  custom:framework-win-MediaFoundation: 216162199b28c13a410421893ffa2e32 -> 
  custom:scripting/monoscript/fileName/DestroyerHealth.cs: af2148d38daccb6a6ebc06da04049be4 -> 65a15f30bafbe703e697fb87718d2352
  custom:container-muxer-webm: aa71ff27fc2769a1b78a27578f13a17b -> 
  custom:video-decoder-webm-vp8: 9c59270c3fd7afecdb556c50c9e8de78 -> 
  custom:SearchIndexIgnoredProperties: e643bd26f0fe6173181afceb89e7c659 -> 
  custom:AudioImporter_EditorPlatform: d09bf68614088b80899f8185d706f6e7 -> 
  custom:audio-decoder-ogg-vorbis: bf7c407c2cedff20999df2af8eb42d56 -> 
  custom:scripting/monoscript/fileName/CruiserHealth.cs: d4396c74acba6e6620f8f0ed1f406c76 -> b805cc496f66499affd34364065b76e2
  custom:audio-encoder-webm-vorbis: bf7c407c2cedff20999df2af8eb42d56 -> 
  custom:video-codec-MediaFoundation-h265: 746d11721c4dcdbdad8f713fa42b33f4 -> 
  custom:video-decoder-ogg-theora: a1e56fd34408186e4bbccfd4996cb3dc -> 
  custom:CustomObjectIndexerAttribute: 72b91833f83ae208fae7752999fa3104 -> 
  custom:container-demuxer-webm: 4f35f7cbe854078d1ac9338744f61a02 -> 
  custom:scripting/monoscript/fileName/FighterHealth.cs: f49e7b9db47e4bea9d4b57ea31976cbd -> 126baef1d75cab95dd06dc3ec02d89bd
  custom:scripting/monoscript/fileName/FrigateHealth.cs: 893e468e3f35edb8064ddf44dcb50f2d -> 64741ea1337a2c8449c1670dc1aa3fa1
  custom:video-encoder-webm-vp8: eb34c28f22e8b96e1ab97ce403110664 -> 
========================================================================
Received Import Request.
  Time since last request: 1222462.036649 seconds.
  path: Assets/SpaceShooty/Prefabs/C04 Fighter.prefab
  artifactKey: Guid(055ca939edc25f1458030771f44bab17) Importer(815301076,1909f56bfc062723c751e8b465ee728b)
Start importing Assets/SpaceShooty/Prefabs/C04 Fighter.prefab using Guid(055ca939edc25f1458030771f44bab17) Importer(815301076,1909f56bfc062723c751e8b465ee728b) [PhysX] Initialized MultithreadedTaskDispatcher with 16 workers.
[PhysX] Initialized MultithreadedTaskDispatcher with 16 workers.
 -> (artifact id: '3972598f7aec10b424d88b84b0cbee17') in 0.047498 seconds
Number of updated asset objects reloaded before import = 0
Number of asset objects unloaded after import = 19
========================================================================
Received Import Request.
  Time since last request: 116.115411 seconds.
  path: Assets/SpaceShooty/Prefabs/D01 Destroyer.prefab
  artifactKey: Guid(224bdfc761dc4f647b471ad79019869e) Importer(815301076,1909f56bfc062723c751e8b465ee728b)
Start importing Assets/SpaceShooty/Prefabs/D01 Destroyer.prefab using Guid(224bdfc761dc4f647b471ad79019869e) Importer(815301076,1909f56bfc062723c751e8b465ee728b) [PhysX] Initialized MultithreadedTaskDispatcher with 16 workers.
[PhysX] Initialized MultithreadedTaskDispatcher with 16 workers.
 -> (artifact id: 'ab1edf532c369feb250435e6579ab0cc') in 0.005987 seconds
Number of updated asset objects reloaded before import = 0
Number of asset objects unloaded after import = 19
========================================================================
Received Import Request.
  Time since last request: 0.000010 seconds.
  path: Assets/SpaceShooty/Prefabs/Player.prefab
  artifactKey: Guid(387c11ba2c00af841967d767957917ee) Importer(815301076,1909f56bfc062723c751e8b465ee728b)
Start importing Assets/SpaceShooty/Prefabs/Player.prefab using Guid(387c11ba2c00af841967d767957917ee) Importer(815301076,1909f56bfc062723c751e8b465ee728b) [PhysX] Initialized MultithreadedTaskDispatcher with 16 workers.
[PhysX] Initialized MultithreadedTaskDispatcher with 16 workers.
 -> (artifact id: '9bb71ab86d361a9c94787183360be86f') in 0.017287 seconds
Number of updated asset objects reloaded before import = 0
Number of asset objects unloaded after import = 128
========================================================================
Received Import Request.
  Time since last request: 0.000013 seconds.
  path: Assets/SpaceShooty/Prefabs/F04 Frigate.prefab
  artifactKey: Guid(4f92f9d7e224fa441914f9520de32dcb) Importer(815301076,1909f56bfc062723c751e8b465ee728b)
Start importing Assets/SpaceShooty/Prefabs/F04 Frigate.prefab using Guid(4f92f9d7e224fa441914f9520de32dcb) Importer(815301076,1909f56bfc062723c751e8b465ee728b) [PhysX] Initialized MultithreadedTaskDispatcher with 16 workers.
[PhysX] Initialized MultithreadedTaskDispatcher with 16 workers.
 -> (artifact id: '73f3d45371353354b1f9807a03675392') in 0.005997 seconds
Number of updated asset objects reloaded before import = 0
Number of asset objects unloaded after import = 19
========================================================================
Received Import Request.
  Time since last request: 8.212610 seconds.
  path: Assets/SpaceShooty/Prefabs/Player.prefab
  artifactKey: Guid(387c11ba2c00af841967d767957917ee) Importer(815301076,1909f56bfc062723c751e8b465ee728b)
Start importing Assets/SpaceShooty/Prefabs/Player.prefab using Guid(387c11ba2c00af841967d767957917ee) Importer(815301076,1909f56bfc062723c751e8b465ee728b) [PhysX] Initialized MultithreadedTaskDispatcher with 16 workers.
[PhysX] Initialized MultithreadedTaskDispatcher with 16 workers.
 -> (artifact id: '29c355541eb2ebf3b6dc29e331a04458') in 0.072024 seconds
Number of updated asset objects reloaded before import = 0
Number of asset objects unloaded after import = 118
========================================================================
Received Import Request.
  Time since last request: 53.911830 seconds.
  path: Assets/SpaceShooty/Prefabs/Player.prefab
  artifactKey: Guid(387c11ba2c00af841967d767957917ee) Importer(815301076,1909f56bfc062723c751e8b465ee728b)
Start importing Assets/SpaceShooty/Prefabs/Player.prefab using Guid(387c11ba2c00af841967d767957917ee) Importer(815301076,1909f56bfc062723c751e8b465ee728b) [PhysX] Initialized MultithreadedTaskDispatcher with 16 workers.
[PhysX] Initialized MultithreadedTaskDispatcher with 16 workers.
 -> (artifact id: '6d72da936a80659ca96690e7f7701314') in 0.008097 seconds
Number of updated asset objects reloaded before import = 0
Number of asset objects unloaded after import = 128
========================================================================
Received Import Request.
  Time since last request: 6.027515 seconds.
  path: Assets/SpaceShooty/Prefabs/Player.prefab
  artifactKey: Guid(387c11ba2c00af841967d767957917ee) Importer(815301076,1909f56bfc062723c751e8b465ee728b)
Start importing Assets/SpaceShooty/Prefabs/Player.prefab using Guid(387c11ba2c00af841967d767957917ee) Importer(815301076,1909f56bfc062723c751e8b465ee728b) [PhysX] Initialized MultithreadedTaskDispatcher with 16 workers.
[PhysX] Initialized MultithreadedTaskDispatcher with 16 workers.
 -> (artifact id: '7533aadce46d12288c76c131414e1b4f') in 0.015098 seconds
Number of updated asset objects reloaded before import = 0
Number of asset objects unloaded after import = 138
========================================================================
Received Import Request.
  Time since last request: 6.031037 seconds.
  path: Assets/SpaceShooty/Prefabs/Player.prefab
  artifactKey: Guid(387c11ba2c00af841967d767957917ee) Importer(815301076,1909f56bfc062723c751e8b465ee728b)
Start importing Assets/SpaceShooty/Prefabs/Player.prefab using Guid(387c11ba2c00af841967d767957917ee) Importer(815301076,1909f56bfc062723c751e8b465ee728b) [PhysX] Initialized MultithreadedTaskDispatcher with 16 workers.
[PhysX] Initialized MultithreadedTaskDispatcher with 16 workers.
 -> (artifact id: '97e4bd6d8691f2e013c489ca296e1c45') in 0.013429 seconds
Number of updated asset objects reloaded before import = 0
Number of asset objects unloaded after import = 148
========================================================================
Received Import Request.
  Time since last request: 4.442380 seconds.
  path: Assets/SpaceShooty/Prefabs/Player.prefab
  artifactKey: Guid(387c11ba2c00af841967d767957917ee) Importer(815301076,1909f56bfc062723c751e8b465ee728b)
Start importing Assets/SpaceShooty/Prefabs/Player.prefab using Guid(387c11ba2c00af841967d767957917ee) Importer(815301076,1909f56bfc062723c751e8b465ee728b) [PhysX] Initialized MultithreadedTaskDispatcher with 16 workers.
[PhysX] Initialized MultithreadedTaskDispatcher with 16 workers.
 -> (artifact id: 'ecf5c80d7a3621e7a05445cb5ea43b35') in 0.055159 seconds
Number of updated asset objects reloaded before import = 0
Number of asset objects unloaded after import = 188
========================================================================
Received Import Request.
  Time since last request: 46.909312 seconds.
  path: Assets/SpaceShooty/Prefabs/Player.prefab
  artifactKey: Guid(387c11ba2c00af841967d767957917ee) Importer(815301076,1909f56bfc062723c751e8b465ee728b)
Start importing Assets/SpaceShooty/Prefabs/Player.prefab using Guid(387c11ba2c00af841967d767957917ee) Importer(815301076,1909f56bfc062723c751e8b465ee728b) [PhysX] Initialized MultithreadedTaskDispatcher with 16 workers.
[PhysX] Initialized MultithreadedTaskDispatcher with 16 workers.
 -> (artifact id: 'aeea742c6faff6f207407693161dc544') in 0.007697 seconds
Number of updated asset objects reloaded before import = 0
Number of asset objects unloaded after import = 206
========================================================================
Received Import Request.
  Time since last request: 7.435648 seconds.
  path: Assets/SpaceShooty/Prefabs/Player.prefab
  artifactKey: Guid(387c11ba2c00af841967d767957917ee) Importer(815301076,1909f56bfc062723c751e8b465ee728b)
Start importing Assets/SpaceShooty/Prefabs/Player.prefab using Guid(387c11ba2c00af841967d767957917ee) Importer(815301076,1909f56bfc062723c751e8b465ee728b) [PhysX] Initialized MultithreadedTaskDispatcher with 16 workers.
[PhysX] Initialized MultithreadedTaskDispatcher with 16 workers.
 -> (artifact id: 'a685c57c2d9e6e085e900322a1ef78c5') in 0.014987 seconds
Number of updated asset objects reloaded before import = 0
Number of asset objects unloaded after import = 206
========================================================================
Received Import Request.
  Time since last request: 1.788676 seconds.
  path: Assets/SpaceShooty/Prefabs/Player.prefab
  artifactKey: Guid(387c11ba2c00af841967d767957917ee) Importer(815301076,1909f56bfc062723c751e8b465ee728b)
Start importing Assets/SpaceShooty/Prefabs/Player.prefab using Guid(387c11ba2c00af841967d767957917ee) Importer(815301076,1909f56bfc062723c751e8b465ee728b) [PhysX] Initialized MultithreadedTaskDispatcher with 16 workers.
[PhysX] Initialized MultithreadedTaskDispatcher with 16 workers.
 -> (artifact id: 'ab5f1587aacad2a4ba1f8e09805678e0') in 0.013648 seconds
Number of updated asset objects reloaded before import = 0
Number of asset objects unloaded after import = 206
========================================================================
Received Import Request.
  Time since last request: 4.811941 seconds.
  path: Assets/SpaceShooty/Prefabs/Player.prefab
  artifactKey: Guid(387c11ba2c00af841967d767957917ee) Importer(815301076,1909f56bfc062723c751e8b465ee728b)
Start importing Assets/SpaceShooty/Prefabs/Player.prefab using Guid(387c11ba2c00af841967d767957917ee) Importer(815301076,1909f56bfc062723c751e8b465ee728b) [PhysX] Initialized MultithreadedTaskDispatcher with 16 workers.
[PhysX] Initialized MultithreadedTaskDispatcher with 16 workers.
 -> (artifact id: '4ccaa9b6dd6667c7543ad8e3255a2b18') in 0.011685 seconds
Number of updated asset objects reloaded before import = 0
Number of asset objects unloaded after import = 206
========================================================================
Received Import Request.
  Time since last request: 4.003548 seconds.
  path: Assets/SpaceShooty/Prefabs/Player.prefab
  artifactKey: Guid(387c11ba2c00af841967d767957917ee) Importer(815301076,1909f56bfc062723c751e8b465ee728b)
Start importing Assets/SpaceShooty/Prefabs/Player.prefab using Guid(387c11ba2c00af841967d767957917ee) Importer(815301076,1909f56bfc062723c751e8b465ee728b) [PhysX] Initialized MultithreadedTaskDispatcher with 16 workers.
[PhysX] Initialized MultithreadedTaskDispatcher with 16 workers.
 -> (artifact id: 'f0a929d4856a4968b2023ecee547e9d8') in 0.010205 seconds
Number of updated asset objects reloaded before import = 0
Number of asset objects unloaded after import = 206
========================================================================
Received Import Request.
  Time since last request: 7.252702 seconds.
  path: Assets/SpaceShooty/Prefabs/Player.prefab
  artifactKey: Guid(387c11ba2c00af841967d767957917ee) Importer(815301076,1909f56bfc062723c751e8b465ee728b)
Start importing Assets/SpaceShooty/Prefabs/Player.prefab using Guid(387c11ba2c00af841967d767957917ee) Importer(815301076,1909f56bfc062723c751e8b465ee728b) [PhysX] Initialized MultithreadedTaskDispatcher with 16 workers.
[PhysX] Initialized MultithreadedTaskDispatcher with 16 workers.
 -> (artifact id: '7fb2e416a31986fc4e76e31739c46e5c') in 0.037220 seconds
Number of updated asset objects reloaded before import = 0
Number of asset objects unloaded after import = 206
========================================================================
Received Import Request.
  Time since last request: 3.373981 seconds.
  path: Assets/SpaceShooty/Prefabs/Player.prefab
  artifactKey: Guid(387c11ba2c00af841967d767957917ee) Importer(815301076,1909f56bfc062723c751e8b465ee728b)
Start importing Assets/SpaceShooty/Prefabs/Player.prefab using Guid(387c11ba2c00af841967d767957917ee) Importer(815301076,1909f56bfc062723c751e8b465ee728b) [PhysX] Initialized MultithreadedTaskDispatcher with 16 workers.
[PhysX] Initialized MultithreadedTaskDispatcher with 16 workers.
 -> (artifact id: 'b0bd690474d60583afebb20ae57308d6') in 0.010399 seconds
Number of updated asset objects reloaded before import = 0
Number of asset objects unloaded after import = 206
========================================================================
Received Import Request.
  Time since last request: 1.385070 seconds.
  path: Assets/SpaceShooty/Prefabs/Player.prefab
  artifactKey: Guid(387c11ba2c00af841967d767957917ee) Importer(815301076,1909f56bfc062723c751e8b465ee728b)
Start importing Assets/SpaceShooty/Prefabs/Player.prefab using Guid(387c11ba2c00af841967d767957917ee) Importer(815301076,1909f56bfc062723c751e8b465ee728b) [PhysX] Initialized MultithreadedTaskDispatcher with 16 workers.
[PhysX] Initialized MultithreadedTaskDispatcher with 16 workers.
 -> (artifact id: 'e634483942072e61ec8c69538337bc50') in 0.010412 seconds
Number of updated asset objects reloaded before import = 0
Number of asset objects unloaded after import = 206
========================================================================
Received Import Request.
  Time since last request: 42.254878 seconds.
  path: Assets/SpaceShooty/Prefabs/Player.prefab
  artifactKey: Guid(387c11ba2c00af841967d767957917ee) Importer(815301076,1909f56bfc062723c751e8b465ee728b)
Start importing Assets/SpaceShooty/Prefabs/Player.prefab using Guid(387c11ba2c00af841967d767957917ee) Importer(815301076,1909f56bfc062723c751e8b465ee728b) [PhysX] Initialized MultithreadedTaskDispatcher with 16 workers.
[PhysX] Initialized MultithreadedTaskDispatcher with 16 workers.
 -> (artifact id: '283d50659ce5dc0b40b6695395351963') in 0.079274 seconds
Number of updated asset objects reloaded before import = 0
Number of asset objects unloaded after import = 216
========================================================================
Received Import Request.
  Time since last request: 6.763112 seconds.
  path: Assets/SpaceShooty/Prefabs/Player.prefab
  artifactKey: Guid(387c11ba2c00af841967d767957917ee) Importer(815301076,1909f56bfc062723c751e8b465ee728b)
Start importing Assets/SpaceShooty/Prefabs/Player.prefab using Guid(387c11ba2c00af841967d767957917ee) Importer(815301076,1909f56bfc062723c751e8b465ee728b) [PhysX] Initialized MultithreadedTaskDispatcher with 16 workers.
[PhysX] Initialized MultithreadedTaskDispatcher with 16 workers.
 -> (artifact id: '998cd9f44da3c2387e895496d6ec84c2') in 0.016269 seconds
Number of updated asset objects reloaded before import = 0
Number of asset objects unloaded after import = 216
========================================================================
Received Import Request.
  Time since last request: 5.647276 seconds.
  path: Assets/SpaceShooty/Prefabs/Player.prefab
  artifactKey: Guid(387c11ba2c00af841967d767957917ee) Importer(815301076,1909f56bfc062723c751e8b465ee728b)
Start importing Assets/SpaceShooty/Prefabs/Player.prefab using Guid(387c11ba2c00af841967d767957917ee) Importer(815301076,1909f56bfc062723c751e8b465ee728b) [PhysX] Initialized MultithreadedTaskDispatcher with 16 workers.
[PhysX] Initialized MultithreadedTaskDispatcher with 16 workers.
 -> (artifact id: '79e7a74f4f13262ec83f815b72c0cb5d') in 0.012317 seconds
Number of updated asset objects reloaded before import = 0
Number of asset objects unloaded after import = 216
========================================================================
Received Import Request.
  Time since last request: 11.301835 seconds.
  path: Assets/SpaceShooty/Prefabs/Player.prefab
  artifactKey: Guid(387c11ba2c00af841967d767957917ee) Importer(815301076,1909f56bfc062723c751e8b465ee728b)
Start importing Assets/SpaceShooty/Prefabs/Player.prefab using Guid(387c11ba2c00af841967d767957917ee) Importer(815301076,1909f56bfc062723c751e8b465ee728b) [PhysX] Initialized MultithreadedTaskDispatcher with 16 workers.
[PhysX] Initialized MultithreadedTaskDispatcher with 16 workers.
 -> (artifact id: '68798321cc13e0c8e389538481bc6a77') in 0.009720 seconds
Number of updated asset objects reloaded before import = 0
Number of asset objects unloaded after import = 216
========================================================================
Received Prepare
Caller must complete domain reload
Begin MonoManager ReloadAssembly
Symbol file LoadedFromMemory is not a mono symbol file
- Loaded All Assemblies, in  0.348 seconds
Native extension for UWP target not found
Native extension for WindowsStandalone target not found
Native extension for Android target not found
Mono: successfully reloaded assembly
- Finished resetting the current domain, in  1.103 seconds
Domain Reload Profiling: 1448ms
	BeginReloadAssembly (109ms)
		ExecutionOrderSort (0ms)
		DisableScriptedObjects (2ms)
		BackupInstance (0ms)
		ReleaseScriptingObjects (0ms)
		CreateAndSetChildDomain (39ms)
	RebuildCommonClasses (17ms)
	RebuildNativeTypeToScriptingClass (7ms)
	initialDomainReloadingComplete (22ms)
	LoadAllAssembliesAndSetupDomain (191ms)
		LoadAssemblies (195ms)
		RebuildTransferFunctionScriptingTraits (0ms)
		AnalyzeDomain (39ms)
			TypeCache.Refresh (6ms)
				TypeCache.ScanAssembly (0ms)
			ScanForSourceGeneratedMonoScriptInfo (23ms)
			ResolveRequiredComponents (8ms)
	FinalizeReload (1103ms)
		ReleaseScriptCaches (0ms)
		RebuildScriptCaches (0ms)
		SetupLoadedEditorAssemblies (468ms)
			LogAssemblyErrors (0ms)
			InitializePlatformSupportModulesInManaged (15ms)
			SetLoadedEditorAssemblies (3ms)
			RefreshPlugins (0ms)
			BeforeProcessingInitializeOnLoad (60ms)
			ProcessInitializeOnLoadAttributes (370ms)
			ProcessInitializeOnLoadMethodAttributes (16ms)
			AfterProcessingInitializeOnLoad (4ms)
			EditorAssembliesLoaded (0ms)
		ExecutionOrderSort2 (0ms)
		AwakeInstancesAfterBackupRestoration (3ms)
Refreshing native plugins compatible for Editor in 8.32 ms, found 3 plugins.
Preloading 0 native plugins for Editor in 0.00 ms.
Unloading 7144 Unused Serialized files (Serialized files now loaded: 0)
Unloading 166 unused Assets / (13.9 MB). Loaded Objects now: 7769.
Memory consumption went from 286.6 MB to 272.7 MB.
Total: 8.975400 ms (FindLiveObjects: 1.075800 ms CreateObjectMapping: 0.327300 ms MarkObjects: 4.232400 ms  DeleteObjects: 3.338700 ms)

Prepare: number of updated asset objects reloaded= 0
AssetImportParameters requested are different than current active one (requested -> active):
  custom:container-demuxer-ogg: 62fdf1f143b41e24485cea50d1cbac27 -> 
  custom:framework-win-MediaFoundation: 216162199b28c13a410421893ffa2e32 -> 
  custom:scripting/monoscript/fileName/Projectile.cs: 5516e8a450d0b07e85069518e074fad4 -> 
  custom:scripting/monoscript/fileName/DestroyerHealth.cs: af2148d38daccb6a6ebc06da04049be4 -> 65a15f30bafbe703e697fb87718d2352
  custom:container-muxer-webm: aa71ff27fc2769a1b78a27578f13a17b -> 
  custom:video-decoder-webm-vp8: 9c59270c3fd7afecdb556c50c9e8de78 -> 
  custom:SearchIndexIgnoredProperties: e643bd26f0fe6173181afceb89e7c659 -> 
  custom:AudioImporter_EditorPlatform: d09bf68614088b80899f8185d706f6e7 -> 
  custom:audio-decoder-ogg-vorbis: bf7c407c2cedff20999df2af8eb42d56 -> 
  custom:scripting/monoscript/fileName/CruiserHealth.cs: d4396c74acba6e6620f8f0ed1f406c76 -> b805cc496f66499affd34364065b76e2
  custom:audio-encoder-webm-vorbis: bf7c407c2cedff20999df2af8eb42d56 -> 
  custom:scripting/precompiled-assembly-types:Assembly-CSharp: 99c23e971a3f36357069667ff63671e1 -> 2dfcddbc373c7b33d94688add9213a29
  custom:video-codec-MediaFoundation-h265: 746d11721c4dcdbdad8f713fa42b33f4 -> 
  custom:video-decoder-ogg-theora: a1e56fd34408186e4bbccfd4996cb3dc -> 
  custom:CustomObjectIndexerAttribute: 72b91833f83ae208fae7752999fa3104 -> 
  custom:container-demuxer-webm: 4f35f7cbe854078d1ac9338744f61a02 -> 
  custom:scripting/monoscript/fileName/FighterHealth.cs: f49e7b9db47e4bea9d4b57ea31976cbd -> 126baef1d75cab95dd06dc3ec02d89bd
  custom:scripting/monoscript/fileName/FrigateHealth.cs: 893e468e3f35edb8064ddf44dcb50f2d -> 64741ea1337a2c8449c1670dc1aa3fa1
  custom:video-encoder-webm-vp8: eb34c28f22e8b96e1ab97ce403110664 -> 
========================================================================
Received Import Request.
  Time since last request: 589.397554 seconds.
  path: Assets/SpaceShooty/Scripts/Ship/Projectile.cs
  artifactKey: Guid(6c3e75b52fb769147b70ea92f712b6f7) Importer(815301076,1909f56bfc062723c751e8b465ee728b)
Start importing Assets/SpaceShooty/Scripts/Ship/Projectile.cs using Guid(6c3e75b52fb769147b70ea92f712b6f7) Importer(815301076,1909f56bfc062723c751e8b465ee728b) [PhysX] Initialized MultithreadedTaskDispatcher with 16 workers.
 -> (artifact id: '5a0a744ee8ab5f3e8caba70094dd8e7e') in 0.017130 seconds
Number of updated asset objects reloaded before import = 0
Number of asset objects unloaded after import = 0
========================================================================
Received Prepare
Caller must complete domain reload
Begin MonoManager ReloadAssembly
Symbol file LoadedFromMemory is not a mono symbol file
- Loaded All Assemblies, in  0.332 seconds
Native extension for UWP target not found
Native extension for WindowsStandalone target not found
Native extension for Android target not found
Mono: successfully reloaded assembly
- Finished resetting the current domain, in  1.076 seconds
Domain Reload Profiling: 1405ms
	BeginReloadAssembly (100ms)
		ExecutionOrderSort (0ms)
		DisableScriptedObjects (2ms)
		BackupInstance (0ms)
		ReleaseScriptingObjects (0ms)
		CreateAndSetChildDomain (28ms)
	RebuildCommonClasses (17ms)
	RebuildNativeTypeToScriptingClass (6ms)
	initialDomainReloadingComplete (20ms)
	LoadAllAssembliesAndSetupDomain (186ms)
		LoadAssemblies (192ms)
		RebuildTransferFunctionScriptingTraits (0ms)
		AnalyzeDomain (37ms)
			TypeCache.Refresh (7ms)
				TypeCache.ScanAssembly (0ms)
			ScanForSourceGeneratedMonoScriptInfo (22ms)
			ResolveRequiredComponents (7ms)
	FinalizeReload (1076ms)
		ReleaseScriptCaches (0ms)
		RebuildScriptCaches (0ms)
		SetupLoadedEditorAssemblies (457ms)
			LogAssemblyErrors (0ms)
			InitializePlatformSupportModulesInManaged (14ms)
			SetLoadedEditorAssemblies (3ms)
			RefreshPlugins (0ms)
			BeforeProcessingInitializeOnLoad (61ms)
			ProcessInitializeOnLoadAttributes (357ms)
			ProcessInitializeOnLoadMethodAttributes (16ms)
			AfterProcessingInitializeOnLoad (4ms)
			EditorAssembliesLoaded (0ms)
		ExecutionOrderSort2 (0ms)
		AwakeInstancesAfterBackupRestoration (3ms)
Refreshing native plugins compatible for Editor in 6.69 ms, found 3 plugins.
Preloading 0 native plugins for Editor in 0.00 ms.
Unloading 7144 Unused Serialized files (Serialized files now loaded: 0)
Unloading 164 unused Assets / (13.9 MB). Loaded Objects now: 7784.
Memory consumption went from 286.6 MB to 272.7 MB.
Total: 8.787700 ms (FindLiveObjects: 0.755200 ms CreateObjectMapping: 0.344400 ms MarkObjects: 4.220100 ms  DeleteObjects: 3.466600 ms)

Prepare: number of updated asset objects reloaded= 0
AssetImportParameters requested are different than current active one (requested -> active):
  custom:container-demuxer-ogg: 62fdf1f143b41e24485cea50d1cbac27 -> 
  custom:framework-win-MediaFoundation: 216162199b28c13a410421893ffa2e32 -> 
  custom:scripting/monoscript/fileName/Projectile.cs: 5516e8a450d0b07e85069518e074fad4 -> 
  custom:scripting/monoscript/fileName/DestroyerHealth.cs: af2148d38daccb6a6ebc06da04049be4 -> 65a15f30bafbe703e697fb87718d2352
  custom:container-muxer-webm: aa71ff27fc2769a1b78a27578f13a17b -> 
  custom:video-decoder-webm-vp8: 9c59270c3fd7afecdb556c50c9e8de78 -> 
  custom:SearchIndexIgnoredProperties: e643bd26f0fe6173181afceb89e7c659 -> 
  custom:AudioImporter_EditorPlatform: d09bf68614088b80899f8185d706f6e7 -> 
  custom:audio-decoder-ogg-vorbis: bf7c407c2cedff20999df2af8eb42d56 -> 
  custom:scripting/monoscript/fileName/CruiserHealth.cs: d4396c74acba6e6620f8f0ed1f406c76 -> b805cc496f66499affd34364065b76e2
  custom:audio-encoder-webm-vorbis: bf7c407c2cedff20999df2af8eb42d56 -> 
  custom:scripting/precompiled-assembly-types:Assembly-CSharp: 99c23e971a3f36357069667ff63671e1 -> 2dfcddbc373c7b33d94688add9213a29
  custom:video-codec-MediaFoundation-h265: 746d11721c4dcdbdad8f713fa42b33f4 -> 
  custom:video-decoder-ogg-theora: a1e56fd34408186e4bbccfd4996cb3dc -> 
  custom:CustomObjectIndexerAttribute: 72b91833f83ae208fae7752999fa3104 -> 
  custom:container-demuxer-webm: 4f35f7cbe854078d1ac9338744f61a02 -> 
  custom:scripting/monoscript/fileName/FighterHealth.cs: f49e7b9db47e4bea9d4b57ea31976cbd -> 126baef1d75cab95dd06dc3ec02d89bd
  custom:scripting/monoscript/fileName/FrigateHealth.cs: 893e468e3f35edb8064ddf44dcb50f2d -> 64741ea1337a2c8449c1670dc1aa3fa1
  custom:video-encoder-webm-vp8: eb34c28f22e8b96e1ab97ce403110664 -> 
========================================================================
Received Prepare
Caller must complete domain reload
Begin MonoManager ReloadAssembly
Symbol file LoadedFromMemory is not a mono symbol file
- Loaded All Assemblies, in  0.350 seconds
Native extension for UWP target not found
Native extension for WindowsStandalone target not found
Native extension for Android target not found
Mono: successfully reloaded assembly
- Finished resetting the current domain, in  1.068 seconds
Domain Reload Profiling: 1416ms
	BeginReloadAssembly (105ms)
		ExecutionOrderSort (0ms)
		DisableScriptedObjects (2ms)
		BackupInstance (0ms)
		ReleaseScriptingObjects (0ms)
		CreateAndSetChildDomain (29ms)
	RebuildCommonClasses (17ms)
	RebuildNativeTypeToScriptingClass (6ms)
	initialDomainReloadingComplete (19ms)
	LoadAllAssembliesAndSetupDomain (199ms)
		LoadAssemblies (210ms)
		RebuildTransferFunctionScriptingTraits (0ms)
		AnalyzeDomain (37ms)
			TypeCache.Refresh (7ms)
				TypeCache.ScanAssembly (0ms)
			ScanForSourceGeneratedMonoScriptInfo (23ms)
			ResolveRequiredComponents (7ms)
	FinalizeReload (1069ms)
		ReleaseScriptCaches (0ms)
		RebuildScriptCaches (0ms)
		SetupLoadedEditorAssemblies (448ms)
			LogAssemblyErrors (0ms)
			InitializePlatformSupportModulesInManaged (15ms)
			SetLoadedEditorAssemblies (4ms)
			RefreshPlugins (0ms)
			BeforeProcessingInitializeOnLoad (60ms)
			ProcessInitializeOnLoadAttributes (350ms)
			ProcessInitializeOnLoadMethodAttributes (16ms)
			AfterProcessingInitializeOnLoad (4ms)
			EditorAssembliesLoaded (0ms)
		ExecutionOrderSort2 (0ms)
		AwakeInstancesAfterBackupRestoration (3ms)
Refreshing native plugins compatible for Editor in 11.08 ms, found 3 plugins.
Preloading 0 native plugins for Editor in 0.00 ms.
Unloading 7145 Unused Serialized files (Serialized files now loaded: 0)
Unloading 164 unused Assets / (13.9 MB). Loaded Objects now: 7800.
Memory consumption went from 286.6 MB to 272.7 MB.
Total: 7.891800 ms (FindLiveObjects: 0.791300 ms CreateObjectMapping: 0.308300 ms MarkObjects: 3.474900 ms  DeleteObjects: 3.316200 ms)

Prepare: number of updated asset objects reloaded= 0
AssetImportParameters requested are different than current active one (requested -> active):
  custom:container-demuxer-ogg: 62fdf1f143b41e24485cea50d1cbac27 -> 
  custom:framework-win-MediaFoundation: 216162199b28c13a410421893ffa2e32 -> 
  custom:scripting/monoscript/fileName/Projectile.cs: 5516e8a450d0b07e85069518e074fad4 -> 
  custom:scripting/monoscript/fileName/DestroyerHealth.cs: af2148d38daccb6a6ebc06da04049be4 -> 65a15f30bafbe703e697fb87718d2352
  custom:container-muxer-webm: aa71ff27fc2769a1b78a27578f13a17b -> 
  custom:video-decoder-webm-vp8: 9c59270c3fd7afecdb556c50c9e8de78 -> 
  custom:SearchIndexIgnoredProperties: e643bd26f0fe6173181afceb89e7c659 -> 
  custom:AudioImporter_EditorPlatform: d09bf68614088b80899f8185d706f6e7 -> 
  custom:audio-decoder-ogg-vorbis: bf7c407c2cedff20999df2af8eb42d56 -> 
  custom:scripting/monoscript/fileName/CruiserHealth.cs: d4396c74acba6e6620f8f0ed1f406c76 -> b805cc496f66499affd34364065b76e2
  custom:audio-encoder-webm-vorbis: bf7c407c2cedff20999df2af8eb42d56 -> 
  custom:scripting/precompiled-assembly-types:Assembly-CSharp: 6e8ee73b9f71a48aa3eebbeeaade322d -> 2dfcddbc373c7b33d94688add9213a29
  custom:scripting/monoscript/fileName/PlayerShoot.cs: cb19fbe30492adfa521da80ba71f6503 -> 
  custom:video-codec-MediaFoundation-h265: 746d11721c4dcdbdad8f713fa42b33f4 -> 
  custom:video-decoder-ogg-theora: a1e56fd34408186e4bbccfd4996cb3dc -> 
  custom:CustomObjectIndexerAttribute: 72b91833f83ae208fae7752999fa3104 -> 
  custom:container-demuxer-webm: 4f35f7cbe854078d1ac9338744f61a02 -> 
  custom:scripting/monoscript/fileName/FighterHealth.cs: f49e7b9db47e4bea9d4b57ea31976cbd -> 126baef1d75cab95dd06dc3ec02d89bd
  custom:scripting/monoscript/fileName/FrigateHealth.cs: 893e468e3f35edb8064ddf44dcb50f2d -> 64741ea1337a2c8449c1670dc1aa3fa1
  custom:video-encoder-webm-vp8: eb34c28f22e8b96e1ab97ce403110664 -> 
========================================================================
Received Prepare
Caller must complete domain reload
Begin MonoManager ReloadAssembly
Symbol file LoadedFromMemory is not a mono symbol file
- Loaded All Assemblies, in  0.346 seconds
Native extension for UWP target not found
Native extension for WindowsStandalone target not found
Native extension for Android target not found
Mono: successfully reloaded assembly
- Finished resetting the current domain, in  1.119 seconds
Domain Reload Profiling: 1462ms
	BeginReloadAssembly (102ms)
		ExecutionOrderSort (0ms)
		DisableScriptedObjects (3ms)
		BackupInstance (0ms)
		ReleaseScriptingObjects (0ms)
		CreateAndSetChildDomain (28ms)
	RebuildCommonClasses (17ms)
	RebuildNativeTypeToScriptingClass (6ms)
	initialDomainReloadingComplete (20ms)
	LoadAllAssembliesAndSetupDomain (197ms)
		LoadAssemblies (205ms)
		RebuildTransferFunctionScriptingTraits (0ms)
		AnalyzeDomain (38ms)
			TypeCache.Refresh (7ms)
				TypeCache.ScanAssembly (0ms)
			ScanForSourceGeneratedMonoScriptInfo (24ms)
			ResolveRequiredComponents (7ms)
	FinalizeReload (1120ms)
		ReleaseScriptCaches (0ms)
		RebuildScriptCaches (0ms)
		SetupLoadedEditorAssemblies (477ms)
			LogAssemblyErrors (0ms)
			InitializePlatformSupportModulesInManaged (14ms)
			SetLoadedEditorAssemblies (3ms)
			RefreshPlugins (0ms)
			BeforeProcessingInitializeOnLoad (67ms)
			ProcessInitializeOnLoadAttributes (371ms)
			ProcessInitializeOnLoadMethodAttributes (16ms)
			AfterProcessingInitializeOnLoad (5ms)
			EditorAssembliesLoaded (0ms)
		ExecutionOrderSort2 (0ms)
		AwakeInstancesAfterBackupRestoration (3ms)
Refreshing native plugins compatible for Editor in 7.25 ms, found 3 plugins.
Preloading 0 native plugins for Editor in 0.00 ms.
Unloading 7145 Unused Serialized files (Serialized files now loaded: 0)
Unloading 164 unused Assets / (13.9 MB). Loaded Objects now: 7815.
Memory consumption went from 286.6 MB to 272.7 MB.
Total: 8.181300 ms (FindLiveObjects: 0.767400 ms CreateObjectMapping: 0.233000 ms MarkObjects: 4.070200 ms  DeleteObjects: 3.109600 ms)

Prepare: number of updated asset objects reloaded= 0
AssetImportParameters requested are different than current active one (requested -> active):
  custom:container-demuxer-ogg: 62fdf1f143b41e24485cea50d1cbac27 -> 
  custom:framework-win-MediaFoundation: 216162199b28c13a410421893ffa2e32 -> 
  custom:scripting/monoscript/fileName/Projectile.cs: 5516e8a450d0b07e85069518e074fad4 -> 
  custom:scripting/monoscript/fileName/DestroyerHealth.cs: af2148d38daccb6a6ebc06da04049be4 -> 65a15f30bafbe703e697fb87718d2352
  custom:container-muxer-webm: aa71ff27fc2769a1b78a27578f13a17b -> 
  custom:video-decoder-webm-vp8: 9c59270c3fd7afecdb556c50c9e8de78 -> 
  custom:SearchIndexIgnoredProperties: e643bd26f0fe6173181afceb89e7c659 -> 
  custom:AudioImporter_EditorPlatform: d09bf68614088b80899f8185d706f6e7 -> 
  custom:audio-decoder-ogg-vorbis: bf7c407c2cedff20999df2af8eb42d56 -> 
  custom:scripting/monoscript/fileName/CruiserHealth.cs: d4396c74acba6e6620f8f0ed1f406c76 -> b805cc496f66499affd34364065b76e2
  custom:audio-encoder-webm-vorbis: bf7c407c2cedff20999df2af8eb42d56 -> 
  custom:scripting/precompiled-assembly-types:Assembly-CSharp: 6e8ee73b9f71a48aa3eebbeeaade322d -> 2dfcddbc373c7b33d94688add9213a29
  custom:scripting/monoscript/fileName/PlayerShoot.cs: cb19fbe30492adfa521da80ba71f6503 -> 
  custom:video-codec-MediaFoundation-h265: 746d11721c4dcdbdad8f713fa42b33f4 -> 
  custom:video-decoder-ogg-theora: a1e56fd34408186e4bbccfd4996cb3dc -> 
  custom:CustomObjectIndexerAttribute: 72b91833f83ae208fae7752999fa3104 -> 
  custom:container-demuxer-webm: 4f35f7cbe854078d1ac9338744f61a02 -> 
  custom:scripting/monoscript/fileName/FighterHealth.cs: f49e7b9db47e4bea9d4b57ea31976cbd -> 126baef1d75cab95dd06dc3ec02d89bd
  custom:scripting/monoscript/fileName/FrigateHealth.cs: 893e468e3f35edb8064ddf44dcb50f2d -> 64741ea1337a2c8449c1670dc1aa3fa1
  custom:video-encoder-webm-vp8: eb34c28f22e8b96e1ab97ce403110664 -> 
========================================================================
Received Prepare
Caller must complete domain reload
Begin MonoManager ReloadAssembly
Symbol file LoadedFromMemory is not a mono symbol file
- Loaded All Assemblies, in  0.347 seconds
Native extension for UWP target not found
Native extension for WindowsStandalone target not found
Native extension for Android target not found
Mono: successfully reloaded assembly
- Finished resetting the current domain, in  1.075 seconds
Domain Reload Profiling: 1419ms
	BeginReloadAssembly (98ms)
		ExecutionOrderSort (0ms)
		DisableScriptedObjects (2ms)
		BackupInstance (0ms)
		ReleaseScriptingObjects (0ms)
		CreateAndSetChildDomain (26ms)
	RebuildCommonClasses (17ms)
	RebuildNativeTypeToScriptingClass (6ms)
	initialDomainReloadingComplete (20ms)
	LoadAllAssembliesAndSetupDomain (202ms)
		LoadAssemblies (197ms)
		RebuildTransferFunctionScriptingTraits (0ms)
		AnalyzeDomain (50ms)
			TypeCache.Refresh (8ms)
				TypeCache.ScanAssembly (0ms)
			ScanForSourceGeneratedMonoScriptInfo (33ms)
			ResolveRequiredComponents (7ms)
	FinalizeReload (1075ms)
		ReleaseScriptCaches (0ms)
		RebuildScriptCaches (0ms)
		SetupLoadedEditorAssemblies (458ms)
			LogAssemblyErrors (0ms)
			InitializePlatformSupportModulesInManaged (15ms)
			SetLoadedEditorAssemblies (3ms)
			RefreshPlugins (0ms)
			BeforeProcessingInitializeOnLoad (58ms)
			ProcessInitializeOnLoadAttributes (362ms)
			ProcessInitializeOnLoadMethodAttributes (16ms)
			AfterProcessingInitializeOnLoad (4ms)
			EditorAssembliesLoaded (0ms)
		ExecutionOrderSort2 (0ms)
		AwakeInstancesAfterBackupRestoration (3ms)
Refreshing native plugins compatible for Editor in 6.18 ms, found 3 plugins.
Preloading 0 native plugins for Editor in 0.00 ms.
Unloading 7145 Unused Serialized files (Serialized files now loaded: 0)
Unloading 164 unused Assets / (13.9 MB). Loaded Objects now: 7830.
Memory consumption went from 286.7 MB to 272.7 MB.
Total: 8.389700 ms (FindLiveObjects: 0.785300 ms CreateObjectMapping: 0.193300 ms MarkObjects: 3.727700 ms  DeleteObjects: 3.682400 ms)

Prepare: number of updated asset objects reloaded= 0
AssetImportParameters requested are different than current active one (requested -> active):
  custom:container-demuxer-ogg: 62fdf1f143b41e24485cea50d1cbac27 -> 
  custom:framework-win-MediaFoundation: 216162199b28c13a410421893ffa2e32 -> 
  custom:scripting/monoscript/fileName/Projectile.cs: 5516e8a450d0b07e85069518e074fad4 -> 
  custom:scripting/monoscript/fileName/DestroyerHealth.cs: af2148d38daccb6a6ebc06da04049be4 -> 65a15f30bafbe703e697fb87718d2352
  custom:container-muxer-webm: aa71ff27fc2769a1b78a27578f13a17b -> 
  custom:video-decoder-webm-vp8: 9c59270c3fd7afecdb556c50c9e8de78 -> 
  custom:SearchIndexIgnoredProperties: e643bd26f0fe6173181afceb89e7c659 -> 
  custom:AudioImporter_EditorPlatform: d09bf68614088b80899f8185d706f6e7 -> 
  custom:audio-decoder-ogg-vorbis: bf7c407c2cedff20999df2af8eb42d56 -> 
  custom:scripting/monoscript/fileName/CruiserHealth.cs: d4396c74acba6e6620f8f0ed1f406c76 -> b805cc496f66499affd34364065b76e2
  custom:audio-encoder-webm-vorbis: bf7c407c2cedff20999df2af8eb42d56 -> 
  custom:scripting/precompiled-assembly-types:Assembly-CSharp: 6e8ee73b9f71a48aa3eebbeeaade322d -> 2dfcddbc373c7b33d94688add9213a29
  custom:scripting/monoscript/fileName/PlayerShoot.cs: cb19fbe30492adfa521da80ba71f6503 -> 
  custom:video-codec-MediaFoundation-h265: 746d11721c4dcdbdad8f713fa42b33f4 -> 
  custom:video-decoder-ogg-theora: a1e56fd34408186e4bbccfd4996cb3dc -> 
  custom:CustomObjectIndexerAttribute: 72b91833f83ae208fae7752999fa3104 -> 
  custom:container-demuxer-webm: 4f35f7cbe854078d1ac9338744f61a02 -> 
  custom:scripting/monoscript/fileName/FighterHealth.cs: f49e7b9db47e4bea9d4b57ea31976cbd -> 126baef1d75cab95dd06dc3ec02d89bd
  custom:scripting/monoscript/fileName/FrigateHealth.cs: 893e468e3f35edb8064ddf44dcb50f2d -> 64741ea1337a2c8449c1670dc1aa3fa1
  custom:video-encoder-webm-vp8: eb34c28f22e8b96e1ab97ce403110664 -> 
========================================================================
Received Prepare
Caller must complete domain reload
Begin MonoManager ReloadAssembly
Symbol file LoadedFromMemory is not a mono symbol file
- Loaded All Assemblies, in  0.345 seconds
Native extension for UWP target not found
Native extension for WindowsStandalone target not found
Native extension for Android target not found
Mono: successfully reloaded assembly
- Finished resetting the current domain, in  1.099 seconds
Domain Reload Profiling: 1441ms
	BeginReloadAssembly (100ms)
		ExecutionOrderSort (0ms)
		DisableScriptedObjects (2ms)
		BackupInstance (0ms)
		ReleaseScriptingObjects (0ms)
		CreateAndSetChildDomain (27ms)
	RebuildCommonClasses (17ms)
	RebuildNativeTypeToScriptingClass (6ms)
	initialDomainReloadingComplete (20ms)
	LoadAllAssembliesAndSetupDomain (200ms)
		LoadAssemblies (208ms)
		RebuildTransferFunctionScriptingTraits (0ms)
		AnalyzeDomain (39ms)
			TypeCache.Refresh (7ms)
				TypeCache.ScanAssembly (0ms)
			ScanForSourceGeneratedMonoScriptInfo (25ms)
			ResolveRequiredComponents (7ms)
	FinalizeReload (1099ms)
		ReleaseScriptCaches (0ms)
		RebuildScriptCaches (0ms)
		SetupLoadedEditorAssemblies (463ms)
			LogAssemblyErrors (0ms)
			InitializePlatformSupportModulesInManaged (15ms)
			SetLoadedEditorAssemblies (3ms)
			RefreshPlugins (0ms)
			BeforeProcessingInitializeOnLoad (60ms)
			ProcessInitializeOnLoadAttributes (365ms)
			ProcessInitializeOnLoadMethodAttributes (17ms)
			AfterProcessingInitializeOnLoad (4ms)
			EditorAssembliesLoaded (0ms)
		ExecutionOrderSort2 (0ms)
		AwakeInstancesAfterBackupRestoration (3ms)
Refreshing native plugins compatible for Editor in 10.90 ms, found 3 plugins.
Preloading 0 native plugins for Editor in 0.00 ms.
Unloading 7145 Unused Serialized files (Serialized files now loaded: 0)
Unloading 164 unused Assets / (13.9 MB). Loaded Objects now: 7845.
Memory consumption went from 286.7 MB to 272.8 MB.
Total: 7.675600 ms (FindLiveObjects: 0.780800 ms CreateObjectMapping: 0.248300 ms MarkObjects: 3.490800 ms  DeleteObjects: 3.154500 ms)

Prepare: number of updated asset objects reloaded= 0
AssetImportParameters requested are different than current active one (requested -> active):
  custom:container-demuxer-ogg: 62fdf1f143b41e24485cea50d1cbac27 -> 
  custom:framework-win-MediaFoundation: 216162199b28c13a410421893ffa2e32 -> 
  custom:scripting/monoscript/fileName/Projectile.cs: 5516e8a450d0b07e85069518e074fad4 -> 
  custom:scripting/monoscript/fileName/DestroyerHealth.cs: af2148d38daccb6a6ebc06da04049be4 -> 65a15f30bafbe703e697fb87718d2352
  custom:container-muxer-webm: aa71ff27fc2769a1b78a27578f13a17b -> 
  custom:video-decoder-webm-vp8: 9c59270c3fd7afecdb556c50c9e8de78 -> 
  custom:SearchIndexIgnoredProperties: e643bd26f0fe6173181afceb89e7c659 -> 
  custom:AudioImporter_EditorPlatform: d09bf68614088b80899f8185d706f6e7 -> 
  custom:audio-decoder-ogg-vorbis: bf7c407c2cedff20999df2af8eb42d56 -> 
  custom:scripting/monoscript/fileName/CruiserHealth.cs: d4396c74acba6e6620f8f0ed1f406c76 -> b805cc496f66499affd34364065b76e2
  custom:audio-encoder-webm-vorbis: bf7c407c2cedff20999df2af8eb42d56 -> 
  custom:scripting/precompiled-assembly-types:Assembly-CSharp: 6e8ee73b9f71a48aa3eebbeeaade322d -> 2dfcddbc373c7b33d94688add9213a29
  custom:scripting/monoscript/fileName/PlayerShoot.cs: cb19fbe30492adfa521da80ba71f6503 -> 
  custom:video-codec-MediaFoundation-h265: 746d11721c4dcdbdad8f713fa42b33f4 -> 
  custom:video-decoder-ogg-theora: a1e56fd34408186e4bbccfd4996cb3dc -> 
  custom:CustomObjectIndexerAttribute: 72b91833f83ae208fae7752999fa3104 -> 
  custom:container-demuxer-webm: 4f35f7cbe854078d1ac9338744f61a02 -> 
  custom:scripting/monoscript/fileName/FighterHealth.cs: f49e7b9db47e4bea9d4b57ea31976cbd -> 126baef1d75cab95dd06dc3ec02d89bd
  custom:scripting/monoscript/fileName/FrigateHealth.cs: 893e468e3f35edb8064ddf44dcb50f2d -> 64741ea1337a2c8449c1670dc1aa3fa1
  custom:video-encoder-webm-vp8: eb34c28f22e8b96e1ab97ce403110664 -> 
========================================================================
Received Prepare
Caller must complete domain reload
Begin MonoManager ReloadAssembly
Symbol file LoadedFromMemory is not a mono symbol file
- Loaded All Assemblies, in  0.332 seconds
Native extension for UWP target not found
Native extension for WindowsStandalone target not found
Native extension for Android target not found
Mono: successfully reloaded assembly
- Finished resetting the current domain, in  1.070 seconds
Domain Reload Profiling: 1400ms
	BeginReloadAssembly (98ms)
		ExecutionOrderSort (0ms)
		DisableScriptedObjects (2ms)
		BackupInstance (0ms)
		ReleaseScriptingObjects (0ms)
		CreateAndSetChildDomain (27ms)
	RebuildCommonClasses (17ms)
	RebuildNativeTypeToScriptingClass (6ms)
	initialDomainReloadingComplete (20ms)
	LoadAllAssembliesAndSetupDomain (189ms)
		LoadAssemblies (196ms)
		RebuildTransferFunctionScriptingTraits (0ms)
		AnalyzeDomain (37ms)
			TypeCache.Refresh (6ms)
				TypeCache.ScanAssembly (0ms)
			ScanForSourceGeneratedMonoScriptInfo (23ms)
			ResolveRequiredComponents (7ms)
	FinalizeReload (1070ms)
		ReleaseScriptCaches (0ms)
		RebuildScriptCaches (0ms)
		SetupLoadedEditorAssemblies (459ms)
			LogAssemblyErrors (0ms)
			InitializePlatformSupportModulesInManaged (14ms)
			SetLoadedEditorAssemblies (3ms)
			RefreshPlugins (0ms)
			BeforeProcessingInitializeOnLoad (60ms)
			ProcessInitializeOnLoadAttributes (359ms)
			ProcessInitializeOnLoadMethodAttributes (18ms)
			AfterProcessingInitializeOnLoad (5ms)
			EditorAssembliesLoaded (0ms)
		ExecutionOrderSort2 (0ms)
		AwakeInstancesAfterBackupRestoration (3ms)
Refreshing native plugins compatible for Editor in 8.48 ms, found 3 plugins.
Preloading 0 native plugins for Editor in 0.00 ms.
Unloading 7145 Unused Serialized files (Serialized files now loaded: 0)
Unloading 164 unused Assets / (13.9 MB). Loaded Objects now: 7860.
Memory consumption went from 286.7 MB to 272.8 MB.
Total: 8.116000 ms (FindLiveObjects: 0.853900 ms CreateObjectMapping: 0.267400 ms MarkObjects: 3.656100 ms  DeleteObjects: 3.337500 ms)

Prepare: number of updated asset objects reloaded= 0
AssetImportParameters requested are different than current active one (requested -> active):
  custom:container-demuxer-ogg: 62fdf1f143b41e24485cea50d1cbac27 -> 
  custom:framework-win-MediaFoundation: 216162199b28c13a410421893ffa2e32 -> 
  custom:scripting/monoscript/fileName/Projectile.cs: 5516e8a450d0b07e85069518e074fad4 -> 
  custom:scripting/monoscript/fileName/DestroyerHealth.cs: af2148d38daccb6a6ebc06da04049be4 -> 65a15f30bafbe703e697fb87718d2352
  custom:container-muxer-webm: aa71ff27fc2769a1b78a27578f13a17b -> 
  custom:video-decoder-webm-vp8: 9c59270c3fd7afecdb556c50c9e8de78 -> 
  custom:SearchIndexIgnoredProperties: e643bd26f0fe6173181afceb89e7c659 -> 
  custom:AudioImporter_EditorPlatform: d09bf68614088b80899f8185d706f6e7 -> 
  custom:audio-decoder-ogg-vorbis: bf7c407c2cedff20999df2af8eb42d56 -> 
  custom:scripting/monoscript/fileName/CruiserHealth.cs: d4396c74acba6e6620f8f0ed1f406c76 -> b805cc496f66499affd34364065b76e2
  custom:audio-encoder-webm-vorbis: bf7c407c2cedff20999df2af8eb42d56 -> 
  custom:scripting/precompiled-assembly-types:Assembly-CSharp: 6e8ee73b9f71a48aa3eebbeeaade322d -> 2dfcddbc373c7b33d94688add9213a29
  custom:scripting/monoscript/fileName/PlayerShoot.cs: cb19fbe30492adfa521da80ba71f6503 -> 
  custom:video-codec-MediaFoundation-h265: 746d11721c4dcdbdad8f713fa42b33f4 -> 
  custom:video-decoder-ogg-theora: a1e56fd34408186e4bbccfd4996cb3dc -> 
  custom:CustomObjectIndexerAttribute: 72b91833f83ae208fae7752999fa3104 -> 
  custom:container-demuxer-webm: 4f35f7cbe854078d1ac9338744f61a02 -> 
  custom:scripting/monoscript/fileName/FighterHealth.cs: f49e7b9db47e4bea9d4b57ea31976cbd -> 126baef1d75cab95dd06dc3ec02d89bd
  custom:scripting/monoscript/fileName/FrigateHealth.cs: 893e468e3f35edb8064ddf44dcb50f2d -> 64741ea1337a2c8449c1670dc1aa3fa1
  custom:video-encoder-webm-vp8: eb34c28f22e8b96e1ab97ce403110664 -> 
========================================================================
Received Prepare
Caller must complete domain reload
Begin MonoManager ReloadAssembly
Symbol file LoadedFromMemory is not a mono symbol file
- Loaded All Assemblies, in  0.319 seconds
Native extension for UWP target not found
Native extension for WindowsStandalone target not found
Native extension for Android target not found
Mono: successfully reloaded assembly
- Finished resetting the current domain, in  1.115 seconds
Domain Reload Profiling: 1431ms
	BeginReloadAssembly (102ms)
		ExecutionOrderSort (0ms)
		DisableScriptedObjects (2ms)
		BackupInstance (0ms)
		ReleaseScriptingObjects (0ms)
		CreateAndSetChildDomain (27ms)
	RebuildCommonClasses (18ms)
	RebuildNativeTypeToScriptingClass (9ms)
	initialDomainReloadingComplete (21ms)
	LoadAllAssembliesAndSetupDomain (167ms)
		LoadAssemblies (202ms)
		RebuildTransferFunctionScriptingTraits (0ms)
		AnalyzeDomain (13ms)
			TypeCache.Refresh (4ms)
				TypeCache.ScanAssembly (0ms)
			ScanForSourceGeneratedMonoScriptInfo (0ms)
			ResolveRequiredComponents (8ms)
	FinalizeReload (1115ms)
		ReleaseScriptCaches (0ms)
		RebuildScriptCaches (0ms)
		SetupLoadedEditorAssemblies (473ms)
			LogAssemblyErrors (0ms)
			InitializePlatformSupportModulesInManaged (15ms)
			SetLoadedEditorAssemblies (3ms)
			RefreshPlugins (0ms)
			BeforeProcessingInitializeOnLoad (60ms)
			ProcessInitializeOnLoadAttributes (375ms)
			ProcessInitializeOnLoadMethodAttributes (17ms)
			AfterProcessingInitializeOnLoad (4ms)
			EditorAssembliesLoaded (0ms)
		ExecutionOrderSort2 (0ms)
		AwakeInstancesAfterBackupRestoration (3ms)
Refreshing native plugins compatible for Editor in 6.76 ms, found 3 plugins.
Preloading 0 native plugins for Editor in 0.00 ms.
Unloading 7145 Unused Serialized files (Serialized files now loaded: 0)
Unloading 164 unused Assets / (13.9 MB). Loaded Objects now: 7875.
Memory consumption went from 286.7 MB to 272.8 MB.
Total: 8.098900 ms (FindLiveObjects: 0.787100 ms CreateObjectMapping: 0.229200 ms MarkObjects: 3.746700 ms  DeleteObjects: 3.334900 ms)

Prepare: number of updated asset objects reloaded= 0
AssetImportParameters requested are different than current active one (requested -> active):
  custom:container-demuxer-ogg: 62fdf1f143b41e24485cea50d1cbac27 -> 
  custom:framework-win-MediaFoundation: 216162199b28c13a410421893ffa2e32 -> 
  custom:scripting/monoscript/fileName/Projectile.cs: 5516e8a450d0b07e85069518e074fad4 -> 
  custom:scripting/monoscript/fileName/DestroyerHealth.cs: af2148d38daccb6a6ebc06da04049be4 -> 65a15f30bafbe703e697fb87718d2352
  custom:container-muxer-webm: aa71ff27fc2769a1b78a27578f13a17b -> 
  custom:video-decoder-webm-vp8: 9c59270c3fd7afecdb556c50c9e8de78 -> 
  custom:SearchIndexIgnoredProperties: e643bd26f0fe6173181afceb89e7c659 -> 
  custom:AudioImporter_EditorPlatform: d09bf68614088b80899f8185d706f6e7 -> 
  custom:audio-decoder-ogg-vorbis: bf7c407c2cedff20999df2af8eb42d56 -> 
  custom:scripting/monoscript/fileName/CruiserHealth.cs: d4396c74acba6e6620f8f0ed1f406c76 -> b805cc496f66499affd34364065b76e2
  custom:audio-encoder-webm-vorbis: bf7c407c2cedff20999df2af8eb42d56 -> 
  custom:scripting/precompiled-assembly-types:Assembly-CSharp: 6e8ee73b9f71a48aa3eebbeeaade322d -> 2dfcddbc373c7b33d94688add9213a29
  custom:scripting/monoscript/fileName/PlayerShoot.cs: cb19fbe30492adfa521da80ba71f6503 -> 
  custom:video-codec-MediaFoundation-h265: 746d11721c4dcdbdad8f713fa42b33f4 -> 
  custom:video-decoder-ogg-theora: a1e56fd34408186e4bbccfd4996cb3dc -> 
  custom:CustomObjectIndexerAttribute: 72b91833f83ae208fae7752999fa3104 -> 
  custom:container-demuxer-webm: 4f35f7cbe854078d1ac9338744f61a02 -> 
  custom:scripting/monoscript/fileName/FighterHealth.cs: f49e7b9db47e4bea9d4b57ea31976cbd -> 126baef1d75cab95dd06dc3ec02d89bd
  custom:scripting/monoscript/fileName/FrigateHealth.cs: 893e468e3f35edb8064ddf44dcb50f2d -> 64741ea1337a2c8449c1670dc1aa3fa1
  custom:video-encoder-webm-vp8: eb34c28f22e8b96e1ab97ce403110664 -> 
========================================================================
Received Import Request.
  Time since last request: 1657.106300 seconds.
  path: Assets/SpaceShooty/Prefabs/C04 Fighter.prefab
  artifactKey: Guid(055ca939edc25f1458030771f44bab17) Importer(815301076,1909f56bfc062723c751e8b465ee728b)
Start importing Assets/SpaceShooty/Prefabs/C04 Fighter.prefab using Guid(055ca939edc25f1458030771f44bab17) Importer(815301076,1909f56bfc062723c751e8b465ee728b) [PhysX] Initialized MultithreadedTaskDispatcher with 16 workers.
 -> (artifact id: 'f7b570c6d461496dd14b562b17f53841') in 0.011384 seconds
Number of updated asset objects reloaded before import = 0
Number of asset objects unloaded after import = 0
========================================================================
Received Import Request.
  Time since last request: 0.000021 seconds.
  path: Assets/SpaceShooty/Prefabs/F04 Frigate.prefab
  artifactKey: Guid(4f92f9d7e224fa441914f9520de32dcb) Importer(815301076,1909f56bfc062723c751e8b465ee728b)
Start importing Assets/SpaceShooty/Prefabs/F04 Frigate.prefab using Guid(4f92f9d7e224fa441914f9520de32dcb) Importer(815301076,1909f56bfc062723c751e8b465ee728b) [PhysX] Initialized MultithreadedTaskDispatcher with 16 workers.
 -> (artifact id: 'e48b4bb275739412bf0670f7710c8a2a') in 0.000519 seconds
Number of updated asset objects reloaded before import = 0
Number of asset objects unloaded after import = 0
========================================================================
Received Import Request.
  Time since last request: 33.660824 seconds.
  path: Assets/SpaceShooty/Prefabs/C04 Fighter.prefab
  artifactKey: Guid(055ca939edc25f1458030771f44bab17) Importer(815301076,1909f56bfc062723c751e8b465ee728b)
Start importing Assets/SpaceShooty/Prefabs/C04 Fighter.prefab using Guid(055ca939edc25f1458030771f44bab17) Importer(815301076,1909f56bfc062723c751e8b465ee728b) [PhysX] Initialized MultithreadedTaskDispatcher with 16 workers.
 -> (artifact id: 'f7b570c6d461496dd14b562b17f53841') in 0.000389 seconds
Number of updated asset objects reloaded before import = 0
Number of asset objects unloaded after import = 0
========================================================================
Received Import Request.
  Time since last request: 0.000010 seconds.
  path: Assets/SpaceShooty/Prefabs/Player.prefab
  artifactKey: Guid(387c11ba2c00af841967d767957917ee) Importer(815301076,1909f56bfc062723c751e8b465ee728b)
Start importing Assets/SpaceShooty/Prefabs/Player.prefab using Guid(387c11ba2c00af841967d767957917ee) Importer(815301076,1909f56bfc062723c751e8b465ee728b) [PhysX] Initialized MultithreadedTaskDispatcher with 16 workers.
 -> (artifact id: '572fa19663ed210098e354bcd209d4e3') in 0.000554 seconds
Number of updated asset objects reloaded before import = 0
Number of asset objects unloaded after import = 0
========================================================================
Received Import Request.
  Time since last request: 0.000022 seconds.
  path: Assets/SpaceShooty/Prefabs/F04 Frigate.prefab
  artifactKey: Guid(4f92f9d7e224fa441914f9520de32dcb) Importer(815301076,1909f56bfc062723c751e8b465ee728b)
Start importing Assets/SpaceShooty/Prefabs/F04 Frigate.prefab using Guid(4f92f9d7e224fa441914f9520de32dcb) Importer(815301076,1909f56bfc062723c751e8b465ee728b) [PhysX] Initialized MultithreadedTaskDispatcher with 16 workers.
 -> (artifact id: 'e48b4bb275739412bf0670f7710c8a2a') in 0.000414 seconds
Number of updated asset objects reloaded before import = 0
Number of asset objects unloaded after import = 0
========================================================================
Received Import Request.
  Time since last request: 1.376631 seconds.
  path: Assets/SpaceShooty/Prefabs/C04 Fighter.prefab
  artifactKey: Guid(055ca939edc25f1458030771f44bab17) Importer(815301076,1909f56bfc062723c751e8b465ee728b)
Start importing Assets/SpaceShooty/Prefabs/C04 Fighter.prefab using Guid(055ca939edc25f1458030771f44bab17) Importer(815301076,1909f56bfc062723c751e8b465ee728b) [PhysX] Initialized MultithreadedTaskDispatcher with 16 workers.
 -> (artifact id: 'f7b570c6d461496dd14b562b17f53841') in 0.000424 seconds
Number of updated asset objects reloaded before import = 0
Number of asset objects unloaded after import = 0
========================================================================
Received Import Request.
  Time since last request: 0.000012 seconds.
  path: Assets/SpaceShooty/Prefabs/Player.prefab
  artifactKey: Guid(387c11ba2c00af841967d767957917ee) Importer(815301076,1909f56bfc062723c751e8b465ee728b)
Start importing Assets/SpaceShooty/Prefabs/Player.prefab using Guid(387c11ba2c00af841967d767957917ee) Importer(815301076,1909f56bfc062723c751e8b465ee728b) [PhysX] Initialized MultithreadedTaskDispatcher with 16 workers.
 -> (artifact id: '572fa19663ed210098e354bcd209d4e3') in 0.000906 seconds
Number of updated asset objects reloaded before import = 0
Number of asset objects unloaded after import = 0
========================================================================
Received Import Request.
  Time since last request: 12.200921 seconds.
  path: Assets/SpaceShooty/Prefabs/C04 Fighter.prefab
  artifactKey: Guid(055ca939edc25f1458030771f44bab17) Importer(815301076,1909f56bfc062723c751e8b465ee728b)
Start importing Assets/SpaceShooty/Prefabs/C04 Fighter.prefab using Guid(055ca939edc25f1458030771f44bab17) Importer(815301076,1909f56bfc062723c751e8b465ee728b) [PhysX] Initialized MultithreadedTaskDispatcher with 16 workers.
 -> (artifact id: 'f7b570c6d461496dd14b562b17f53841') in 0.000380 seconds
Number of updated asset objects reloaded before import = 0
Number of asset objects unloaded after import = 0
========================================================================
Received Import Request.
  Time since last request: 0.000013 seconds.
  path: Assets/SpaceShooty/Prefabs/F04 Frigate.prefab
  artifactKey: Guid(4f92f9d7e224fa441914f9520de32dcb) Importer(815301076,1909f56bfc062723c751e8b465ee728b)
Start importing Assets/SpaceShooty/Prefabs/F04 Frigate.prefab using Guid(4f92f9d7e224fa441914f9520de32dcb) Importer(815301076,1909f56bfc062723c751e8b465ee728b) [PhysX] Initialized MultithreadedTaskDispatcher with 16 workers.
 -> (artifact id: 'e48b4bb275739412bf0670f7710c8a2a') in 0.000400 seconds
Number of updated asset objects reloaded before import = 0
Number of asset objects unloaded after import = 0
========================================================================
Received Import Request.
  Time since last request: 3.496821 seconds.
  path: Assets/SpaceShooty/Prefabs/C04 Fighter.prefab
  artifactKey: Guid(055ca939edc25f1458030771f44bab17) Importer(815301076,1909f56bfc062723c751e8b465ee728b)
Start importing Assets/SpaceShooty/Prefabs/C04 Fighter.prefab using Guid(055ca939edc25f1458030771f44bab17) Importer(815301076,1909f56bfc062723c751e8b465ee728b) [PhysX] Initialized MultithreadedTaskDispatcher with 16 workers.
 -> (artifact id: 'f7b570c6d461496dd14b562b17f53841') in 0.000434 seconds
Number of updated asset objects reloaded before import = 0
Number of asset objects unloaded after import = 0
========================================================================
Received Import Request.
  Time since last request: 0.000010 seconds.
  path: Assets/SpaceShooty/Prefabs/Projectile.prefab
  artifactKey: Guid(e048453342c61ae4c8f96605c6bf58e3) Importer(815301076,1909f56bfc062723c751e8b465ee728b)
Start importing Assets/SpaceShooty/Prefabs/Projectile.prefab using Guid(e048453342c61ae4c8f96605c6bf58e3) Importer(815301076,1909f56bfc062723c751e8b465ee728b) [PhysX] Initialized MultithreadedTaskDispatcher with 16 workers.
 -> (artifact id: 'ff820b01e113f47911f0358d67a046d0') in 0.000516 seconds
Number of updated asset objects reloaded before import = 0
Number of asset objects unloaded after import = 0
========================================================================
Received Import Request.
  Time since last request: 1.280843 seconds.
  path: Assets/SpaceShooty/Prefabs/C04 Fighter.prefab
  artifactKey: Guid(055ca939edc25f1458030771f44bab17) Importer(815301076,1909f56bfc062723c751e8b465ee728b)
Start importing Assets/SpaceShooty/Prefabs/C04 Fighter.prefab using Guid(055ca939edc25f1458030771f44bab17) Importer(815301076,1909f56bfc062723c751e8b465ee728b) [PhysX] Initialized MultithreadedTaskDispatcher with 16 workers.
 -> (artifact id: 'f7b570c6d461496dd14b562b17f53841') in 0.000507 seconds
Number of updated asset objects reloaded before import = 0
Number of asset objects unloaded after import = 0
========================================================================
Received Import Request.
  Time since last request: 0.000011 seconds.
  path: Assets/SpaceShooty/Prefabs/Player.prefab
  artifactKey: Guid(387c11ba2c00af841967d767957917ee) Importer(815301076,1909f56bfc062723c751e8b465ee728b)
Start importing Assets/SpaceShooty/Prefabs/Player.prefab using Guid(387c11ba2c00af841967d767957917ee) Importer(815301076,1909f56bfc062723c751e8b465ee728b) [PhysX] Initialized MultithreadedTaskDispatcher with 16 workers.
 -> (artifact id: '572fa19663ed210098e354bcd209d4e3') in 0.000479 seconds
Number of updated asset objects reloaded before import = 0
Number of asset objects unloaded after import = 0
========================================================================
Received Import Request.
  Time since last request: 2.839183 seconds.
  path: Assets/SpaceShooty/Prefabs/C04 Fighter.prefab
  artifactKey: Guid(055ca939edc25f1458030771f44bab17) Importer(815301076,1909f56bfc062723c751e8b465ee728b)
Start importing Assets/SpaceShooty/Prefabs/C04 Fighter.prefab using Guid(055ca939edc25f1458030771f44bab17) Importer(815301076,1909f56bfc062723c751e8b465ee728b) [PhysX] Initialized MultithreadedTaskDispatcher with 16 workers.
 -> (artifact id: 'f7b570c6d461496dd14b562b17f53841') in 0.000402 seconds
Number of updated asset objects reloaded before import = 0
Number of asset objects unloaded after import = 0
========================================================================
Received Import Request.
  Time since last request: 0.000010 seconds.
  path: Assets/SpaceShooty/Prefabs/Player.prefab
  artifactKey: Guid(387c11ba2c00af841967d767957917ee) Importer(815301076,1909f56bfc062723c751e8b465ee728b)
Start importing Assets/SpaceShooty/Prefabs/Player.prefab using Guid(387c11ba2c00af841967d767957917ee) Importer(815301076,1909f56bfc062723c751e8b465ee728b) [PhysX] Initialized MultithreadedTaskDispatcher with 16 workers.
 -> (artifact id: '572fa19663ed210098e354bcd209d4e3') in 0.000465 seconds
Number of updated asset objects reloaded before import = 0
Number of asset objects unloaded after import = 0
========================================================================
Received Prepare
Caller must complete domain reload
Begin MonoManager ReloadAssembly
Symbol file LoadedFromMemory is not a mono symbol file
- Loaded All Assemblies, in  0.321 seconds
Native extension for UWP target not found
Native extension for WindowsStandalone target not found
Native extension for Android target not found
Mono: successfully reloaded assembly
- Finished resetting the current domain, in  1.149 seconds
Domain Reload Profiling: 1468ms
	BeginReloadAssembly (102ms)
		ExecutionOrderSort (0ms)
		DisableScriptedObjects (2ms)
		BackupInstance (0ms)
		ReleaseScriptingObjects (0ms)
		CreateAndSetChildDomain (26ms)
	RebuildCommonClasses (19ms)
	RebuildNativeTypeToScriptingClass (6ms)
	initialDomainReloadingComplete (20ms)
	LoadAllAssembliesAndSetupDomain (171ms)
		LoadAssemblies (208ms)
		RebuildTransferFunctionScriptingTraits (0ms)
		AnalyzeDomain (12ms)
			TypeCache.Refresh (4ms)
				TypeCache.ScanAssembly (0ms)
			ScanForSourceGeneratedMonoScriptInfo (0ms)
			ResolveRequiredComponents (7ms)
	FinalizeReload (1150ms)
		ReleaseScriptCaches (0ms)
		RebuildScriptCaches (0ms)
		SetupLoadedEditorAssemblies (458ms)
			LogAssemblyErrors (0ms)
			InitializePlatformSupportModulesInManaged (16ms)
			SetLoadedEditorAssemblies (3ms)
			RefreshPlugins (0ms)
			BeforeProcessingInitializeOnLoad (59ms)
			ProcessInitializeOnLoadAttributes (359ms)
			ProcessInitializeOnLoadMethodAttributes (17ms)
			AfterProcessingInitializeOnLoad (4ms)
			EditorAssembliesLoaded (0ms)
		ExecutionOrderSort2 (0ms)
		AwakeInstancesAfterBackupRestoration (3ms)
Refreshing native plugins compatible for Editor in 15.72 ms, found 3 plugins.
Preloading 0 native plugins for Editor in 0.00 ms.
Unloading 7145 Unused Serialized files (Serialized files now loaded: 0)
Unloading 164 unused Assets / (13.9 MB). Loaded Objects now: 7890.
Memory consumption went from 286.7 MB to 272.8 MB.
Total: 7.661100 ms (FindLiveObjects: 0.738100 ms CreateObjectMapping: 0.247800 ms MarkObjects: 3.409200 ms  DeleteObjects: 3.265100 ms)

Prepare: number of updated asset objects reloaded= 0
AssetImportParameters requested are different than current active one (requested -> active):
  custom:container-demuxer-ogg: 62fdf1f143b41e24485cea50d1cbac27 -> 
  custom:framework-win-MediaFoundation: 216162199b28c13a410421893ffa2e32 -> 
  custom:scripting/monoscript/fileName/Projectile.cs: 5516e8a450d0b07e85069518e074fad4 -> 
  custom:scripting/monoscript/fileName/DestroyerHealth.cs: af2148d38daccb6a6ebc06da04049be4 -> 65a15f30bafbe703e697fb87718d2352
  custom:container-muxer-webm: aa71ff27fc2769a1b78a27578f13a17b -> 
  custom:video-decoder-webm-vp8: 9c59270c3fd7afecdb556c50c9e8de78 -> 
  custom:SearchIndexIgnoredProperties: e643bd26f0fe6173181afceb89e7c659 -> 
  custom:AudioImporter_EditorPlatform: d09bf68614088b80899f8185d706f6e7 -> 
  custom:audio-decoder-ogg-vorbis: bf7c407c2cedff20999df2af8eb42d56 -> 
  custom:scripting/monoscript/fileName/CruiserHealth.cs: d4396c74acba6e6620f8f0ed1f406c76 -> b805cc496f66499affd34364065b76e2
  custom:audio-encoder-webm-vorbis: bf7c407c2cedff20999df2af8eb42d56 -> 
  custom:scripting/precompiled-assembly-types:Assembly-CSharp: 6e8ee73b9f71a48aa3eebbeeaade322d -> 2dfcddbc373c7b33d94688add9213a29
  custom:scripting/monoscript/fileName/PlayerShoot.cs: cb19fbe30492adfa521da80ba71f6503 -> 
  custom:video-codec-MediaFoundation-h265: 746d11721c4dcdbdad8f713fa42b33f4 -> 
  custom:video-decoder-ogg-theora: a1e56fd34408186e4bbccfd4996cb3dc -> 
  custom:CustomObjectIndexerAttribute: 72b91833f83ae208fae7752999fa3104 -> 
  custom:container-demuxer-webm: 4f35f7cbe854078d1ac9338744f61a02 -> 
  custom:scripting/monoscript/fileName/FighterHealth.cs: f49e7b9db47e4bea9d4b57ea31976cbd -> 126baef1d75cab95dd06dc3ec02d89bd
  custom:scripting/monoscript/fileName/FrigateHealth.cs: 893e468e3f35edb8064ddf44dcb50f2d -> 64741ea1337a2c8449c1670dc1aa3fa1
  custom:video-encoder-webm-vp8: eb34c28f22e8b96e1ab97ce403110664 -> 
========================================================================
Received Import Request.
  Time since last request: 8.288463 seconds.
  path: Assets/SpaceShooty/Prefabs/Projectile.prefab
  artifactKey: Guid(e048453342c61ae4c8f96605c6bf58e3) Importer(815301076,1909f56bfc062723c751e8b465ee728b)
Start importing Assets/SpaceShooty/Prefabs/Projectile.prefab using Guid(e048453342c61ae4c8f96605c6bf58e3) Importer(815301076,1909f56bfc062723c751e8b465ee728b) [PhysX] Initialized MultithreadedTaskDispatcher with 16 workers.
 -> (artifact id: '4a3da5c6dabe9463f60ff8638b535a8b') in 0.017847 seconds
Number of updated asset objects reloaded before import = 0
Number of asset objects unloaded after import = 0
========================================================================
Received Import Request.
  Time since last request: 0.000035 seconds.
  path: Assets/SpaceShooty/Prefabs/C04 Fighter.prefab
  artifactKey: Guid(055ca939edc25f1458030771f44bab17) Importer(815301076,1909f56bfc062723c751e8b465ee728b)
Start importing Assets/SpaceShooty/Prefabs/C04 Fighter.prefab using Guid(055ca939edc25f1458030771f44bab17) Importer(815301076,1909f56bfc062723c751e8b465ee728b) [PhysX] Initialized MultithreadedTaskDispatcher with 16 workers.
 -> (artifact id: 'f7b570c6d461496dd14b562b17f53841') in 0.000656 seconds
Number of updated asset objects reloaded before import = 0
Number of asset objects unloaded after import = 0
========================================================================
Received Import Request.
  Time since last request: 11.683763 seconds.
  path: Assets/SpaceShooty/Prefabs/C04 Fighter.prefab
  artifactKey: Guid(055ca939edc25f1458030771f44bab17) Importer(815301076,1909f56bfc062723c751e8b465ee728b)
Start importing Assets/SpaceShooty/Prefabs/C04 Fighter.prefab using Guid(055ca939edc25f1458030771f44bab17) Importer(815301076,1909f56bfc062723c751e8b465ee728b) [PhysX] Initialized MultithreadedTaskDispatcher with 16 workers.
 -> (artifact id: 'f7b570c6d461496dd14b562b17f53841') in 0.000384 seconds
Number of updated asset objects reloaded before import = 0
Number of asset objects unloaded after import = 0
Editor requested this worker to shutdown with reason: Scaling down because of idle timeout
TcpMessagingSession - receive error: operation aborted. errorcode: 995, details: The I/O operation has been aborted because of either a thread exit or an application request.
AssetImportWorker is now disconnected from the server
Process exiting
Exiting without the bug reporter. Application will terminate with return code 0