Using pre-set license
Built from '2022.3/staging' branch; Version is '2022.3.42f1 (2dcb6a0abc42) revision 3001194'; Using compiler version '192829333'; Build Type 'Release'
OS: 'Windows 11  (10.0.26100) 64bit Core' Language: 'en' Physical Memory: 31900 MB
BatchMode: 1, IsHumanControllingUs: 0, StartBugReporterOnCrash: 0, Is64bit: 1, IsPro: 1

COMMAND LINE ARGUMENTS:
C:\Program Files\Unity\Hub\Editor\2022.3.42f1\Editor\Unity.exe
-adb2
-batchMode
-noUpm
-name
AssetImportWorker3
-projectPath
C:/Users/Isaiah/Unity Projects/Da-372-Shtuff/MAGD 372 Projects
-logFile
Logs/AssetImportWorker3.log
-srvPort
59581
Successfully changed project path to: C:/Users/Isaiah/Unity Projects/Da-372-Shtuff/MAGD 372 Projects
C:/Users/Isaiah/Unity Projects/Da-372-Shtuff/MAGD 372 Projects
[UnityMemory] Configuration Parameters - Can be set up in boot.config
    "memorysetup-bucket-allocator-granularity=16"
    "memorysetup-bucket-allocator-bucket-count=8"
    "memorysetup-bucket-allocator-block-size=33554432"
    "memorysetup-bucket-allocator-block-count=8"
    "memorysetup-main-allocator-block-size=16777216"
    "memorysetup-thread-allocator-block-size=16777216"
    "memorysetup-gfx-main-allocator-block-size=16777216"
    "memorysetup-gfx-thread-allocator-block-size=16777216"
    "memorysetup-cache-allocator-block-size=4194304"
    "memorysetup-typetree-allocator-block-size=2097152"
    "memorysetup-profiler-bucket-allocator-granularity=16"
    "memorysetup-profiler-bucket-allocator-bucket-count=8"
    "memorysetup-profiler-bucket-allocator-block-size=33554432"
    "memorysetup-profiler-bucket-allocator-block-count=8"
    "memorysetup-profiler-allocator-block-size=16777216"
    "memorysetup-profiler-editor-allocator-block-size=1048576"
    "memorysetup-temp-allocator-size-main=16777216"
    "memorysetup-job-temp-allocator-block-size=2097152"
    "memorysetup-job-temp-allocator-block-size-background=1048576"
    "memorysetup-job-temp-allocator-reduction-small-platforms=262144"
    "memorysetup-allocator-temp-initial-block-size-main=262144"
    "memorysetup-allocator-temp-initial-block-size-worker=262144"
    "memorysetup-temp-allocator-size-background-worker=32768"
    "memorysetup-temp-allocator-size-job-worker=262144"
    "memorysetup-temp-allocator-size-preload-manager=33554432"
    "memorysetup-temp-allocator-size-nav-mesh-worker=65536"
    "memorysetup-temp-allocator-size-audio-worker=65536"
    "memorysetup-temp-allocator-size-cloud-worker=32768"
    "memorysetup-temp-allocator-size-gi-baking-worker=262144"
    "memorysetup-temp-allocator-size-gfx=262144"
Player connection [39884]  Target information:

Player connection [39884]  * "[IP] 192.168.1.26 [Port] 0 [Flags] 2 [Guid] 1428330952 [EditorId] 1428330952 [Version] 1048832 [Id] WindowsEditor(7,idebljmDesktop) [Debug] 1 [PackageName] WindowsEditor [ProjectName] Editor" 

Player connection [39884] Host joined multi-casting on [225.0.0.222:54997]...
Player connection [39884] Host joined alternative multi-casting on [225.0.0.222:34997]...
[PhysX] Initialized MultithreadedTaskDispatcher with 16 workers.
Refreshing native plugins compatible for Editor in 15.28 ms, found 3 plugins.
Preloading 0 native plugins for Editor in 0.00 ms.
Initialize engine version: 2022.3.42f1 (2dcb6a0abc42)
[Subsystems] Discovering subsystems at path C:/Program Files/Unity/Hub/Editor/2022.3.42f1/Editor/Data/Resources/UnitySubsystems
[Subsystems] Discovering subsystems at path C:/Users/Isaiah/Unity Projects/Da-372-Shtuff/MAGD 372 Projects/Assets
GfxDevice: creating device client; threaded=0; jobified=0
Direct3D:
    Version:  Direct3D 11.0 [level 11.1]
    Renderer: NVIDIA GeForce RTX 4060 Ti (ID=0x2803)
    Vendor:   NVIDIA
    VRAM:     16109 MB
    Driver:   32.0.15.7216
Initialize mono
Mono path[0] = 'C:/Program Files/Unity/Hub/Editor/2022.3.42f1/Editor/Data/Managed'
Mono path[1] = 'C:/Program Files/Unity/Hub/Editor/2022.3.42f1/Editor/Data/MonoBleedingEdge/lib/mono/unityjit-win32'
Mono config path = 'C:/Program Files/Unity/Hub/Editor/2022.3.42f1/Editor/Data/MonoBleedingEdge/etc'
Using monoOptions --debugger-agent=transport=dt_socket,embedding=1,server=y,suspend=n,address=127.0.0.1:56924
Begin MonoManager ReloadAssembly
Registering precompiled unity dll's ...
Register platform support module: C:/Program Files/Unity/Hub/Editor/2022.3.42f1/Editor/Data/PlaybackEngines/AndroidPlayer/UnityEditor.Android.Extensions.dll
Register platform support module: C:/Program Files/Unity/Hub/Editor/2022.3.42f1/Editor/Data/PlaybackEngines/WindowsStandaloneSupport/UnityEditor.WindowsStandalone.Extensions.dll
Register platform support module: C:/Program Files/Unity/Hub/Editor/2022.3.42f1/Editor/Data/PlaybackEngines/MetroSupport/UnityEditor.UWP.Extensions.dll
Registered in 0.006637 seconds.
- Loaded All Assemblies, in  0.210 seconds
Native extension for UWP target not found
Native extension for WindowsStandalone target not found
Native extension for Android target not found
Mono: successfully reloaded assembly
- Finished resetting the current domain, in  0.184 seconds
Domain Reload Profiling: 394ms
	BeginReloadAssembly (65ms)
		ExecutionOrderSort (0ms)
		DisableScriptedObjects (0ms)
		BackupInstance (0ms)
		ReleaseScriptingObjects (0ms)
		CreateAndSetChildDomain (0ms)
	RebuildCommonClasses (19ms)
	RebuildNativeTypeToScriptingClass (6ms)
	initialDomainReloadingComplete (37ms)
	LoadAllAssembliesAndSetupDomain (83ms)
		LoadAssemblies (64ms)
		RebuildTransferFunctionScriptingTraits (0ms)
		AnalyzeDomain (81ms)
			TypeCache.Refresh (80ms)
				TypeCache.ScanAssembly (72ms)
			ScanForSourceGeneratedMonoScriptInfo (0ms)
			ResolveRequiredComponents (0ms)
	FinalizeReload (185ms)
		ReleaseScriptCaches (0ms)
		RebuildScriptCaches (0ms)
		SetupLoadedEditorAssemblies (159ms)
			LogAssemblyErrors (0ms)
			InitializePlatformSupportModulesInManaged (61ms)
			SetLoadedEditorAssemblies (2ms)
			RefreshPlugins (0ms)
			BeforeProcessingInitializeOnLoad (1ms)
			ProcessInitializeOnLoadAttributes (69ms)
			ProcessInitializeOnLoadMethodAttributes (26ms)
			AfterProcessingInitializeOnLoad (0ms)
			EditorAssembliesLoaded (0ms)
		ExecutionOrderSort2 (0ms)
		AwakeInstancesAfterBackupRestoration (0ms)
========================================================================
Worker process is ready to serve import requests
Caller must complete domain reload
Begin MonoManager ReloadAssembly
Symbol file LoadedFromMemory is not a mono symbol file
- Loaded All Assemblies, in  0.562 seconds
Native extension for UWP target not found
Native extension for WindowsStandalone target not found
Native extension for Android target not found
Mono: successfully reloaded assembly
- Finished resetting the current domain, in  0.613 seconds
Domain Reload Profiling: 1173ms
	BeginReloadAssembly (89ms)
		ExecutionOrderSort (0ms)
		DisableScriptedObjects (3ms)
		BackupInstance (0ms)
		ReleaseScriptingObjects (0ms)
		CreateAndSetChildDomain (16ms)
	RebuildCommonClasses (19ms)
	RebuildNativeTypeToScriptingClass (6ms)
	initialDomainReloadingComplete (27ms)
	LoadAllAssembliesAndSetupDomain (418ms)
		LoadAssemblies (251ms)
		RebuildTransferFunctionScriptingTraits (0ms)
		AnalyzeDomain (218ms)
			TypeCache.Refresh (185ms)
				TypeCache.ScanAssembly (171ms)
			ScanForSourceGeneratedMonoScriptInfo (25ms)
			ResolveRequiredComponents (7ms)
	FinalizeReload (614ms)
		ReleaseScriptCaches (0ms)
		RebuildScriptCaches (0ms)
		SetupLoadedEditorAssemblies (491ms)
			LogAssemblyErrors (0ms)
			InitializePlatformSupportModulesInManaged (16ms)
			SetLoadedEditorAssemblies (3ms)
			RefreshPlugins (0ms)
			BeforeProcessingInitializeOnLoad (61ms)
			ProcessInitializeOnLoadAttributes (387ms)
			ProcessInitializeOnLoadMethodAttributes (20ms)
			AfterProcessingInitializeOnLoad (4ms)
			EditorAssembliesLoaded (0ms)
		ExecutionOrderSort2 (0ms)
		AwakeInstancesAfterBackupRestoration (3ms)
Launched and connected shader compiler UnityShaderCompiler.exe after 0.03 seconds
Refreshing native plugins compatible for Editor in 9.12 ms, found 3 plugins.
Preloading 0 native plugins for Editor in 0.00 ms.
Unloading 7393 Unused Serialized files (Serialized files now loaded: 0)
Unloading 192 unused Assets / (13.9 MB). Loaded Objects now: 7746.
Memory consumption went from 344.4 MB to 330.5 MB.
Total: 9.444000 ms (FindLiveObjects: 0.861600 ms CreateObjectMapping: 0.548300 ms MarkObjects: 4.574700 ms  DeleteObjects: 3.458300 ms)

AssetImportParameters requested are different than current active one (requested -> active):
  custom:container-demuxer-ogg: 62fdf1f143b41e24485cea50d1cbac27 -> 
  custom:framework-win-MediaFoundation: 216162199b28c13a410421893ffa2e32 -> 
  custom:container-muxer-webm: aa71ff27fc2769a1b78a27578f13a17b -> 
  custom:video-decoder-webm-vp8: 9c59270c3fd7afecdb556c50c9e8de78 -> 
  custom:SearchIndexIgnoredProperties: e643bd26f0fe6173181afceb89e7c659 -> 
  custom:AudioImporter_EditorPlatform: d09bf68614088b80899f8185d706f6e7 -> 
  custom:audio-decoder-ogg-vorbis: bf7c407c2cedff20999df2af8eb42d56 -> 
  custom:audio-encoder-webm-vorbis: bf7c407c2cedff20999df2af8eb42d56 -> 
  custom:video-codec-MediaFoundation-h265: 746d11721c4dcdbdad8f713fa42b33f4 -> 
  custom:video-decoder-ogg-theora: a1e56fd34408186e4bbccfd4996cb3dc -> 
  custom:CustomObjectIndexerAttribute: 72b91833f83ae208fae7752999fa3104 -> 
  custom:container-demuxer-webm: 4f35f7cbe854078d1ac9338744f61a02 -> 
  custom:video-encoder-webm-vp8: eb34c28f22e8b96e1ab97ce403110664 -> 
========================================================================
Received Prepare
Caller must complete domain reload
Begin MonoManager ReloadAssembly
Symbol file LoadedFromMemory is not a mono symbol file
- Loaded All Assemblies, in  0.418 seconds
Native extension for UWP target not found
Native extension for WindowsStandalone target not found
Native extension for Android target not found
Mono: successfully reloaded assembly
- Finished resetting the current domain, in  1.337 seconds
Domain Reload Profiling: 1751ms
	BeginReloadAssembly (129ms)
		ExecutionOrderSort (0ms)
		DisableScriptedObjects (2ms)
		BackupInstance (0ms)
		ReleaseScriptingObjects (0ms)
		CreateAndSetChildDomain (42ms)
	RebuildCommonClasses (20ms)
	RebuildNativeTypeToScriptingClass (7ms)
	initialDomainReloadingComplete (22ms)
	LoadAllAssembliesAndSetupDomain (235ms)
		LoadAssemblies (250ms)
		RebuildTransferFunctionScriptingTraits (0ms)
		AnalyzeDomain (41ms)
			TypeCache.Refresh (7ms)
				TypeCache.ScanAssembly (0ms)
			ScanForSourceGeneratedMonoScriptInfo (25ms)
			ResolveRequiredComponents (7ms)
	FinalizeReload (1338ms)
		ReleaseScriptCaches (0ms)
		RebuildScriptCaches (0ms)
		SetupLoadedEditorAssemblies (521ms)
			LogAssemblyErrors (0ms)
			InitializePlatformSupportModulesInManaged (18ms)
			SetLoadedEditorAssemblies (3ms)
			RefreshPlugins (0ms)
			BeforeProcessingInitializeOnLoad (68ms)
			ProcessInitializeOnLoadAttributes (407ms)
			ProcessInitializeOnLoadMethodAttributes (19ms)
			AfterProcessingInitializeOnLoad (6ms)
			EditorAssembliesLoaded (0ms)
		ExecutionOrderSort2 (0ms)
		AwakeInstancesAfterBackupRestoration (4ms)
Refreshing native plugins compatible for Editor in 8.65 ms, found 3 plugins.
Preloading 0 native plugins for Editor in 0.00 ms.
Unloading 7146 Unused Serialized files (Serialized files now loaded: 0)
Unloading 165 unused Assets / (13.9 MB). Loaded Objects now: 7761.
Memory consumption went from 286.8 MB to 272.9 MB.
Total: 9.593500 ms (FindLiveObjects: 0.852200 ms CreateObjectMapping: 0.548100 ms MarkObjects: 4.259300 ms  DeleteObjects: 3.932400 ms)

Prepare: number of updated asset objects reloaded= 0
AssetImportParameters requested are different than current active one (requested -> active):
  custom:container-demuxer-ogg: 62fdf1f143b41e24485cea50d1cbac27 -> 
  custom:framework-win-MediaFoundation: 216162199b28c13a410421893ffa2e32 -> 
  custom:container-muxer-webm: aa71ff27fc2769a1b78a27578f13a17b -> 
  custom:video-decoder-webm-vp8: 9c59270c3fd7afecdb556c50c9e8de78 -> 
  custom:SearchIndexIgnoredProperties: e643bd26f0fe6173181afceb89e7c659 -> 
  custom:AudioImporter_EditorPlatform: d09bf68614088b80899f8185d706f6e7 -> 
  custom:audio-decoder-ogg-vorbis: bf7c407c2cedff20999df2af8eb42d56 -> 
  custom:audio-encoder-webm-vorbis: bf7c407c2cedff20999df2af8eb42d56 -> 
  custom:scripting/precompiled-assembly-types:Assembly-CSharp: 6e8ee73b9f71a48aa3eebbeeaade322d -> 908dbd0385b770e4422d9664615d7c9a
  custom:video-codec-MediaFoundation-h265: 746d11721c4dcdbdad8f713fa42b33f4 -> 
  custom:video-decoder-ogg-theora: a1e56fd34408186e4bbccfd4996cb3dc -> 
  custom:CustomObjectIndexerAttribute: 72b91833f83ae208fae7752999fa3104 -> 
  custom:container-demuxer-webm: 4f35f7cbe854078d1ac9338744f61a02 -> 
  custom:video-encoder-webm-vp8: eb34c28f22e8b96e1ab97ce403110664 -> 
========================================================================
Received Prepare
Caller must complete domain reload
Begin MonoManager ReloadAssembly
Symbol file LoadedFromMemory is not a mono symbol file
- Loaded All Assemblies, in  0.366 seconds
Native extension for UWP target not found
Native extension for WindowsStandalone target not found
Native extension for Android target not found
Mono: successfully reloaded assembly
- Finished resetting the current domain, in  1.167 seconds
Domain Reload Profiling: 1530ms
	BeginReloadAssembly (111ms)
		ExecutionOrderSort (0ms)
		DisableScriptedObjects (2ms)
		BackupInstance (0ms)
		ReleaseScriptingObjects (0ms)
		CreateAndSetChildDomain (33ms)
	RebuildCommonClasses (18ms)
	RebuildNativeTypeToScriptingClass (6ms)
	initialDomainReloadingComplete (21ms)
	LoadAllAssembliesAndSetupDomain (206ms)
		LoadAssemblies (217ms)
		RebuildTransferFunctionScriptingTraits (0ms)
		AnalyzeDomain (39ms)
			TypeCache.Refresh (6ms)
				TypeCache.ScanAssembly (0ms)
			ScanForSourceGeneratedMonoScriptInfo (25ms)
			ResolveRequiredComponents (7ms)
	FinalizeReload (1167ms)
		ReleaseScriptCaches (0ms)
		RebuildScriptCaches (0ms)
		SetupLoadedEditorAssemblies (481ms)
			LogAssemblyErrors (0ms)
			InitializePlatformSupportModulesInManaged (17ms)
			SetLoadedEditorAssemblies (3ms)
			RefreshPlugins (0ms)
			BeforeProcessingInitializeOnLoad (62ms)
			ProcessInitializeOnLoadAttributes (376ms)
			ProcessInitializeOnLoadMethodAttributes (17ms)
			AfterProcessingInitializeOnLoad (5ms)
			EditorAssembliesLoaded (0ms)
		ExecutionOrderSort2 (0ms)
		AwakeInstancesAfterBackupRestoration (3ms)
Refreshing native plugins compatible for Editor in 9.58 ms, found 3 plugins.
Preloading 0 native plugins for Editor in 0.00 ms.
Unloading 7147 Unused Serialized files (Serialized files now loaded: 0)
Unloading 165 unused Assets / (13.9 MB). Loaded Objects now: 7777.
Memory consumption went from 286.7 MB to 272.8 MB.
Total: 16.390500 ms (FindLiveObjects: 0.871400 ms CreateObjectMapping: 0.512100 ms MarkObjects: 11.447400 ms  DeleteObjects: 3.558400 ms)

Prepare: number of updated asset objects reloaded= 0
AssetImportParameters requested are different than current active one (requested -> active):
  custom:container-demuxer-ogg: 62fdf1f143b41e24485cea50d1cbac27 -> 
  custom:framework-win-MediaFoundation: 216162199b28c13a410421893ffa2e32 -> 
  custom:container-muxer-webm: aa71ff27fc2769a1b78a27578f13a17b -> 
  custom:video-decoder-webm-vp8: 9c59270c3fd7afecdb556c50c9e8de78 -> 
  custom:SearchIndexIgnoredProperties: e643bd26f0fe6173181afceb89e7c659 -> 
  custom:AudioImporter_EditorPlatform: d09bf68614088b80899f8185d706f6e7 -> 
  custom:audio-decoder-ogg-vorbis: bf7c407c2cedff20999df2af8eb42d56 -> 
  custom:scripting/monoscript/fileName/ScatterProjectile.cs: 0a0c2d18a943d724be5e1cdbaa398c43 -> 
  custom:audio-encoder-webm-vorbis: bf7c407c2cedff20999df2af8eb42d56 -> 
  custom:scripting/precompiled-assembly-types:Assembly-CSharp: 9371b902dfa331c6a3d4e3e5fa7ef135 -> 908dbd0385b770e4422d9664615d7c9a
  custom:video-codec-MediaFoundation-h265: 746d11721c4dcdbdad8f713fa42b33f4 -> 
  custom:video-decoder-ogg-theora: a1e56fd34408186e4bbccfd4996cb3dc -> 
  custom:CustomObjectIndexerAttribute: 72b91833f83ae208fae7752999fa3104 -> 
  custom:container-demuxer-webm: 4f35f7cbe854078d1ac9338744f61a02 -> 
  custom:video-encoder-webm-vp8: eb34c28f22e8b96e1ab97ce403110664 -> 
========================================================================
Received Prepare
Caller must complete domain reload
Begin MonoManager ReloadAssembly
Symbol file LoadedFromMemory is not a mono symbol file
- Loaded All Assemblies, in  0.366 seconds
Native extension for UWP target not found
Native extension for WindowsStandalone target not found
Native extension for Android target not found
Mono: successfully reloaded assembly
- Finished resetting the current domain, in  1.194 seconds
Domain Reload Profiling: 1558ms
	BeginReloadAssembly (111ms)
		ExecutionOrderSort (0ms)
		DisableScriptedObjects (3ms)
		BackupInstance (0ms)
		ReleaseScriptingObjects (0ms)
		CreateAndSetChildDomain (30ms)
	RebuildCommonClasses (18ms)
	RebuildNativeTypeToScriptingClass (6ms)
	initialDomainReloadingComplete (20ms)
	LoadAllAssembliesAndSetupDomain (208ms)
		LoadAssemblies (218ms)
		RebuildTransferFunctionScriptingTraits (0ms)
		AnalyzeDomain (43ms)
			TypeCache.Refresh (7ms)
				TypeCache.ScanAssembly (0ms)
			ScanForSourceGeneratedMonoScriptInfo (28ms)
			ResolveRequiredComponents (7ms)
	FinalizeReload (1194ms)
		ReleaseScriptCaches (0ms)
		RebuildScriptCaches (0ms)
		SetupLoadedEditorAssemblies (467ms)
			LogAssemblyErrors (0ms)
			InitializePlatformSupportModulesInManaged (15ms)
			SetLoadedEditorAssemblies (3ms)
			RefreshPlugins (0ms)
			BeforeProcessingInitializeOnLoad (64ms)
			ProcessInitializeOnLoadAttributes (364ms)
			ProcessInitializeOnLoadMethodAttributes (16ms)
			AfterProcessingInitializeOnLoad (4ms)
			EditorAssembliesLoaded (0ms)
		ExecutionOrderSort2 (0ms)
		AwakeInstancesAfterBackupRestoration (3ms)
Refreshing native plugins compatible for Editor in 7.61 ms, found 3 plugins.
Preloading 0 native plugins for Editor in 0.00 ms.
Unloading 7148 Unused Serialized files (Serialized files now loaded: 0)
Unloading 165 unused Assets / (13.9 MB). Loaded Objects now: 7793.
Memory consumption went from 286.7 MB to 272.8 MB.
Total: 15.525900 ms (FindLiveObjects: 0.960800 ms CreateObjectMapping: 0.660500 ms MarkObjects: 10.792700 ms  DeleteObjects: 3.110900 ms)

Prepare: number of updated asset objects reloaded= 0
AssetImportParameters requested are different than current active one (requested -> active):
  custom:container-demuxer-ogg: 62fdf1f143b41e24485cea50d1cbac27 -> 
  custom:framework-win-MediaFoundation: 216162199b28c13a410421893ffa2e32 -> 
  custom:container-muxer-webm: aa71ff27fc2769a1b78a27578f13a17b -> 
  custom:video-decoder-webm-vp8: 9c59270c3fd7afecdb556c50c9e8de78 -> 
  custom:SearchIndexIgnoredProperties: e643bd26f0fe6173181afceb89e7c659 -> 
  custom:AudioImporter_EditorPlatform: d09bf68614088b80899f8185d706f6e7 -> 
  custom:scripting/monoscript/fileName/BombProjectile.cs: 65aabbd49de39af2881be7d7c73f15e4 -> 
  custom:audio-decoder-ogg-vorbis: bf7c407c2cedff20999df2af8eb42d56 -> 
  custom:scripting/monoscript/fileName/ScatterProjectile.cs: 0a0c2d18a943d724be5e1cdbaa398c43 -> 
  custom:audio-encoder-webm-vorbis: bf7c407c2cedff20999df2af8eb42d56 -> 
  custom:scripting/precompiled-assembly-types:Assembly-CSharp: 054907fc027e02f5cf23e9b75f4beba0 -> 908dbd0385b770e4422d9664615d7c9a
  custom:video-codec-MediaFoundation-h265: 746d11721c4dcdbdad8f713fa42b33f4 -> 
  custom:video-decoder-ogg-theora: a1e56fd34408186e4bbccfd4996cb3dc -> 
  custom:CustomObjectIndexerAttribute: 72b91833f83ae208fae7752999fa3104 -> 
  custom:container-demuxer-webm: 4f35f7cbe854078d1ac9338744f61a02 -> 
  custom:video-encoder-webm-vp8: eb34c28f22e8b96e1ab97ce403110664 -> 
========================================================================
Received Import Request.
  Time since last request: 321111.109998 seconds.
  path: Assets/SpaceShooty/Scripts/Ship/BombProjectile.cs
  artifactKey: Guid(e6ad9475845783644ba6a08b80cf4931) Importer(815301076,1909f56bfc062723c751e8b465ee728b)
Start importing Assets/SpaceShooty/Scripts/Ship/BombProjectile.cs using Guid(e6ad9475845783644ba6a08b80cf4931) Importer(815301076,1909f56bfc062723c751e8b465ee728b) [PhysX] Initialized MultithreadedTaskDispatcher with 16 workers.
 -> (artifact id: 'e00fb9ee744c5eda6fb82af725e307f7') in 0.002116 seconds
Number of updated asset objects reloaded before import = 0
Number of asset objects unloaded after import = 0
========================================================================
Received Import Request.
  Time since last request: 23.182353 seconds.
  path: Assets/SpaceShooty/Prefabs/C04 Fighter.prefab
  artifactKey: Guid(055ca939edc25f1458030771f44bab17) Importer(815301076,1909f56bfc062723c751e8b465ee728b)
Start importing Assets/SpaceShooty/Prefabs/C04 Fighter.prefab using Guid(055ca939edc25f1458030771f44bab17) Importer(815301076,1909f56bfc062723c751e8b465ee728b) [PhysX] Initialized MultithreadedTaskDispatcher with 16 workers.
 -> (artifact id: 'f7b570c6d461496dd14b562b17f53841') in 0.000497 seconds
Number of updated asset objects reloaded before import = 0
Number of asset objects unloaded after import = 0
========================================================================
Received Import Request.
  Time since last request: 0.000011 seconds.
  path: Assets/SpaceShooty/Prefabs/F04 Frigate.prefab
  artifactKey: Guid(4f92f9d7e224fa441914f9520de32dcb) Importer(815301076,1909f56bfc062723c751e8b465ee728b)
Start importing Assets/SpaceShooty/Prefabs/F04 Frigate.prefab using Guid(4f92f9d7e224fa441914f9520de32dcb) Importer(815301076,1909f56bfc062723c751e8b465ee728b) [PhysX] Initialized MultithreadedTaskDispatcher with 16 workers.
 -> (artifact id: 'e48b4bb275739412bf0670f7710c8a2a') in 0.000379 seconds
Number of updated asset objects reloaded before import = 0
Number of asset objects unloaded after import = 0
========================================================================
Received Import Request.
  Time since last request: 0.000022 seconds.
  path: Assets/SpaceShooty/Prefabs/D01 Destroyer.prefab
  artifactKey: Guid(224bdfc761dc4f647b471ad79019869e) Importer(815301076,1909f56bfc062723c751e8b465ee728b)
Start importing Assets/SpaceShooty/Prefabs/D01 Destroyer.prefab using Guid(224bdfc761dc4f647b471ad79019869e) Importer(815301076,1909f56bfc062723c751e8b465ee728b) [PhysX] Initialized MultithreadedTaskDispatcher with 16 workers.
 -> (artifact id: '4bba66f05005847d9399f145f60a0fee') in 0.000442 seconds
Number of updated asset objects reloaded before import = 0
Number of asset objects unloaded after import = 0
========================================================================
Received Import Request.
  Time since last request: 27.476702 seconds.
  path: Assets/SpaceShooty/Prefabs/D01 Destroyer.prefab
  artifactKey: Guid(224bdfc761dc4f647b471ad79019869e) Importer(815301076,1909f56bfc062723c751e8b465ee728b)
Start importing Assets/SpaceShooty/Prefabs/D01 Destroyer.prefab using Guid(224bdfc761dc4f647b471ad79019869e) Importer(815301076,1909f56bfc062723c751e8b465ee728b) [PhysX] Initialized MultithreadedTaskDispatcher with 16 workers.
 -> (artifact id: '4bba66f05005847d9399f145f60a0fee') in 0.000414 seconds
Number of updated asset objects reloaded before import = 0
Number of asset objects unloaded after import = 0
========================================================================
Received Import Request.
  Time since last request: 0.000024 seconds.
  path: Assets/SpaceShooty/Prefabs/Player.prefab
  artifactKey: Guid(387c11ba2c00af841967d767957917ee) Importer(815301076,1909f56bfc062723c751e8b465ee728b)
Start importing Assets/SpaceShooty/Prefabs/Player.prefab using Guid(387c11ba2c00af841967d767957917ee) Importer(815301076,1909f56bfc062723c751e8b465ee728b) [PhysX] Initialized MultithreadedTaskDispatcher with 16 workers.
 -> (artifact id: '572fa19663ed210098e354bcd209d4e3') in 0.000473 seconds
Number of updated asset objects reloaded before import = 0
Number of asset objects unloaded after import = 0
========================================================================
Received Prepare
Caller must complete domain reload
Begin MonoManager ReloadAssembly
Symbol file LoadedFromMemory is not a mono symbol file
- Loaded All Assemblies, in  0.353 seconds
Native extension for UWP target not found
Native extension for WindowsStandalone target not found
Native extension for Android target not found
Mono: successfully reloaded assembly
- Finished resetting the current domain, in  1.290 seconds
Domain Reload Profiling: 1641ms
	BeginReloadAssembly (113ms)
		ExecutionOrderSort (0ms)
		DisableScriptedObjects (3ms)
		BackupInstance (0ms)
		ReleaseScriptingObjects (0ms)
		CreateAndSetChildDomain (32ms)
	RebuildCommonClasses (22ms)
	RebuildNativeTypeToScriptingClass (6ms)
	initialDomainReloadingComplete (21ms)
	LoadAllAssembliesAndSetupDomain (188ms)
		LoadAssemblies (226ms)
		RebuildTransferFunctionScriptingTraits (0ms)
		AnalyzeDomain (14ms)
			TypeCache.Refresh (4ms)
				TypeCache.ScanAssembly (0ms)
			ScanForSourceGeneratedMonoScriptInfo (0ms)
			ResolveRequiredComponents (8ms)
	FinalizeReload (1290ms)
		ReleaseScriptCaches (0ms)
		RebuildScriptCaches (0ms)
		SetupLoadedEditorAssemblies (495ms)
			LogAssemblyErrors (0ms)
			InitializePlatformSupportModulesInManaged (17ms)
			SetLoadedEditorAssemblies (3ms)
			RefreshPlugins (0ms)
			BeforeProcessingInitializeOnLoad (70ms)
			ProcessInitializeOnLoadAttributes (381ms)
			ProcessInitializeOnLoadMethodAttributes (19ms)
			AfterProcessingInitializeOnLoad (5ms)
			EditorAssembliesLoaded (0ms)
		ExecutionOrderSort2 (0ms)
		AwakeInstancesAfterBackupRestoration (3ms)
Refreshing native plugins compatible for Editor in 8.85 ms, found 3 plugins.
Preloading 0 native plugins for Editor in 0.00 ms.
Unloading 7147 Unused Serialized files (Serialized files now loaded: 0)
Unloading 165 unused Assets / (13.9 MB). Loaded Objects now: 7808.
Memory consumption went from 286.5 MB to 272.6 MB.
Total: 9.987900 ms (FindLiveObjects: 0.947700 ms CreateObjectMapping: 0.519100 ms MarkObjects: 4.597600 ms  DeleteObjects: 3.922100 ms)

Prepare: number of updated asset objects reloaded= 0
AssetImportParameters requested are different than current active one (requested -> active):
  custom:container-demuxer-ogg: 62fdf1f143b41e24485cea50d1cbac27 -> 
  custom:framework-win-MediaFoundation: 216162199b28c13a410421893ffa2e32 -> 
  custom:container-muxer-webm: aa71ff27fc2769a1b78a27578f13a17b -> 
  custom:video-decoder-webm-vp8: 9c59270c3fd7afecdb556c50c9e8de78 -> 
  custom:SearchIndexIgnoredProperties: e643bd26f0fe6173181afceb89e7c659 -> 
  custom:AudioImporter_EditorPlatform: d09bf68614088b80899f8185d706f6e7 -> 
  custom:scripting/monoscript/fileName/BombProjectile.cs: 65aabbd49de39af2881be7d7c73f15e4 -> 
  custom:audio-decoder-ogg-vorbis: bf7c407c2cedff20999df2af8eb42d56 -> 
  custom:scripting/monoscript/fileName/ScatterProjectile.cs: 0a0c2d18a943d724be5e1cdbaa398c43 -> 
  custom:audio-encoder-webm-vorbis: bf7c407c2cedff20999df2af8eb42d56 -> 
  custom:scripting/precompiled-assembly-types:Assembly-CSharp: 054907fc027e02f5cf23e9b75f4beba0 -> 908dbd0385b770e4422d9664615d7c9a
  custom:video-codec-MediaFoundation-h265: 746d11721c4dcdbdad8f713fa42b33f4 -> 
  custom:video-decoder-ogg-theora: a1e56fd34408186e4bbccfd4996cb3dc -> 
  custom:CustomObjectIndexerAttribute: 72b91833f83ae208fae7752999fa3104 -> 
  custom:container-demuxer-webm: 4f35f7cbe854078d1ac9338744f61a02 -> 
  custom:video-encoder-webm-vp8: eb34c28f22e8b96e1ab97ce403110664 -> 
========================================================================
Received Import Request.
  Time since last request: 10.047422 seconds.
  path: Assets/SpaceShooty/Prefabs/Laser.prefab
  artifactKey: Guid(e048453342c61ae4c8f96605c6bf58e3) Importer(815301076,1909f56bfc062723c751e8b465ee728b)
Start importing Assets/SpaceShooty/Prefabs/Laser.prefab using Guid(e048453342c61ae4c8f96605c6bf58e3) Importer(815301076,1909f56bfc062723c751e8b465ee728b) [PhysX] Initialized MultithreadedTaskDispatcher with 16 workers.
 -> (artifact id: '3cfb68a40eb9d2e3ab9c53f9e87f145b') in 0.018424 seconds
Number of updated asset objects reloaded before import = 0
Number of asset objects unloaded after import = 0
========================================================================
Received Import Request.
  Time since last request: 0.000019 seconds.
  path: Assets/SpaceShooty/Prefabs/Player.prefab
  artifactKey: Guid(387c11ba2c00af841967d767957917ee) Importer(815301076,1909f56bfc062723c751e8b465ee728b)
Start importing Assets/SpaceShooty/Prefabs/Player.prefab using Guid(387c11ba2c00af841967d767957917ee) Importer(815301076,1909f56bfc062723c751e8b465ee728b) [PhysX] Initialized MultithreadedTaskDispatcher with 16 workers.
 -> (artifact id: '572fa19663ed210098e354bcd209d4e3') in 0.000791 seconds
Number of updated asset objects reloaded before import = 0
Number of asset objects unloaded after import = 0
========================================================================
Received Import Request.
  Time since last request: 0.000016 seconds.
  path: Assets/SpaceShooty/Prefabs/C04 Fighter.prefab
  artifactKey: Guid(055ca939edc25f1458030771f44bab17) Importer(815301076,1909f56bfc062723c751e8b465ee728b)
Start importing Assets/SpaceShooty/Prefabs/C04 Fighter.prefab using Guid(055ca939edc25f1458030771f44bab17) Importer(815301076,1909f56bfc062723c751e8b465ee728b) [PhysX] Initialized MultithreadedTaskDispatcher with 16 workers.
 -> (artifact id: 'f7b570c6d461496dd14b562b17f53841') in 0.000579 seconds
Number of updated asset objects reloaded before import = 0
Number of asset objects unloaded after import = 0
========================================================================
Received Import Request.
  Time since last request: 0.000027 seconds.
  path: Assets/SpaceShooty/Prefabs/F04 Frigate.prefab
  artifactKey: Guid(4f92f9d7e224fa441914f9520de32dcb) Importer(815301076,1909f56bfc062723c751e8b465ee728b)
Start importing Assets/SpaceShooty/Prefabs/F04 Frigate.prefab using Guid(4f92f9d7e224fa441914f9520de32dcb) Importer(815301076,1909f56bfc062723c751e8b465ee728b) [PhysX] Initialized MultithreadedTaskDispatcher with 16 workers.
 -> (artifact id: 'e48b4bb275739412bf0670f7710c8a2a') in 0.000582 seconds
Number of updated asset objects reloaded before import = 0
Number of asset objects unloaded after import = 0
========================================================================
Received Import Request.
  Time since last request: 0.000119 seconds.
  path: Assets/SpaceShooty/Prefabs/D01 Destroyer.prefab
  artifactKey: Guid(224bdfc761dc4f647b471ad79019869e) Importer(815301076,1909f56bfc062723c751e8b465ee728b)
Start importing Assets/SpaceShooty/Prefabs/D01 Destroyer.prefab using Guid(224bdfc761dc4f647b471ad79019869e) Importer(815301076,1909f56bfc062723c751e8b465ee728b) [PhysX] Initialized MultithreadedTaskDispatcher with 16 workers.
 -> (artifact id: '4bba66f05005847d9399f145f60a0fee') in 0.000616 seconds
Number of updated asset objects reloaded before import = 0
Number of asset objects unloaded after import = 0
========================================================================
Received Import Request.
  Time since last request: 36.063739 seconds.
  path: Assets/SpaceShooty/Prefabs/F04 Frigate.prefab
  artifactKey: Guid(4f92f9d7e224fa441914f9520de32dcb) Importer(815301076,1909f56bfc062723c751e8b465ee728b)
Start importing Assets/SpaceShooty/Prefabs/F04 Frigate.prefab using Guid(4f92f9d7e224fa441914f9520de32dcb) Importer(815301076,1909f56bfc062723c751e8b465ee728b) [PhysX] Initialized MultithreadedTaskDispatcher with 16 workers.
 -> (artifact id: 'e48b4bb275739412bf0670f7710c8a2a') in 0.000487 seconds
Number of updated asset objects reloaded before import = 0
Number of asset objects unloaded after import = 0
========================================================================
Received Import Request.
  Time since last request: 0.000012 seconds.
  path: Assets/SpaceShooty/Prefabs/Laser.prefab
  artifactKey: Guid(e048453342c61ae4c8f96605c6bf58e3) Importer(815301076,1909f56bfc062723c751e8b465ee728b)
Start importing Assets/SpaceShooty/Prefabs/Laser.prefab using Guid(e048453342c61ae4c8f96605c6bf58e3) Importer(815301076,1909f56bfc062723c751e8b465ee728b) [PhysX] Initialized MultithreadedTaskDispatcher with 16 workers.
 -> (artifact id: '3cfb68a40eb9d2e3ab9c53f9e87f145b') in 0.000587 seconds
Number of updated asset objects reloaded before import = 0
Number of asset objects unloaded after import = 0
========================================================================
Received Import Request.
  Time since last request: 38.875756 seconds.
  path: Assets/SpaceShooty/Prefabs/D01 Destroyer.prefab
  artifactKey: Guid(224bdfc761dc4f647b471ad79019869e) Importer(815301076,1909f56bfc062723c751e8b465ee728b)
Start importing Assets/SpaceShooty/Prefabs/D01 Destroyer.prefab using Guid(224bdfc761dc4f647b471ad79019869e) Importer(815301076,1909f56bfc062723c751e8b465ee728b) [PhysX] Initialized MultithreadedTaskDispatcher with 16 workers.
 -> (artifact id: '4bba66f05005847d9399f145f60a0fee') in 0.000442 seconds
Number of updated asset objects reloaded before import = 0
Number of asset objects unloaded after import = 0
========================================================================
Received Import Request.
  Time since last request: 0.000018 seconds.
  path: Assets/SpaceShooty/Prefabs/Laser.prefab
  artifactKey: Guid(e048453342c61ae4c8f96605c6bf58e3) Importer(815301076,1909f56bfc062723c751e8b465ee728b)
Start importing Assets/SpaceShooty/Prefabs/Laser.prefab using Guid(e048453342c61ae4c8f96605c6bf58e3) Importer(815301076,1909f56bfc062723c751e8b465ee728b) [PhysX] Initialized MultithreadedTaskDispatcher with 16 workers.
 -> (artifact id: '165f4cecd446fc67df5d098912adc712') in 0.000422 seconds
Number of updated asset objects reloaded before import = 0
Number of asset objects unloaded after import = 0
========================================================================
Received Prepare
Caller must complete domain reload
Begin MonoManager ReloadAssembly
Symbol file LoadedFromMemory is not a mono symbol file
- Loaded All Assemblies, in  0.336 seconds
Native extension for UWP target not found
Native extension for WindowsStandalone target not found
Native extension for Android target not found
Mono: successfully reloaded assembly
- Finished resetting the current domain, in  1.257 seconds
Domain Reload Profiling: 1589ms
	BeginReloadAssembly (107ms)
		ExecutionOrderSort (0ms)
		DisableScriptedObjects (3ms)
		BackupInstance (0ms)
		ReleaseScriptingObjects (0ms)
		CreateAndSetChildDomain (29ms)
	RebuildCommonClasses (19ms)
	RebuildNativeTypeToScriptingClass (6ms)
	initialDomainReloadingComplete (21ms)
	LoadAllAssembliesAndSetupDomain (180ms)
		LoadAssemblies (216ms)
		RebuildTransferFunctionScriptingTraits (0ms)
		AnalyzeDomain (13ms)
			TypeCache.Refresh (4ms)
				TypeCache.ScanAssembly (0ms)
			ScanForSourceGeneratedMonoScriptInfo (0ms)
			ResolveRequiredComponents (8ms)
	FinalizeReload (1257ms)
		ReleaseScriptCaches (0ms)
		RebuildScriptCaches (0ms)
		SetupLoadedEditorAssemblies (488ms)
			LogAssemblyErrors (0ms)
			InitializePlatformSupportModulesInManaged (14ms)
			SetLoadedEditorAssemblies (3ms)
			RefreshPlugins (0ms)
			BeforeProcessingInitializeOnLoad (61ms)
			ProcessInitializeOnLoadAttributes (387ms)
			ProcessInitializeOnLoadMethodAttributes (18ms)
			AfterProcessingInitializeOnLoad (4ms)
			EditorAssembliesLoaded (0ms)
		ExecutionOrderSort2 (0ms)
		AwakeInstancesAfterBackupRestoration (3ms)
Refreshing native plugins compatible for Editor in 7.89 ms, found 3 plugins.
Preloading 0 native plugins for Editor in 0.00 ms.
Unloading 7147 Unused Serialized files (Serialized files now loaded: 0)
Unloading 165 unused Assets / (13.9 MB). Loaded Objects now: 7823.
Memory consumption went from 286.5 MB to 272.6 MB.
Total: 10.423400 ms (FindLiveObjects: 0.783200 ms CreateObjectMapping: 0.334000 ms MarkObjects: 5.863100 ms  DeleteObjects: 3.441500 ms)

Prepare: number of updated asset objects reloaded= 0
AssetImportParameters requested are different than current active one (requested -> active):
  custom:container-demuxer-ogg: 62fdf1f143b41e24485cea50d1cbac27 -> 
  custom:framework-win-MediaFoundation: 216162199b28c13a410421893ffa2e32 -> 
  custom:container-muxer-webm: aa71ff27fc2769a1b78a27578f13a17b -> 
  custom:video-decoder-webm-vp8: 9c59270c3fd7afecdb556c50c9e8de78 -> 
  custom:SearchIndexIgnoredProperties: e643bd26f0fe6173181afceb89e7c659 -> 
  custom:AudioImporter_EditorPlatform: d09bf68614088b80899f8185d706f6e7 -> 
  custom:scripting/monoscript/fileName/BombProjectile.cs: 65aabbd49de39af2881be7d7c73f15e4 -> 
  custom:audio-decoder-ogg-vorbis: bf7c407c2cedff20999df2af8eb42d56 -> 
  custom:scripting/monoscript/fileName/ScatterProjectile.cs: 0a0c2d18a943d724be5e1cdbaa398c43 -> 
  custom:audio-encoder-webm-vorbis: bf7c407c2cedff20999df2af8eb42d56 -> 
  custom:scripting/precompiled-assembly-types:Assembly-CSharp: 054907fc027e02f5cf23e9b75f4beba0 -> 908dbd0385b770e4422d9664615d7c9a
  custom:video-codec-MediaFoundation-h265: 746d11721c4dcdbdad8f713fa42b33f4 -> 
  custom:video-decoder-ogg-theora: a1e56fd34408186e4bbccfd4996cb3dc -> 
  custom:CustomObjectIndexerAttribute: 72b91833f83ae208fae7752999fa3104 -> 
  custom:container-demuxer-webm: 4f35f7cbe854078d1ac9338744f61a02 -> 
  custom:video-encoder-webm-vp8: eb34c28f22e8b96e1ab97ce403110664 -> 
========================================================================
Received Import Request.
  Time since last request: 10.596740 seconds.
  path: Assets/SpaceShooty/Prefabs/Laser.prefab
  artifactKey: Guid(e048453342c61ae4c8f96605c6bf58e3) Importer(815301076,1909f56bfc062723c751e8b465ee728b)
Start importing Assets/SpaceShooty/Prefabs/Laser.prefab using Guid(e048453342c61ae4c8f96605c6bf58e3) Importer(815301076,1909f56bfc062723c751e8b465ee728b) [PhysX] Initialized MultithreadedTaskDispatcher with 16 workers.
 -> (artifact id: '165f4cecd446fc67df5d098912adc712') in 0.015215 seconds
Number of updated asset objects reloaded before import = 0
Number of asset objects unloaded after import = 0
========================================================================
Received Import Request.
  Time since last request: 0.000021 seconds.
  path: Assets/SpaceShooty/Prefabs/C01 Cruiser.prefab
  artifactKey: Guid(98f07bc61f409944fbd3ddc3bb317267) Importer(815301076,1909f56bfc062723c751e8b465ee728b)
Start importing Assets/SpaceShooty/Prefabs/C01 Cruiser.prefab using Guid(98f07bc61f409944fbd3ddc3bb317267) Importer(815301076,1909f56bfc062723c751e8b465ee728b) [PhysX] Initialized MultithreadedTaskDispatcher with 16 workers.
 -> (artifact id: '7ae8b22587db9f85046cfc9577009ab9') in 0.000616 seconds
Number of updated asset objects reloaded before import = 0
Number of asset objects unloaded after import = 0
========================================================================
Received Import Request.
  Time since last request: 0.000577 seconds.
  path: Assets/SpaceShooty/Prefabs/Player.prefab
  artifactKey: Guid(387c11ba2c00af841967d767957917ee) Importer(815301076,1909f56bfc062723c751e8b465ee728b)
Start importing Assets/SpaceShooty/Prefabs/Player.prefab using Guid(387c11ba2c00af841967d767957917ee) Importer(815301076,1909f56bfc062723c751e8b465ee728b) [PhysX] Initialized MultithreadedTaskDispatcher with 16 workers.
 -> (artifact id: '572fa19663ed210098e354bcd209d4e3') in 0.000689 seconds
Number of updated asset objects reloaded before import = 0
Number of asset objects unloaded after import = 0
========================================================================
Received Import Request.
  Time since last request: 0.000028 seconds.
  path: Assets/SpaceShooty/Prefabs/C04 Fighter.prefab
  artifactKey: Guid(055ca939edc25f1458030771f44bab17) Importer(815301076,1909f56bfc062723c751e8b465ee728b)
Start importing Assets/SpaceShooty/Prefabs/C04 Fighter.prefab using Guid(055ca939edc25f1458030771f44bab17) Importer(815301076,1909f56bfc062723c751e8b465ee728b) [PhysX] Initialized MultithreadedTaskDispatcher with 16 workers.
 -> (artifact id: 'f7b570c6d461496dd14b562b17f53841') in 0.000559 seconds
Number of updated asset objects reloaded before import = 0
Number of asset objects unloaded after import = 0
========================================================================
Received Import Request.
  Time since last request: 0.000017 seconds.
  path: Assets/SpaceShooty/Prefabs/F04 Frigate.prefab
  artifactKey: Guid(4f92f9d7e224fa441914f9520de32dcb) Importer(815301076,1909f56bfc062723c751e8b465ee728b)
Start importing Assets/SpaceShooty/Prefabs/F04 Frigate.prefab using Guid(4f92f9d7e224fa441914f9520de32dcb) Importer(815301076,1909f56bfc062723c751e8b465ee728b) [PhysX] Initialized MultithreadedTaskDispatcher with 16 workers.
 -> (artifact id: 'e48b4bb275739412bf0670f7710c8a2a') in 0.000571 seconds
Number of updated asset objects reloaded before import = 0
Number of asset objects unloaded after import = 0
========================================================================
Received Import Request.
  Time since last request: 0.000031 seconds.
  path: Assets/SpaceShooty/Prefabs/D01 Destroyer.prefab
  artifactKey: Guid(224bdfc761dc4f647b471ad79019869e) Importer(815301076,1909f56bfc062723c751e8b465ee728b)
Start importing Assets/SpaceShooty/Prefabs/D01 Destroyer.prefab using Guid(224bdfc761dc4f647b471ad79019869e) Importer(815301076,1909f56bfc062723c751e8b465ee728b) [PhysX] Initialized MultithreadedTaskDispatcher with 16 workers.
 -> (artifact id: '4bba66f05005847d9399f145f60a0fee') in 0.000606 seconds
Number of updated asset objects reloaded before import = 0
Number of asset objects unloaded after import = 0
========================================================================
Received Import Request.
  Time since last request: 14.028708 seconds.
  path: Assets/SpaceShooty/Prefabs/D01 Destroyer.prefab
  artifactKey: Guid(224bdfc761dc4f647b471ad79019869e) Importer(815301076,1909f56bfc062723c751e8b465ee728b)
Start importing Assets/SpaceShooty/Prefabs/D01 Destroyer.prefab using Guid(224bdfc761dc4f647b471ad79019869e) Importer(815301076,1909f56bfc062723c751e8b465ee728b) [PhysX] Initialized MultithreadedTaskDispatcher with 16 workers.
 -> (artifact id: '4bba66f05005847d9399f145f60a0fee') in 0.000489 seconds
Number of updated asset objects reloaded before import = 0
Number of asset objects unloaded after import = 0
========================================================================
Received Import Request.
  Time since last request: 0.000033 seconds.
  path: Assets/SpaceShooty/Prefabs/Laser.prefab
  artifactKey: Guid(e048453342c61ae4c8f96605c6bf58e3) Importer(815301076,1909f56bfc062723c751e8b465ee728b)
Start importing Assets/SpaceShooty/Prefabs/Laser.prefab using Guid(e048453342c61ae4c8f96605c6bf58e3) Importer(815301076,1909f56bfc062723c751e8b465ee728b) [PhysX] Initialized MultithreadedTaskDispatcher with 16 workers.
 -> (artifact id: '165f4cecd446fc67df5d098912adc712') in 0.000472 seconds
Number of updated asset objects reloaded before import = 0
Number of asset objects unloaded after import = 0
========================================================================
Received Import Request.
  Time since last request: 6.750821 seconds.
  path: Assets/SpaceShooty/Prefabs/D01 Destroyer.prefab
  artifactKey: Guid(224bdfc761dc4f647b471ad79019869e) Importer(815301076,1909f56bfc062723c751e8b465ee728b)
Start importing Assets/SpaceShooty/Prefabs/D01 Destroyer.prefab using Guid(224bdfc761dc4f647b471ad79019869e) Importer(815301076,1909f56bfc062723c751e8b465ee728b) [PhysX] Initialized MultithreadedTaskDispatcher with 16 workers.
 -> (artifact id: '4bba66f05005847d9399f145f60a0fee') in 0.000427 seconds
Number of updated asset objects reloaded before import = 0
Number of asset objects unloaded after import = 0
========================================================================
Received Import Request.
  Time since last request: 0.000010 seconds.
  path: Assets/SpaceShooty/Prefabs/Laser.prefab
  artifactKey: Guid(e048453342c61ae4c8f96605c6bf58e3) Importer(815301076,1909f56bfc062723c751e8b465ee728b)
Start importing Assets/SpaceShooty/Prefabs/Laser.prefab using Guid(e048453342c61ae4c8f96605c6bf58e3) Importer(815301076,1909f56bfc062723c751e8b465ee728b) [PhysX] Initialized MultithreadedTaskDispatcher with 16 workers.
 -> (artifact id: 'db1f21b7e12c26fab34e54eb3af01984') in 0.000527 seconds
Number of updated asset objects reloaded before import = 0
Number of asset objects unloaded after import = 0
========================================================================
Received Prepare
Caller must complete domain reload
Begin MonoManager ReloadAssembly
Symbol file LoadedFromMemory is not a mono symbol file
- Loaded All Assemblies, in  0.343 seconds
Native extension for UWP target not found
Native extension for WindowsStandalone target not found
Native extension for Android target not found
Mono: successfully reloaded assembly
- Finished resetting the current domain, in  1.276 seconds
Domain Reload Profiling: 1616ms
	BeginReloadAssembly (108ms)
		ExecutionOrderSort (0ms)
		DisableScriptedObjects (3ms)
		BackupInstance (0ms)
		ReleaseScriptingObjects (0ms)
		CreateAndSetChildDomain (30ms)
	RebuildCommonClasses (23ms)
	RebuildNativeTypeToScriptingClass (6ms)
	initialDomainReloadingComplete (20ms)
	LoadAllAssembliesAndSetupDomain (181ms)
		LoadAssemblies (217ms)
		RebuildTransferFunctionScriptingTraits (0ms)
		AnalyzeDomain (14ms)
			TypeCache.Refresh (4ms)
				TypeCache.ScanAssembly (0ms)
			ScanForSourceGeneratedMonoScriptInfo (0ms)
			ResolveRequiredComponents (8ms)
	FinalizeReload (1276ms)
		ReleaseScriptCaches (0ms)
		RebuildScriptCaches (0ms)
		SetupLoadedEditorAssemblies (493ms)
			LogAssemblyErrors (0ms)
			InitializePlatformSupportModulesInManaged (21ms)
			SetLoadedEditorAssemblies (3ms)
			RefreshPlugins (0ms)
			BeforeProcessingInitializeOnLoad (62ms)
			ProcessInitializeOnLoadAttributes (382ms)
			ProcessInitializeOnLoadMethodAttributes (19ms)
			AfterProcessingInitializeOnLoad (5ms)
			EditorAssembliesLoaded (0ms)
		ExecutionOrderSort2 (0ms)
		AwakeInstancesAfterBackupRestoration (4ms)
Refreshing native plugins compatible for Editor in 8.46 ms, found 3 plugins.
Preloading 0 native plugins for Editor in 0.00 ms.
Unloading 7147 Unused Serialized files (Serialized files now loaded: 0)
Unloading 165 unused Assets / (13.9 MB). Loaded Objects now: 7838.
Memory consumption went from 286.5 MB to 272.6 MB.
Total: 13.994300 ms (FindLiveObjects: 0.766300 ms CreateObjectMapping: 0.466600 ms MarkObjects: 8.955400 ms  DeleteObjects: 3.804600 ms)

Prepare: number of updated asset objects reloaded= 0
AssetImportParameters requested are different than current active one (requested -> active):
  custom:container-demuxer-ogg: 62fdf1f143b41e24485cea50d1cbac27 -> 
  custom:framework-win-MediaFoundation: 216162199b28c13a410421893ffa2e32 -> 
  custom:container-muxer-webm: aa71ff27fc2769a1b78a27578f13a17b -> 
  custom:video-decoder-webm-vp8: 9c59270c3fd7afecdb556c50c9e8de78 -> 
  custom:SearchIndexIgnoredProperties: e643bd26f0fe6173181afceb89e7c659 -> 
  custom:AudioImporter_EditorPlatform: d09bf68614088b80899f8185d706f6e7 -> 
  custom:scripting/monoscript/fileName/BombProjectile.cs: 65aabbd49de39af2881be7d7c73f15e4 -> 
  custom:audio-decoder-ogg-vorbis: bf7c407c2cedff20999df2af8eb42d56 -> 
  custom:scripting/monoscript/fileName/ScatterProjectile.cs: 0a0c2d18a943d724be5e1cdbaa398c43 -> 
  custom:audio-encoder-webm-vorbis: bf7c407c2cedff20999df2af8eb42d56 -> 
  custom:scripting/precompiled-assembly-types:Assembly-CSharp: 054907fc027e02f5cf23e9b75f4beba0 -> 908dbd0385b770e4422d9664615d7c9a
  custom:video-codec-MediaFoundation-h265: 746d11721c4dcdbdad8f713fa42b33f4 -> 
  custom:video-decoder-ogg-theora: a1e56fd34408186e4bbccfd4996cb3dc -> 
  custom:CustomObjectIndexerAttribute: 72b91833f83ae208fae7752999fa3104 -> 
  custom:container-demuxer-webm: 4f35f7cbe854078d1ac9338744f61a02 -> 
  custom:video-encoder-webm-vp8: eb34c28f22e8b96e1ab97ce403110664 -> 
========================================================================
Received Import Request.
  Time since last request: 12.119241 seconds.
  path: Assets/SpaceShooty/Prefabs/Laser.prefab
  artifactKey: Guid(e048453342c61ae4c8f96605c6bf58e3) Importer(815301076,1909f56bfc062723c751e8b465ee728b)
Start importing Assets/SpaceShooty/Prefabs/Laser.prefab using Guid(e048453342c61ae4c8f96605c6bf58e3) Importer(815301076,1909f56bfc062723c751e8b465ee728b) [PhysX] Initialized MultithreadedTaskDispatcher with 16 workers.
 -> (artifact id: 'db1f21b7e12c26fab34e54eb3af01984') in 0.013594 seconds
Number of updated asset objects reloaded before import = 0
Number of asset objects unloaded after import = 0
========================================================================
Received Import Request.
  Time since last request: 0.005914 seconds.
  path: Assets/SpaceShooty/Prefabs/C01 Cruiser.prefab
  artifactKey: Guid(98f07bc61f409944fbd3ddc3bb317267) Importer(815301076,1909f56bfc062723c751e8b465ee728b)
Start importing Assets/SpaceShooty/Prefabs/C01 Cruiser.prefab using Guid(98f07bc61f409944fbd3ddc3bb317267) Importer(815301076,1909f56bfc062723c751e8b465ee728b) [PhysX] Initialized MultithreadedTaskDispatcher with 16 workers.
 -> (artifact id: '7ae8b22587db9f85046cfc9577009ab9') in 0.000609 seconds
Number of updated asset objects reloaded before import = 0
Number of asset objects unloaded after import = 0
========================================================================
Received Import Request.
  Time since last request: 0.007666 seconds.
  path: Assets/SpaceShooty/Prefabs/Player.prefab
  artifactKey: Guid(387c11ba2c00af841967d767957917ee) Importer(815301076,1909f56bfc062723c751e8b465ee728b)
Start importing Assets/SpaceShooty/Prefabs/Player.prefab using Guid(387c11ba2c00af841967d767957917ee) Importer(815301076,1909f56bfc062723c751e8b465ee728b) [PhysX] Initialized MultithreadedTaskDispatcher with 16 workers.
 -> (artifact id: '572fa19663ed210098e354bcd209d4e3') in 0.000725 seconds
Number of updated asset objects reloaded before import = 0
Number of asset objects unloaded after import = 0
========================================================================
Received Import Request.
  Time since last request: 0.000143 seconds.
  path: Assets/SpaceShooty/Prefabs/C04 Fighter.prefab
  artifactKey: Guid(055ca939edc25f1458030771f44bab17) Importer(815301076,1909f56bfc062723c751e8b465ee728b)
Start importing Assets/SpaceShooty/Prefabs/C04 Fighter.prefab using Guid(055ca939edc25f1458030771f44bab17) Importer(815301076,1909f56bfc062723c751e8b465ee728b) [PhysX] Initialized MultithreadedTaskDispatcher with 16 workers.
 -> (artifact id: 'f7b570c6d461496dd14b562b17f53841') in 0.000591 seconds
Number of updated asset objects reloaded before import = 0
Number of asset objects unloaded after import = 0
========================================================================
Received Import Request.
  Time since last request: 0.000470 seconds.
  path: Assets/SpaceShooty/Prefabs/F04 Frigate.prefab
  artifactKey: Guid(4f92f9d7e224fa441914f9520de32dcb) Importer(815301076,1909f56bfc062723c751e8b465ee728b)
Start importing Assets/SpaceShooty/Prefabs/F04 Frigate.prefab using Guid(4f92f9d7e224fa441914f9520de32dcb) Importer(815301076,1909f56bfc062723c751e8b465ee728b) [PhysX] Initialized MultithreadedTaskDispatcher with 16 workers.
 -> (artifact id: 'e48b4bb275739412bf0670f7710c8a2a') in 0.000600 seconds
Number of updated asset objects reloaded before import = 0
Number of asset objects unloaded after import = 0
========================================================================
Received Import Request.
  Time since last request: 0.000175 seconds.
  path: Assets/SpaceShooty/Prefabs/D01 Destroyer.prefab
  artifactKey: Guid(224bdfc761dc4f647b471ad79019869e) Importer(815301076,1909f56bfc062723c751e8b465ee728b)
Start importing Assets/SpaceShooty/Prefabs/D01 Destroyer.prefab using Guid(224bdfc761dc4f647b471ad79019869e) Importer(815301076,1909f56bfc062723c751e8b465ee728b) [PhysX] Initialized MultithreadedTaskDispatcher with 16 workers.
 -> (artifact id: '4bba66f05005847d9399f145f60a0fee') in 0.000600 seconds
Number of updated asset objects reloaded before import = 0
Number of asset objects unloaded after import = 0
========================================================================
Received Import Request.
  Time since last request: 45.988780 seconds.
  path: Assets/SpaceShooty/Prefabs/D01 Destroyer.prefab
  artifactKey: Guid(224bdfc761dc4f647b471ad79019869e) Importer(815301076,1909f56bfc062723c751e8b465ee728b)
Start importing Assets/SpaceShooty/Prefabs/D01 Destroyer.prefab using Guid(224bdfc761dc4f647b471ad79019869e) Importer(815301076,1909f56bfc062723c751e8b465ee728b) [PhysX] Initialized MultithreadedTaskDispatcher with 16 workers.
 -> (artifact id: '4bba66f05005847d9399f145f60a0fee') in 0.000483 seconds
Number of updated asset objects reloaded before import = 0
Number of asset objects unloaded after import = 0
========================================================================
Received Import Request.
  Time since last request: 0.000012 seconds.
  path: Assets/SpaceShooty/Prefabs/Laser.prefab
  artifactKey: Guid(e048453342c61ae4c8f96605c6bf58e3) Importer(815301076,1909f56bfc062723c751e8b465ee728b)
Start importing Assets/SpaceShooty/Prefabs/Laser.prefab using Guid(e048453342c61ae4c8f96605c6bf58e3) Importer(815301076,1909f56bfc062723c751e8b465ee728b) [PhysX] Initialized MultithreadedTaskDispatcher with 16 workers.
 -> (artifact id: 'db1f21b7e12c26fab34e54eb3af01984') in 0.000502 seconds
Number of updated asset objects reloaded before import = 0
Number of asset objects unloaded after import = 0
========================================================================
Received Import Request.
  Time since last request: 0.000013 seconds.
  path: Assets/SpaceShooty/Prefabs/F04 Frigate.prefab
  artifactKey: Guid(4f92f9d7e224fa441914f9520de32dcb) Importer(815301076,1909f56bfc062723c751e8b465ee728b)
Start importing Assets/SpaceShooty/Prefabs/F04 Frigate.prefab using Guid(4f92f9d7e224fa441914f9520de32dcb) Importer(815301076,1909f56bfc062723c751e8b465ee728b) [PhysX] Initialized MultithreadedTaskDispatcher with 16 workers.
 -> (artifact id: 'e48b4bb275739412bf0670f7710c8a2a') in 0.000471 seconds
Number of updated asset objects reloaded before import = 0
Number of asset objects unloaded after import = 0
========================================================================
Received Import Request.
  Time since last request: 41.224419 seconds.
  path: Assets/SpaceShooty/Prefabs/D01 Destroyer.prefab
  artifactKey: Guid(224bdfc761dc4f647b471ad79019869e) Importer(815301076,1909f56bfc062723c751e8b465ee728b)
Start importing Assets/SpaceShooty/Prefabs/D01 Destroyer.prefab using Guid(224bdfc761dc4f647b471ad79019869e) Importer(815301076,1909f56bfc062723c751e8b465ee728b) [PhysX] Initialized MultithreadedTaskDispatcher with 16 workers.
 -> (artifact id: '4bba66f05005847d9399f145f60a0fee') in 0.000470 seconds
Number of updated asset objects reloaded before import = 0
Number of asset objects unloaded after import = 0
========================================================================
Received Import Request.
  Time since last request: 0.000012 seconds.
  path: Assets/SpaceShooty/Prefabs/Laser.prefab
  artifactKey: Guid(e048453342c61ae4c8f96605c6bf58e3) Importer(815301076,1909f56bfc062723c751e8b465ee728b)
Start importing Assets/SpaceShooty/Prefabs/Laser.prefab using Guid(e048453342c61ae4c8f96605c6bf58e3) Importer(815301076,1909f56bfc062723c751e8b465ee728b) [PhysX] Initialized MultithreadedTaskDispatcher with 16 workers.
 -> (artifact id: 'db1f21b7e12c26fab34e54eb3af01984') in 0.000526 seconds
Number of updated asset objects reloaded before import = 0
Number of asset objects unloaded after import = 0
========================================================================
Received Prepare
Caller must complete domain reload
Begin MonoManager ReloadAssembly
Symbol file LoadedFromMemory is not a mono symbol file
- Loaded All Assemblies, in  0.425 seconds
Native extension for UWP target not found
Native extension for WindowsStandalone target not found
Native extension for Android target not found
Mono: successfully reloaded assembly
- Finished resetting the current domain, in  1.413 seconds
Domain Reload Profiling: 1835ms
	BeginReloadAssembly (120ms)
		ExecutionOrderSort (0ms)
		DisableScriptedObjects (3ms)
		BackupInstance (0ms)
		ReleaseScriptingObjects (0ms)
		CreateAndSetChildDomain (36ms)
	RebuildCommonClasses (19ms)
	RebuildNativeTypeToScriptingClass (6ms)
	initialDomainReloadingComplete (24ms)
	LoadAllAssembliesAndSetupDomain (251ms)
		LoadAssemblies (257ms)
		RebuildTransferFunctionScriptingTraits (0ms)
		AnalyzeDomain (45ms)
			TypeCache.Refresh (9ms)
				TypeCache.ScanAssembly (0ms)
			ScanForSourceGeneratedMonoScriptInfo (26ms)
			ResolveRequiredComponents (8ms)
	FinalizeReload (1414ms)
		ReleaseScriptCaches (0ms)
		RebuildScriptCaches (0ms)
		SetupLoadedEditorAssemblies (532ms)
			LogAssemblyErrors (0ms)
			InitializePlatformSupportModulesInManaged (16ms)
			SetLoadedEditorAssemblies (4ms)
			RefreshPlugins (0ms)
			BeforeProcessingInitializeOnLoad (65ms)
			ProcessInitializeOnLoadAttributes (422ms)
			ProcessInitializeOnLoadMethodAttributes (18ms)
			AfterProcessingInitializeOnLoad (6ms)
			EditorAssembliesLoaded (0ms)
		ExecutionOrderSort2 (0ms)
		AwakeInstancesAfterBackupRestoration (4ms)
Refreshing native plugins compatible for Editor in 8.61 ms, found 3 plugins.
Preloading 0 native plugins for Editor in 0.00 ms.
Unloading 7147 Unused Serialized files (Serialized files now loaded: 0)
Unloading 165 unused Assets / (13.9 MB). Loaded Objects now: 7853.
Memory consumption went from 286.5 MB to 272.6 MB.
Total: 19.698700 ms (FindLiveObjects: 0.860900 ms CreateObjectMapping: 0.508500 ms MarkObjects: 14.961800 ms  DeleteObjects: 3.366100 ms)

Prepare: number of updated asset objects reloaded= 0
AssetImportParameters requested are different than current active one (requested -> active):
  custom:container-demuxer-ogg: 62fdf1f143b41e24485cea50d1cbac27 -> 
  custom:framework-win-MediaFoundation: 216162199b28c13a410421893ffa2e32 -> 
  custom:container-muxer-webm: aa71ff27fc2769a1b78a27578f13a17b -> 
  custom:video-decoder-webm-vp8: 9c59270c3fd7afecdb556c50c9e8de78 -> 
  custom:SearchIndexIgnoredProperties: e643bd26f0fe6173181afceb89e7c659 -> 
  custom:AudioImporter_EditorPlatform: d09bf68614088b80899f8185d706f6e7 -> 
  custom:scripting/monoscript/fileName/BombProjectile.cs: 65aabbd49de39af2881be7d7c73f15e4 -> 
  custom:audio-decoder-ogg-vorbis: bf7c407c2cedff20999df2af8eb42d56 -> 
  custom:scripting/monoscript/fileName/ScatterProjectile.cs: 0a0c2d18a943d724be5e1cdbaa398c43 -> 
  custom:audio-encoder-webm-vorbis: bf7c407c2cedff20999df2af8eb42d56 -> 
  custom:scripting/precompiled-assembly-types:Assembly-CSharp: 054907fc027e02f5cf23e9b75f4beba0 -> 908dbd0385b770e4422d9664615d7c9a
  custom:video-codec-MediaFoundation-h265: 746d11721c4dcdbdad8f713fa42b33f4 -> 
  custom:video-decoder-ogg-theora: a1e56fd34408186e4bbccfd4996cb3dc -> 
  custom:CustomObjectIndexerAttribute: 72b91833f83ae208fae7752999fa3104 -> 
  custom:container-demuxer-webm: 4f35f7cbe854078d1ac9338744f61a02 -> 
  custom:video-encoder-webm-vp8: eb34c28f22e8b96e1ab97ce403110664 -> 
========================================================================
Received Prepare
Caller must complete domain reload
Begin MonoManager ReloadAssembly
Symbol file LoadedFromMemory is not a mono symbol file
- Loaded All Assemblies, in  0.331 seconds
Native extension for UWP target not found
Native extension for WindowsStandalone target not found
Native extension for Android target not found
Mono: successfully reloaded assembly
- Finished resetting the current domain, in  1.242 seconds
Domain Reload Profiling: 1571ms
	BeginReloadAssembly (106ms)
		ExecutionOrderSort (0ms)
		DisableScriptedObjects (4ms)
		BackupInstance (0ms)
		ReleaseScriptingObjects (0ms)
		CreateAndSetChildDomain (30ms)
	RebuildCommonClasses (17ms)
	RebuildNativeTypeToScriptingClass (6ms)
	initialDomainReloadingComplete (20ms)
	LoadAllAssembliesAndSetupDomain (179ms)
		LoadAssemblies (212ms)
		RebuildTransferFunctionScriptingTraits (0ms)
		AnalyzeDomain (14ms)
			TypeCache.Refresh (4ms)
				TypeCache.ScanAssembly (0ms)
			ScanForSourceGeneratedMonoScriptInfo (0ms)
			ResolveRequiredComponents (8ms)
	FinalizeReload (1242ms)
		ReleaseScriptCaches (0ms)
		RebuildScriptCaches (0ms)
		SetupLoadedEditorAssemblies (473ms)
			LogAssemblyErrors (0ms)
			InitializePlatformSupportModulesInManaged (15ms)
			SetLoadedEditorAssemblies (3ms)
			RefreshPlugins (0ms)
			BeforeProcessingInitializeOnLoad (63ms)
			ProcessInitializeOnLoadAttributes (369ms)
			ProcessInitializeOnLoadMethodAttributes (17ms)
			AfterProcessingInitializeOnLoad (4ms)
			EditorAssembliesLoaded (0ms)
		ExecutionOrderSort2 (0ms)
		AwakeInstancesAfterBackupRestoration (3ms)
Refreshing native plugins compatible for Editor in 8.75 ms, found 3 plugins.
Preloading 0 native plugins for Editor in 0.00 ms.
Unloading 7148 Unused Serialized files (Serialized files now loaded: 0)
Unloading 165 unused Assets / (13.9 MB). Loaded Objects now: 7868.
Memory consumption went from 286.8 MB to 272.9 MB.
Total: 8.988400 ms (FindLiveObjects: 0.844400 ms CreateObjectMapping: 0.410400 ms MarkObjects: 4.162100 ms  DeleteObjects: 3.570400 ms)

Prepare: number of updated asset objects reloaded= 0
AssetImportParameters requested are different than current active one (requested -> active):
  custom:container-demuxer-ogg: 62fdf1f143b41e24485cea50d1cbac27 -> 
  custom:framework-win-MediaFoundation: 216162199b28c13a410421893ffa2e32 -> 
  custom:container-muxer-webm: aa71ff27fc2769a1b78a27578f13a17b -> 
  custom:video-decoder-webm-vp8: 9c59270c3fd7afecdb556c50c9e8de78 -> 
  custom:SearchIndexIgnoredProperties: e643bd26f0fe6173181afceb89e7c659 -> 
  custom:AudioImporter_EditorPlatform: d09bf68614088b80899f8185d706f6e7 -> 
  custom:scripting/monoscript/fileName/BombProjectile.cs: 65aabbd49de39af2881be7d7c73f15e4 -> 
  custom:audio-decoder-ogg-vorbis: bf7c407c2cedff20999df2af8eb42d56 -> 
  custom:scripting/monoscript/fileName/ScatterProjectile.cs: 0a0c2d18a943d724be5e1cdbaa398c43 -> 
  custom:audio-encoder-webm-vorbis: bf7c407c2cedff20999df2af8eb42d56 -> 
  custom:scripting/precompiled-assembly-types:Assembly-CSharp: 054907fc027e02f5cf23e9b75f4beba0 -> 908dbd0385b770e4422d9664615d7c9a
  custom:video-codec-MediaFoundation-h265: 746d11721c4dcdbdad8f713fa42b33f4 -> 
  custom:video-decoder-ogg-theora: a1e56fd34408186e4bbccfd4996cb3dc -> 
  custom:CustomObjectIndexerAttribute: 72b91833f83ae208fae7752999fa3104 -> 
  custom:container-demuxer-webm: 4f35f7cbe854078d1ac9338744f61a02 -> 
  custom:video-encoder-webm-vp8: eb34c28f22e8b96e1ab97ce403110664 -> 
========================================================================
Received Import Request.
  Time since last request: 11.028212 seconds.
  path: Assets/SpaceShooty/Prefabs/Laser.prefab
  artifactKey: Guid(e048453342c61ae4c8f96605c6bf58e3) Importer(815301076,1909f56bfc062723c751e8b465ee728b)
Start importing Assets/SpaceShooty/Prefabs/Laser.prefab using Guid(e048453342c61ae4c8f96605c6bf58e3) Importer(815301076,1909f56bfc062723c751e8b465ee728b) [PhysX] Initialized MultithreadedTaskDispatcher with 16 workers.
 -> (artifact id: 'db1f21b7e12c26fab34e54eb3af01984') in 0.001728 seconds
Number of updated asset objects reloaded before import = 0
Number of asset objects unloaded after import = 0
========================================================================
Received Import Request.
  Time since last request: 0.003118 seconds.
  path: Assets/SpaceShooty/Prefabs/C01 Cruiser.prefab
  artifactKey: Guid(98f07bc61f409944fbd3ddc3bb317267) Importer(815301076,1909f56bfc062723c751e8b465ee728b)
Start importing Assets/SpaceShooty/Prefabs/C01 Cruiser.prefab using Guid(98f07bc61f409944fbd3ddc3bb317267) Importer(815301076,1909f56bfc062723c751e8b465ee728b) [PhysX] Initialized MultithreadedTaskDispatcher with 16 workers.
 -> (artifact id: '7ae8b22587db9f85046cfc9577009ab9') in 0.000593 seconds
Number of updated asset objects reloaded before import = 0
Number of asset objects unloaded after import = 0
========================================================================
Received Import Request.
  Time since last request: 0.001175 seconds.
  path: Assets/SpaceShooty/Prefabs/Player.prefab
  artifactKey: Guid(387c11ba2c00af841967d767957917ee) Importer(815301076,1909f56bfc062723c751e8b465ee728b)
Start importing Assets/SpaceShooty/Prefabs/Player.prefab using Guid(387c11ba2c00af841967d767957917ee) Importer(815301076,1909f56bfc062723c751e8b465ee728b) [PhysX] Initialized MultithreadedTaskDispatcher with 16 workers.
 -> (artifact id: '572fa19663ed210098e354bcd209d4e3') in 0.000700 seconds
Number of updated asset objects reloaded before import = 0
Number of asset objects unloaded after import = 0
========================================================================
Received Import Request.
  Time since last request: 0.000015 seconds.
  path: Assets/SpaceShooty/Prefabs/C04 Fighter.prefab
  artifactKey: Guid(055ca939edc25f1458030771f44bab17) Importer(815301076,1909f56bfc062723c751e8b465ee728b)
Start importing Assets/SpaceShooty/Prefabs/C04 Fighter.prefab using Guid(055ca939edc25f1458030771f44bab17) Importer(815301076,1909f56bfc062723c751e8b465ee728b) [PhysX] Initialized MultithreadedTaskDispatcher with 16 workers.
 -> (artifact id: 'f7b570c6d461496dd14b562b17f53841') in 0.000564 seconds
Number of updated asset objects reloaded before import = 0
Number of asset objects unloaded after import = 0
========================================================================
Received Import Request.
  Time since last request: 0.000027 seconds.
  path: Assets/SpaceShooty/Prefabs/F04 Frigate.prefab
  artifactKey: Guid(4f92f9d7e224fa441914f9520de32dcb) Importer(815301076,1909f56bfc062723c751e8b465ee728b)
Start importing Assets/SpaceShooty/Prefabs/F04 Frigate.prefab using Guid(4f92f9d7e224fa441914f9520de32dcb) Importer(815301076,1909f56bfc062723c751e8b465ee728b) [PhysX] Initialized MultithreadedTaskDispatcher with 16 workers.
 -> (artifact id: 'e48b4bb275739412bf0670f7710c8a2a') in 0.000575 seconds
Number of updated asset objects reloaded before import = 0
Number of asset objects unloaded after import = 0
========================================================================
Received Import Request.
  Time since last request: 0.000014 seconds.
  path: Assets/SpaceShooty/Prefabs/D01 Destroyer.prefab
  artifactKey: Guid(224bdfc761dc4f647b471ad79019869e) Importer(815301076,1909f56bfc062723c751e8b465ee728b)
Start importing Assets/SpaceShooty/Prefabs/D01 Destroyer.prefab using Guid(224bdfc761dc4f647b471ad79019869e) Importer(815301076,1909f56bfc062723c751e8b465ee728b) [PhysX] Initialized MultithreadedTaskDispatcher with 16 workers.
 -> (artifact id: '4bba66f05005847d9399f145f60a0fee') in 0.000614 seconds
Number of updated asset objects reloaded before import = 0
Number of asset objects unloaded after import = 0
========================================================================
Received Import Request.
  Time since last request: 9.544740 seconds.
  path: Assets/SpaceShooty/Prefabs/D01 Destroyer.prefab
  artifactKey: Guid(224bdfc761dc4f647b471ad79019869e) Importer(815301076,1909f56bfc062723c751e8b465ee728b)
Start importing Assets/SpaceShooty/Prefabs/D01 Destroyer.prefab using Guid(224bdfc761dc4f647b471ad79019869e) Importer(815301076,1909f56bfc062723c751e8b465ee728b) [PhysX] Initialized MultithreadedTaskDispatcher with 16 workers.
 -> (artifact id: '4bba66f05005847d9399f145f60a0fee') in 0.000431 seconds
Number of updated asset objects reloaded before import = 0
Number of asset objects unloaded after import = 0
========================================================================
Received Import Request.
  Time since last request: 0.000010 seconds.
  path: Assets/SpaceShooty/Prefabs/Laser.prefab
  artifactKey: Guid(e048453342c61ae4c8f96605c6bf58e3) Importer(815301076,1909f56bfc062723c751e8b465ee728b)
Start importing Assets/SpaceShooty/Prefabs/Laser.prefab using Guid(e048453342c61ae4c8f96605c6bf58e3) Importer(815301076,1909f56bfc062723c751e8b465ee728b) [PhysX] Initialized MultithreadedTaskDispatcher with 16 workers.
 -> (artifact id: 'db1f21b7e12c26fab34e54eb3af01984') in 0.000508 seconds
Number of updated asset objects reloaded before import = 0
Number of asset objects unloaded after import = 0
========================================================================
Received Import Request.
  Time since last request: 24.564382 seconds.
  path: Assets/SpaceShooty/Prefabs/D01 Destroyer.prefab
  artifactKey: Guid(224bdfc761dc4f647b471ad79019869e) Importer(815301076,1909f56bfc062723c751e8b465ee728b)
Start importing Assets/SpaceShooty/Prefabs/D01 Destroyer.prefab using Guid(224bdfc761dc4f647b471ad79019869e) Importer(815301076,1909f56bfc062723c751e8b465ee728b) [PhysX] Initialized MultithreadedTaskDispatcher with 16 workers.
 -> (artifact id: '4bba66f05005847d9399f145f60a0fee') in 0.000450 seconds
Number of updated asset objects reloaded before import = 0
Number of asset objects unloaded after import = 0
========================================================================
Received Import Request.
  Time since last request: 0.000032 seconds.
  path: Assets/SpaceShooty/Prefabs/Laser.prefab
  artifactKey: Guid(e048453342c61ae4c8f96605c6bf58e3) Importer(815301076,1909f56bfc062723c751e8b465ee728b)
Start importing Assets/SpaceShooty/Prefabs/Laser.prefab using Guid(e048453342c61ae4c8f96605c6bf58e3) Importer(815301076,1909f56bfc062723c751e8b465ee728b) [PhysX] Initialized MultithreadedTaskDispatcher with 16 workers.
 -> (artifact id: 'db1f21b7e12c26fab34e54eb3af01984') in 0.000581 seconds
Number of updated asset objects reloaded before import = 0
Number of asset objects unloaded after import = 0
========================================================================
Received Prepare
Caller must complete domain reload
Begin MonoManager ReloadAssembly
Symbol file LoadedFromMemory is not a mono symbol file
- Loaded All Assemblies, in  0.364 seconds
Native extension for UWP target not found
Native extension for WindowsStandalone target not found
Native extension for Android target not found
Mono: successfully reloaded assembly
- Finished resetting the current domain, in  1.298 seconds
Domain Reload Profiling: 1659ms
	BeginReloadAssembly (114ms)
		ExecutionOrderSort (0ms)
		DisableScriptedObjects (2ms)
		BackupInstance (0ms)
		ReleaseScriptingObjects (0ms)
		CreateAndSetChildDomain (34ms)
	RebuildCommonClasses (19ms)
	RebuildNativeTypeToScriptingClass (7ms)
	initialDomainReloadingComplete (22ms)
	LoadAllAssembliesAndSetupDomain (199ms)
		LoadAssemblies (237ms)
		RebuildTransferFunctionScriptingTraits (0ms)
		AnalyzeDomain (15ms)
			TypeCache.Refresh (5ms)
				TypeCache.ScanAssembly (0ms)
			ScanForSourceGeneratedMonoScriptInfo (0ms)
			ResolveRequiredComponents (8ms)
	FinalizeReload (1298ms)
		ReleaseScriptCaches (0ms)
		RebuildScriptCaches (0ms)
		SetupLoadedEditorAssemblies (480ms)
			LogAssemblyErrors (0ms)
			InitializePlatformSupportModulesInManaged (15ms)
			SetLoadedEditorAssemblies (4ms)
			RefreshPlugins (0ms)
			BeforeProcessingInitializeOnLoad (67ms)
			ProcessInitializeOnLoadAttributes (372ms)
			ProcessInitializeOnLoadMethodAttributes (17ms)
			AfterProcessingInitializeOnLoad (4ms)
			EditorAssembliesLoaded (0ms)
		ExecutionOrderSort2 (0ms)
		AwakeInstancesAfterBackupRestoration (3ms)
Refreshing native plugins compatible for Editor in 8.16 ms, found 3 plugins.
Preloading 0 native plugins for Editor in 0.00 ms.
Unloading 7147 Unused Serialized files (Serialized files now loaded: 0)
Unloading 165 unused Assets / (13.9 MB). Loaded Objects now: 7883.
Memory consumption went from 286.5 MB to 272.6 MB.
Total: 11.402200 ms (FindLiveObjects: 0.885700 ms CreateObjectMapping: 0.561800 ms MarkObjects: 6.652100 ms  DeleteObjects: 3.301400 ms)

Prepare: number of updated asset objects reloaded= 0
AssetImportParameters requested are different than current active one (requested -> active):
  custom:container-demuxer-ogg: 62fdf1f143b41e24485cea50d1cbac27 -> 
  custom:framework-win-MediaFoundation: 216162199b28c13a410421893ffa2e32 -> 
  custom:container-muxer-webm: aa71ff27fc2769a1b78a27578f13a17b -> 
  custom:video-decoder-webm-vp8: 9c59270c3fd7afecdb556c50c9e8de78 -> 
  custom:SearchIndexIgnoredProperties: e643bd26f0fe6173181afceb89e7c659 -> 
  custom:AudioImporter_EditorPlatform: d09bf68614088b80899f8185d706f6e7 -> 
  custom:scripting/monoscript/fileName/BombProjectile.cs: 65aabbd49de39af2881be7d7c73f15e4 -> 
  custom:audio-decoder-ogg-vorbis: bf7c407c2cedff20999df2af8eb42d56 -> 
  custom:scripting/monoscript/fileName/ScatterProjectile.cs: 0a0c2d18a943d724be5e1cdbaa398c43 -> 
  custom:audio-encoder-webm-vorbis: bf7c407c2cedff20999df2af8eb42d56 -> 
  custom:scripting/precompiled-assembly-types:Assembly-CSharp: 054907fc027e02f5cf23e9b75f4beba0 -> 908dbd0385b770e4422d9664615d7c9a
  custom:video-codec-MediaFoundation-h265: 746d11721c4dcdbdad8f713fa42b33f4 -> 
  custom:video-decoder-ogg-theora: a1e56fd34408186e4bbccfd4996cb3dc -> 
  custom:CustomObjectIndexerAttribute: 72b91833f83ae208fae7752999fa3104 -> 
  custom:container-demuxer-webm: 4f35f7cbe854078d1ac9338744f61a02 -> 
  custom:video-encoder-webm-vp8: eb34c28f22e8b96e1ab97ce403110664 -> 
========================================================================
Received Import Request.
  Time since last request: 5.961777 seconds.
  path: Assets/SpaceShooty/Prefabs/Laser.prefab
  artifactKey: Guid(e048453342c61ae4c8f96605c6bf58e3) Importer(815301076,1909f56bfc062723c751e8b465ee728b)
Start importing Assets/SpaceShooty/Prefabs/Laser.prefab using Guid(e048453342c61ae4c8f96605c6bf58e3) Importer(815301076,1909f56bfc062723c751e8b465ee728b) [PhysX] Initialized MultithreadedTaskDispatcher with 16 workers.
 -> (artifact id: 'db1f21b7e12c26fab34e54eb3af01984') in 0.001874 seconds
Number of updated asset objects reloaded before import = 0
Number of asset objects unloaded after import = 0
========================================================================
Received Import Request.
  Time since last request: 0.001100 seconds.
  path: Assets/SpaceShooty/Prefabs/C01 Cruiser.prefab
  artifactKey: Guid(98f07bc61f409944fbd3ddc3bb317267) Importer(815301076,1909f56bfc062723c751e8b465ee728b)
Start importing Assets/SpaceShooty/Prefabs/C01 Cruiser.prefab using Guid(98f07bc61f409944fbd3ddc3bb317267) Importer(815301076,1909f56bfc062723c751e8b465ee728b) [PhysX] Initialized MultithreadedTaskDispatcher with 16 workers.
 -> (artifact id: '7ae8b22587db9f85046cfc9577009ab9') in 0.000600 seconds
Number of updated asset objects reloaded before import = 0
Number of asset objects unloaded after import = 0
========================================================================
Received Import Request.
  Time since last request: 0.000113 seconds.
  path: Assets/SpaceShooty/Prefabs/Player.prefab
  artifactKey: Guid(387c11ba2c00af841967d767957917ee) Importer(815301076,1909f56bfc062723c751e8b465ee728b)
Start importing Assets/SpaceShooty/Prefabs/Player.prefab using Guid(387c11ba2c00af841967d767957917ee) Importer(815301076,1909f56bfc062723c751e8b465ee728b) [PhysX] Initialized MultithreadedTaskDispatcher with 16 workers.
 -> (artifact id: '572fa19663ed210098e354bcd209d4e3') in 0.000751 seconds
Number of updated asset objects reloaded before import = 0
Number of asset objects unloaded after import = 0
========================================================================
Received Import Request.
  Time since last request: 0.000157 seconds.
  path: Assets/SpaceShooty/Prefabs/C04 Fighter.prefab
  artifactKey: Guid(055ca939edc25f1458030771f44bab17) Importer(815301076,1909f56bfc062723c751e8b465ee728b)
Start importing Assets/SpaceShooty/Prefabs/C04 Fighter.prefab using Guid(055ca939edc25f1458030771f44bab17) Importer(815301076,1909f56bfc062723c751e8b465ee728b) [PhysX] Initialized MultithreadedTaskDispatcher with 16 workers.
 -> (artifact id: 'f7b570c6d461496dd14b562b17f53841') in 0.000699 seconds
Number of updated asset objects reloaded before import = 0
Number of asset objects unloaded after import = 0
========================================================================
Received Import Request.
  Time since last request: 0.003248 seconds.
  path: Assets/SpaceShooty/Prefabs/F04 Frigate.prefab
  artifactKey: Guid(4f92f9d7e224fa441914f9520de32dcb) Importer(815301076,1909f56bfc062723c751e8b465ee728b)
Start importing Assets/SpaceShooty/Prefabs/F04 Frigate.prefab using Guid(4f92f9d7e224fa441914f9520de32dcb) Importer(815301076,1909f56bfc062723c751e8b465ee728b) [PhysX] Initialized MultithreadedTaskDispatcher with 16 workers.
 -> (artifact id: 'e48b4bb275739412bf0670f7710c8a2a') in 0.000617 seconds
Number of updated asset objects reloaded before import = 0
Number of asset objects unloaded after import = 0
========================================================================
Received Import Request.
  Time since last request: 0.000014 seconds.
  path: Assets/SpaceShooty/Prefabs/D01 Destroyer.prefab
  artifactKey: Guid(224bdfc761dc4f647b471ad79019869e) Importer(815301076,1909f56bfc062723c751e8b465ee728b)
Start importing Assets/SpaceShooty/Prefabs/D01 Destroyer.prefab using Guid(224bdfc761dc4f647b471ad79019869e) Importer(815301076,1909f56bfc062723c751e8b465ee728b) [PhysX] Initialized MultithreadedTaskDispatcher with 16 workers.
 -> (artifact id: '4bba66f05005847d9399f145f60a0fee') in 0.000625 seconds
Number of updated asset objects reloaded before import = 0
Number of asset objects unloaded after import = 0
========================================================================
Received Import Request.
  Time since last request: 4.889187 seconds.
  path: Assets/SpaceShooty/Prefabs/D01 Destroyer.prefab
  artifactKey: Guid(224bdfc761dc4f647b471ad79019869e) Importer(815301076,1909f56bfc062723c751e8b465ee728b)
Start importing Assets/SpaceShooty/Prefabs/D01 Destroyer.prefab using Guid(224bdfc761dc4f647b471ad79019869e) Importer(815301076,1909f56bfc062723c751e8b465ee728b) [PhysX] Initialized MultithreadedTaskDispatcher with 16 workers.
 -> (artifact id: '4bba66f05005847d9399f145f60a0fee') in 0.000496 seconds
Number of updated asset objects reloaded before import = 0
Number of asset objects unloaded after import = 0
========================================================================
Received Import Request.
  Time since last request: 0.000010 seconds.
  path: Assets/SpaceShooty/Prefabs/Player.prefab
  artifactKey: Guid(387c11ba2c00af841967d767957917ee) Importer(815301076,1909f56bfc062723c751e8b465ee728b)
Start importing Assets/SpaceShooty/Prefabs/Player.prefab using Guid(387c11ba2c00af841967d767957917ee) Importer(815301076,1909f56bfc062723c751e8b465ee728b) [PhysX] Initialized MultithreadedTaskDispatcher with 16 workers.
 -> (artifact id: '572fa19663ed210098e354bcd209d4e3') in 0.000477 seconds
Number of updated asset objects reloaded before import = 0
Number of asset objects unloaded after import = 0
Editor requested this worker to shutdown with reason: Scaling down because of idle timeout
TcpMessagingSession - receive error: operation aborted. errorcode: 995, details: The I/O operation has been aborted because of either a thread exit or an application request.
AssetImportWorker is now disconnected from the server
Process exiting
Exiting without the bug reporter. Application will terminate with return code 0